Loading parameters
/opt/homebrew/anaconda3/envs/biochemcore/lib/python3.11/site-packages/openmm/app/charmmparameterset.py:391: UserWarning: Replacing dihedral <DihedralType: k=0.2; phase=180.0; per=3> with <DihedralType: k=0.3; phase=0.0; per=3>
  warnings.warn('Replacing dihedral %r with %r' %
/opt/homebrew/anaconda3/envs/biochemcore/lib/python3.11/site-packages/openmm/app/charmmparameterset.py:391: UserWarning: Replacing dihedral <DihedralType: k=0.2; phase=0.0; per=3> with <DihedralType: k=0.195; phase=0.0; per=3>
  warnings.warn('Replacing dihedral %r with %r' %
/opt/homebrew/anaconda3/envs/biochemcore/lib/python3.11/site-packages/openmm/app/charmmparameterset.py:391: UserWarning: Replacing dihedral <DihedralType: k=0.44; phase=180.0; per=3> with <DihedralType: k=0.195; phase=0.0; per=3>
  warnings.warn('Replacing dihedral %r with %r' %
/opt/homebrew/anaconda3/envs/biochemcore/lib/python3.11/site-packages/openmm/app/charmmparameterset.py:391: UserWarning: Replacing dihedral <DihedralType: k=0.85; phase=180.0; per=3> with <DihedralType: k=0.04; phase=0.0; per=3>
  warnings.warn('Replacing dihedral %r with %r' %
/opt/homebrew/anaconda3/envs/biochemcore/lib/python3.11/site-packages/openmm/app/charmmparameterset.py:391: UserWarning: Replacing dihedral <DihedralType: k=0.3; phase=0.0; per=3> with <DihedralType: k=0.8; phase=0.0; per=3>
  warnings.warn('Replacing dihedral %r with %r' %
/opt/homebrew/anaconda3/envs/biochemcore/lib/python3.11/site-packages/openmm/app/charmmparameterset.py:391: UserWarning: Replacing dihedral <DihedralType: k=0.82; phase=0.0; per=1> with <DihedralType: k=0.14; phase=180.0; per=1>
  warnings.warn('Replacing dihedral %r with %r' %
/opt/homebrew/anaconda3/envs/biochemcore/lib/python3.11/site-packages/openmm/app/charmmparameterset.py:391: UserWarning: Replacing dihedral <DihedralType: k=0.0; phase=0.0; per=2> with <DihedralType: k=0.17; phase=0.0; per=2>
  warnings.warn('Replacing dihedral %r with %r' %
/opt/homebrew/anaconda3/envs/biochemcore/lib/python3.11/site-packages/openmm/app/charmmparameterset.py:391: UserWarning: Replacing dihedral <DihedralType: k=0.5; phase=0.0; per=3> with <DihedralType: k=0.05; phase=180.0; per=3>
  warnings.warn('Replacing dihedral %r with %r' %
/opt/homebrew/anaconda3/envs/biochemcore/lib/python3.11/site-packages/openmm/app/charmmparameterset.py:391: UserWarning: Replacing dihedral <DihedralType: k=0.33; phase=180.0; per=3> with <DihedralType: k=0.2; phase=0.0; per=3>
  warnings.warn('Replacing dihedral %r with %r' %
/opt/homebrew/anaconda3/envs/biochemcore/lib/python3.11/site-packages/openmm/app/charmmparameterset.py:391: UserWarning: Replacing dihedral <DihedralType: k=0.2; phase=180.0; per=2> with <DihedralType: k=0.4; phase=180.0; per=2>
  warnings.warn('Replacing dihedral %r with %r' %
/opt/homebrew/anaconda3/envs/biochemcore/lib/python3.11/site-packages/openmm/app/charmmparameterset.py:391: UserWarning: Replacing dihedral <DihedralType: k=0.59; phase=0.0; per=3> with <DihedralType: k=0.2; phase=0.0; per=3>
  warnings.warn('Replacing dihedral %r with %r' %
/opt/homebrew/anaconda3/envs/biochemcore/lib/python3.11/site-packages/openmm/app/charmmparameterset.py:391: UserWarning: Replacing dihedral <DihedralType: k=0.07; phase=180.0; per=6> with <DihedralType: k=0.0; phase=180.0; per=6>
  warnings.warn('Replacing dihedral %r with %r' %
/opt/homebrew/anaconda3/envs/biochemcore/lib/python3.11/site-packages/openmm/app/charmmparameterset.py:391: UserWarning: Replacing dihedral <DihedralType: k=0.0; phase=0.0; per=3> with <DihedralType: k=0.0; phase=180.0; per=3>
  warnings.warn('Replacing dihedral %r with %r' %
/opt/homebrew/anaconda3/envs/biochemcore/lib/python3.11/site-packages/openmm/app/charmmparameterset.py:391: UserWarning: Replacing dihedral <DihedralType: k=0.29; phase=0.0; per=3> with <DihedralType: k=0.6; phase=180.0; per=3>
  warnings.warn('Replacing dihedral %r with %r' %
/opt/homebrew/anaconda3/envs/biochemcore/lib/python3.11/site-packages/openmm/app/charmmparameterset.py:391: UserWarning: Replacing dihedral <DihedralType: k=1.21; phase=180.0; per=1> with <DihedralType: k=1.9; phase=180.0; per=1>
  warnings.warn('Replacing dihedral %r with %r' %
/opt/homebrew/anaconda3/envs/biochemcore/lib/python3.11/site-packages/openmm/app/charmmparameterset.py:391: UserWarning: Replacing dihedral <DihedralType: k=0.02; phase=0.0; per=2> with <DihedralType: k=0.4; phase=180.0; per=2>
  warnings.warn('Replacing dihedral %r with %r' %
/opt/homebrew/anaconda3/envs/biochemcore/lib/python3.11/site-packages/openmm/app/charmmparameterset.py:391: UserWarning: Replacing dihedral <DihedralType: k=0.82; phase=0.0; per=2> with <DihedralType: k=1.5; phase=0.0; per=2>
  warnings.warn('Replacing dihedral %r with %r' %
/opt/homebrew/anaconda3/envs/biochemcore/lib/python3.11/site-packages/openmm/app/charmmparameterset.py:391: UserWarning: Replacing dihedral <DihedralType: k=1.42; phase=180.0; per=1> with <DihedralType: k=2.5; phase=180.0; per=1>
  warnings.warn('Replacing dihedral %r with %r' %
/opt/homebrew/anaconda3/envs/biochemcore/lib/python3.11/site-packages/openmm/app/charmmparameterset.py:391: UserWarning: Replacing dihedral <DihedralType: k=1.02; phase=0.0; per=3> with <DihedralType: k=0.5; phase=0.0; per=3>
  warnings.warn('Replacing dihedral %r with %r' %
/opt/homebrew/anaconda3/envs/biochemcore/lib/python3.11/site-packages/openmm/app/charmmparameterset.py:391: UserWarning: Replacing dihedral <DihedralType: k=0.28; phase=0.0; per=3> with <DihedralType: k=0.2; phase=0.0; per=3>
  warnings.warn('Replacing dihedral %r with %r' %
/opt/homebrew/anaconda3/envs/biochemcore/lib/python3.11/site-packages/openmm/app/charmmparameterset.py:391: UserWarning: Replacing dihedral <DihedralType: k=2.0; phase=0.0; per=1> with <DihedralType: k=2.5; phase=180.0; per=1>
  warnings.warn('Replacing dihedral %r with %r' %
/opt/homebrew/anaconda3/envs/biochemcore/lib/python3.11/site-packages/openmm/app/charmmparameterset.py:391: UserWarning: Replacing dihedral <DihedralType: k=1.8; phase=0.0; per=2> with <DihedralType: k=1.5; phase=0.0; per=2>
  warnings.warn('Replacing dihedral %r with %r' %
/opt/homebrew/anaconda3/envs/biochemcore/lib/python3.11/site-packages/openmm/app/charmmparameterset.py:391: UserWarning: Replacing dihedral <DihedralType: k=1.3; phase=0.0; per=3> with <DihedralType: k=0.1; phase=0.0; per=3>
  warnings.warn('Replacing dihedral %r with %r' %
/opt/homebrew/anaconda3/envs/biochemcore/lib/python3.11/site-packages/openmm/app/charmmparameterset.py:391: UserWarning: Replacing dihedral <DihedralType: k=0.5; phase=0.0; per=3> with <DihedralType: k=0.16; phase=0.0; per=3>
  warnings.warn('Replacing dihedral %r with %r' %
/opt/homebrew/anaconda3/envs/biochemcore/lib/python3.11/site-packages/openmm/app/charmmparameterset.py:391: UserWarning: Replacing dihedral <DihedralType: k=0.2; phase=0.0; per=3> with <DihedralType: k=0.8; phase=0.0; per=3>
  warnings.warn('Replacing dihedral %r with %r' %
/opt/homebrew/anaconda3/envs/biochemcore/lib/python3.11/site-packages/openmm/app/charmmparameterset.py:391: UserWarning: Replacing dihedral <DihedralType: k=0.07; phase=0.0; per=3> with <DihedralType: k=0.065; phase=0.0; per=3>
  warnings.warn('Replacing dihedral %r with %r' %
/opt/homebrew/anaconda3/envs/biochemcore/lib/python3.11/site-packages/openmm/app/charmmparameterset.py:391: UserWarning: Replacing dihedral <DihedralType: k=0.28; phase=0.0; per=3> with <DihedralType: k=0.284; phase=0.0; per=3>
  warnings.warn('Replacing dihedral %r with %r' %
/opt/homebrew/anaconda3/envs/biochemcore/lib/python3.11/site-packages/openmm/app/charmmparameterset.py:391: UserWarning: Replacing dihedral <DihedralType: k=1.17; phase=180.0; per=2> with <DihedralType: k=1.7; phase=0.0; per=2>
  warnings.warn('Replacing dihedral %r with %r' %
/opt/homebrew/anaconda3/envs/biochemcore/lib/python3.11/site-packages/openmm/app/charmmparameterset.py:391: UserWarning: Replacing dihedral <DihedralType: k=0.03; phase=180.0; per=3> with <DihedralType: k=0.3; phase=0.0; per=3>
  warnings.warn('Replacing dihedral %r with %r' %
/opt/homebrew/anaconda3/envs/biochemcore/lib/python3.11/site-packages/openmm/app/charmmparameterset.py:391: UserWarning: Replacing dihedral <DihedralType: k=0.16; phase=180.0; per=2> with <DihedralType: k=0.55; phase=180.0; per=2>
  warnings.warn('Replacing dihedral %r with %r' %
/opt/homebrew/anaconda3/envs/biochemcore/lib/python3.11/site-packages/openmm/app/charmmparameterset.py:391: UserWarning: Replacing dihedral <DihedralType: k=0.8; phase=180.0; per=1> with <DihedralType: k=2.5; phase=180.0; per=1>
  warnings.warn('Replacing dihedral %r with %r' %
/opt/homebrew/anaconda3/envs/biochemcore/lib/python3.11/site-packages/openmm/app/charmmparameterset.py:391: UserWarning: Replacing dihedral <DihedralType: k=0.5; phase=0.0; per=2> with <DihedralType: k=1.5; phase=0.0; per=2>
  warnings.warn('Replacing dihedral %r with %r' %
/opt/homebrew/anaconda3/envs/biochemcore/lib/python3.11/site-packages/openmm/app/charmmparameterset.py:391: UserWarning: Replacing dihedral <DihedralType: k=0.7; phase=0.0; per=3> with <DihedralType: k=0.5; phase=0.0; per=3>
  warnings.warn('Replacing dihedral %r with %r' %
/opt/homebrew/anaconda3/envs/biochemcore/lib/python3.11/site-packages/openmm/app/charmmparameterset.py:391: UserWarning: Replacing dihedral <DihedralType: k=0.07; phase=180.0; per=3> with <DihedralType: k=0.065; phase=180.0; per=3>
  warnings.warn('Replacing dihedral %r with %r' %
/opt/homebrew/anaconda3/envs/biochemcore/lib/python3.11/site-packages/openmm/app/charmmparameterset.py:391: UserWarning: Replacing dihedral <DihedralType: k=1.3; phase=180.0; per=3> with <DihedralType: k=0.195; phase=0.0; per=3>
  warnings.warn('Replacing dihedral %r with %r' %
/opt/homebrew/anaconda3/envs/biochemcore/lib/python3.11/site-packages/openmm/app/charmmparameterset.py:391: UserWarning: Replacing dihedral <DihedralType: k=0.14; phase=180.0; per=3> with <DihedralType: k=0.8; phase=0.0; per=3>
  warnings.warn('Replacing dihedral %r with %r' %
/opt/homebrew/anaconda3/envs/biochemcore/lib/python3.11/site-packages/openmm/app/charmmparameterset.py:391: UserWarning: Replacing dihedral <DihedralType: k=0.3; phase=0.0; per=3> with <DihedralType: k=0.16; phase=0.0; per=3>
  warnings.warn('Replacing dihedral %r with %r' %
/opt/homebrew/anaconda3/envs/biochemcore/lib/python3.11/site-packages/openmm/app/charmmparameterset.py:391: UserWarning: Replacing dihedral <DihedralType: k=0.08; phase=180.0; per=1> with <DihedralType: k=0.0; phase=0.0; per=1>
  warnings.warn('Replacing dihedral %r with %r' %
/opt/homebrew/anaconda3/envs/biochemcore/lib/python3.11/site-packages/openmm/app/charmmparameterset.py:391: UserWarning: Replacing dihedral <DihedralType: k=0.02; phase=0.0; per=2> with <DihedralType: k=1.5; phase=0.0; per=2>
  warnings.warn('Replacing dihedral %r with %r' %
/opt/homebrew/anaconda3/envs/biochemcore/lib/python3.11/site-packages/openmm/app/charmmparameterset.py:391: UserWarning: Replacing dihedral <DihedralType: k=2.28; phase=180.0; per=3> with <DihedralType: k=0.5; phase=0.0; per=3>
  warnings.warn('Replacing dihedral %r with %r' %
/opt/homebrew/anaconda3/envs/biochemcore/lib/python3.11/site-packages/openmm/app/charmmparameterset.py:391: UserWarning: Replacing dihedral <DihedralType: k=0.24; phase=0.0; per=1> with <DihedralType: k=2.5; phase=180.0; per=1>
  warnings.warn('Replacing dihedral %r with %r' %
/opt/homebrew/anaconda3/envs/biochemcore/lib/python3.11/site-packages/openmm/app/charmmparameterset.py:391: UserWarning: Replacing dihedral <DihedralType: k=0.03; phase=0.0; per=3> with <DihedralType: k=0.1; phase=0.0; per=3>
  warnings.warn('Replacing dihedral %r with %r' %
/opt/homebrew/anaconda3/envs/biochemcore/lib/python3.11/site-packages/openmm/app/charmmparameterset.py:391: UserWarning: Replacing dihedral <DihedralType: k=4.59; phase=0.0; per=1> with <DihedralType: k=0.6; phase=0.0; per=1>
  warnings.warn('Replacing dihedral %r with %r' %
/opt/homebrew/anaconda3/envs/biochemcore/lib/python3.11/site-packages/openmm/app/charmmparameterset.py:391: UserWarning: Replacing dihedral <DihedralType: k=0.62; phase=0.0; per=3> with <DihedralType: k=0.3; phase=0.0; per=3>
  warnings.warn('Replacing dihedral %r with %r' %
/opt/homebrew/anaconda3/envs/biochemcore/lib/python3.11/site-packages/openmm/app/charmmparameterset.py:391: UserWarning: Replacing dihedral <DihedralType: k=2.23; phase=0.0; per=1> with <DihedralType: k=0.3; phase=0.0; per=1>
  warnings.warn('Replacing dihedral %r with %r' %
/opt/homebrew/anaconda3/envs/biochemcore/lib/python3.11/site-packages/openmm/app/charmmparameterset.py:391: UserWarning: Replacing dihedral <DihedralType: k=0.86; phase=0.0; per=2> with <DihedralType: k=0.55; phase=180.0; per=2>
  warnings.warn('Replacing dihedral %r with %r' %
/opt/homebrew/anaconda3/envs/biochemcore/lib/python3.11/site-packages/openmm/app/charmmparameterset.py:391: UserWarning: Replacing dihedral <DihedralType: k=0.8; phase=0.0; per=3> with <DihedralType: k=0.2; phase=0.0; per=3>
  warnings.warn('Replacing dihedral %r with %r' %
/opt/homebrew/anaconda3/envs/biochemcore/lib/python3.11/site-packages/openmm/app/charmmparameterset.py:391: UserWarning: Replacing dihedral <DihedralType: k=4.99; phase=180.0; per=1> with <DihedralType: k=0.0; phase=0.0; per=1>
  warnings.warn('Replacing dihedral %r with %r' %
/opt/homebrew/anaconda3/envs/biochemcore/lib/python3.11/site-packages/openmm/app/charmmparameterset.py:391: UserWarning: Replacing dihedral <DihedralType: k=0.3; phase=0.0; per=3> with <DihedralType: k=0.1; phase=0.0; per=3>
  warnings.warn('Replacing dihedral %r with %r' %
/opt/homebrew/anaconda3/envs/biochemcore/lib/python3.11/site-packages/openmm/app/charmmparameterset.py:391: UserWarning: Replacing dihedral <DihedralType: k=1.66; phase=180.0; per=2> with <DihedralType: k=1.025; phase=180.0; per=2>
  warnings.warn('Replacing dihedral %r with %r' %
/opt/homebrew/anaconda3/envs/biochemcore/lib/python3.11/site-packages/openmm/app/charmmparameterset.py:391: UserWarning: Replacing dihedral <DihedralType: k=0.0; phase=0.0; per=3> with <DihedralType: k=0.42; phase=0.0; per=3>
  warnings.warn('Replacing dihedral %r with %r' %
/opt/homebrew/anaconda3/envs/biochemcore/lib/python3.11/site-packages/openmm/app/charmmparameterset.py:391: UserWarning: Replacing dihedral <DihedralType: k=0.97; phase=180.0; per=1> with <DihedralType: k=0.975; phase=180.0; per=1>
  warnings.warn('Replacing dihedral %r with %r' %
/opt/homebrew/anaconda3/envs/biochemcore/lib/python3.11/site-packages/openmm/app/charmmparameterset.py:391: UserWarning: Replacing dihedral <DihedralType: k=1.0; phase=180.0; per=2> with <DihedralType: k=0.0; phase=0.0; per=2>
  warnings.warn('Replacing dihedral %r with %r' %
/opt/homebrew/anaconda3/envs/biochemcore/lib/python3.11/site-packages/openmm/app/charmmparameterset.py:391: UserWarning: Replacing dihedral <DihedralType: k=0.64; phase=180.0; per=1> with <DihedralType: k=0.4; phase=0.0; per=1>
  warnings.warn('Replacing dihedral %r with %r' %
/opt/homebrew/anaconda3/envs/biochemcore/lib/python3.11/site-packages/openmm/app/charmmparameterset.py:391: UserWarning: Replacing dihedral <DihedralType: k=0.31; phase=180.0; per=1> with <DihedralType: k=0.0; phase=0.0; per=1>
  warnings.warn('Replacing dihedral %r with %r' %
/opt/homebrew/anaconda3/envs/biochemcore/lib/python3.11/site-packages/openmm/app/charmmparameterset.py:391: UserWarning: Replacing dihedral <DihedralType: k=0.85; phase=0.0; per=3> with <DihedralType: k=2.31; phase=180.0; per=3>
  warnings.warn('Replacing dihedral %r with %r' %
/opt/homebrew/anaconda3/envs/biochemcore/lib/python3.11/site-packages/openmm/app/charmmparameterset.py:391: UserWarning: Replacing dihedral <DihedralType: k=2.21; phase=0.0; per=3> with <DihedralType: k=0.0; phase=0.0; per=3>
  warnings.warn('Replacing dihedral %r with %r' %
/opt/homebrew/anaconda3/envs/biochemcore/lib/python3.11/site-packages/openmm/app/charmmparameterset.py:391: UserWarning: Replacing dihedral <DihedralType: k=0.0; phase=180.0; per=2> with <DihedralType: k=15.0; phase=180.0; per=2>
  warnings.warn('Replacing dihedral %r with %r' %
/opt/homebrew/anaconda3/envs/biochemcore/lib/python3.11/site-packages/openmm/app/charmmparameterset.py:391: UserWarning: Replacing dihedral <DihedralType: k=1.33; phase=180.0; per=2> with <DihedralType: k=1.025; phase=180.0; per=2>
  warnings.warn('Replacing dihedral %r with %r' %
/opt/homebrew/anaconda3/envs/biochemcore/lib/python3.11/site-packages/openmm/app/charmmparameterset.py:391: UserWarning: Replacing dihedral <DihedralType: k=7.81; phase=180.0; per=1> with <DihedralType: k=0.6; phase=0.0; per=1>
  warnings.warn('Replacing dihedral %r with %r' %
/opt/homebrew/anaconda3/envs/biochemcore/lib/python3.11/site-packages/openmm/app/charmmparameterset.py:391: UserWarning: Replacing dihedral <DihedralType: k=0.33; phase=0.0; per=1> with <DihedralType: k=1.0; phase=180.0; per=1>
  warnings.warn('Replacing dihedral %r with %r' %
/opt/homebrew/anaconda3/envs/biochemcore/lib/python3.11/site-packages/openmm/app/charmmparameterset.py:391: UserWarning: Replacing dihedral <DihedralType: k=0.17; phase=0.0; per=2> with <DihedralType: k=0.1; phase=0.0; per=2>
  warnings.warn('Replacing dihedral %r with %r' %
/opt/homebrew/anaconda3/envs/biochemcore/lib/python3.11/site-packages/openmm/app/charmmparameterset.py:391: UserWarning: Replacing dihedral <DihedralType: k=1.07; phase=0.0; per=3> with <DihedralType: k=0.3; phase=180.0; per=3>
  warnings.warn('Replacing dihedral %r with %r' %
/opt/homebrew/anaconda3/envs/biochemcore/lib/python3.11/site-packages/openmm/app/charmmparameterset.py:391: UserWarning: Replacing dihedral <DihedralType: k=0.89; phase=0.0; per=4> with <DihedralType: k=0.2; phase=0.0; per=4>
  warnings.warn('Replacing dihedral %r with %r' %
/opt/homebrew/anaconda3/envs/biochemcore/lib/python3.11/site-packages/openmm/app/charmmparameterset.py:391: UserWarning: Replacing dihedral <DihedralType: k=0.59; phase=180.0; per=1> with <DihedralType: k=0.0; phase=0.0; per=1>
  warnings.warn('Replacing dihedral %r with %r' %
/opt/homebrew/anaconda3/envs/biochemcore/lib/python3.11/site-packages/openmm/app/charmmparameterset.py:391: UserWarning: Replacing dihedral <DihedralType: k=0.58; phase=180.0; per=2> with <DihedralType: k=2.5; phase=180.0; per=2>
  warnings.warn('Replacing dihedral %r with %r' %
/opt/homebrew/anaconda3/envs/biochemcore/lib/python3.11/site-packages/openmm/app/charmmparameterset.py:391: UserWarning: Replacing dihedral <DihedralType: k=1.65; phase=180.0; per=2> with <DihedralType: k=2.5; phase=180.0; per=2>
  warnings.warn('Replacing dihedral %r with %r' %
/opt/homebrew/anaconda3/envs/biochemcore/lib/python3.11/site-packages/openmm/app/charmmparameterset.py:391: UserWarning: Replacing dihedral <DihedralType: k=1.67; phase=0.0; per=1> with <DihedralType: k=0.75; phase=0.0; per=1>
  warnings.warn('Replacing dihedral %r with %r' %
/opt/homebrew/anaconda3/envs/biochemcore/lib/python3.11/site-packages/openmm/app/charmmparameterset.py:391: UserWarning: Replacing dihedral <DihedralType: k=0.97; phase=0.0; per=2> with <DihedralType: k=0.18; phase=180.0; per=2>
  warnings.warn('Replacing dihedral %r with %r' %
/opt/homebrew/anaconda3/envs/biochemcore/lib/python3.11/site-packages/openmm/app/charmmparameterset.py:391: UserWarning: Replacing dihedral <DihedralType: k=0.98; phase=180.0; per=3> with <DihedralType: k=0.065; phase=0.0; per=3>
  warnings.warn('Replacing dihedral %r with %r' %
/opt/homebrew/anaconda3/envs/biochemcore/lib/python3.11/site-packages/openmm/app/charmmparameterset.py:391: UserWarning: Replacing dihedral <DihedralType: k=0.06; phase=180.0; per=6> with <DihedralType: k=0.03; phase=0.0; per=6>
  warnings.warn('Replacing dihedral %r with %r' %
/opt/homebrew/anaconda3/envs/biochemcore/lib/python3.11/site-packages/openmm/app/charmmparameterset.py:391: UserWarning: Replacing dihedral <DihedralType: k=0.0; phase=180.0; per=1> with <DihedralType: k=0.75; phase=0.0; per=1>
  warnings.warn('Replacing dihedral %r with %r' %
/opt/homebrew/anaconda3/envs/biochemcore/lib/python3.11/site-packages/openmm/app/charmmparameterset.py:391: UserWarning: Replacing dihedral <DihedralType: k=0.1; phase=180.0; per=3> with <DihedralType: k=0.065; phase=0.0; per=3>
  warnings.warn('Replacing dihedral %r with %r' %
/opt/homebrew/anaconda3/envs/biochemcore/lib/python3.11/site-packages/openmm/app/charmmparameterset.py:391: UserWarning: Replacing dihedral <DihedralType: k=0.0; phase=180.0; per=2> with <DihedralType: k=0.18; phase=180.0; per=2>
  warnings.warn('Replacing dihedral %r with %r' %
/opt/homebrew/anaconda3/envs/biochemcore/lib/python3.11/site-packages/openmm/app/charmmparameterset.py:391: UserWarning: Replacing dihedral <DihedralType: k=0.25; phase=0.0; per=2> with <DihedralType: k=0.18; phase=180.0; per=2>
  warnings.warn('Replacing dihedral %r with %r' %
/opt/homebrew/anaconda3/envs/biochemcore/lib/python3.11/site-packages/openmm/app/charmmparameterset.py:391: UserWarning: Replacing dihedral <DihedralType: k=0.08; phase=180.0; per=1> with <DihedralType: k=0.75; phase=0.0; per=1>
  warnings.warn('Replacing dihedral %r with %r' %
/opt/homebrew/anaconda3/envs/biochemcore/lib/python3.11/site-packages/openmm/app/charmmparameterset.py:391: UserWarning: Replacing dihedral <DihedralType: k=0.43; phase=0.0; per=6> with <DihedralType: k=0.03; phase=0.0; per=6>
  warnings.warn('Replacing dihedral %r with %r' %
/opt/homebrew/anaconda3/envs/biochemcore/lib/python3.11/site-packages/openmm/app/charmmparameterset.py:391: UserWarning: Replacing dihedral <DihedralType: k=0.07; phase=0.0; per=1> with <DihedralType: k=0.75; phase=0.0; per=1>
  warnings.warn('Replacing dihedral %r with %r' %
/opt/homebrew/anaconda3/envs/biochemcore/lib/python3.11/site-packages/openmm/app/charmmparameterset.py:391: UserWarning: Replacing dihedral <DihedralType: k=0.27; phase=0.0; per=3> with <DihedralType: k=0.065; phase=0.0; per=3>
  warnings.warn('Replacing dihedral %r with %r' %
/opt/homebrew/anaconda3/envs/biochemcore/lib/python3.11/site-packages/openmm/app/charmmparameterset.py:391: UserWarning: Replacing dihedral <DihedralType: k=1.71; phase=0.0; per=2> with <DihedralType: k=0.18; phase=180.0; per=2>
  warnings.warn('Replacing dihedral %r with %r' %
/opt/homebrew/anaconda3/envs/biochemcore/lib/python3.11/site-packages/openmm/app/charmmparameterset.py:391: UserWarning: Replacing dihedral <DihedralType: k=0.2; phase=0.0; per=3> with <DihedralType: k=0.35; phase=180.0; per=3>
  warnings.warn('Replacing dihedral %r with %r' %
/opt/homebrew/anaconda3/envs/biochemcore/lib/python3.11/site-packages/openmm/app/charmmparameterset.py:391: UserWarning: Replacing dihedral <DihedralType: k=0.45; phase=0.0; per=3> with <DihedralType: k=0.2; phase=0.0; per=3>
  warnings.warn('Replacing dihedral %r with %r' %
/opt/homebrew/anaconda3/envs/biochemcore/lib/python3.11/site-packages/openmm/app/charmmparameterset.py:391: UserWarning: Replacing dihedral <DihedralType: k=0.03; phase=0.0; per=1> with <DihedralType: k=0.75; phase=0.0; per=1>
  warnings.warn('Replacing dihedral %r with %r' %
/opt/homebrew/anaconda3/envs/biochemcore/lib/python3.11/site-packages/openmm/app/charmmparameterset.py:391: UserWarning: Replacing dihedral <DihedralType: k=0.01; phase=0.0; per=6> with <DihedralType: k=0.03; phase=0.0; per=6>
  warnings.warn('Replacing dihedral %r with %r' %
/opt/homebrew/anaconda3/envs/biochemcore/lib/python3.11/site-packages/openmm/app/charmmparameterset.py:391: UserWarning: Replacing dihedral <DihedralType: k=0.34; phase=180.0; per=3> with <DihedralType: k=0.065; phase=0.0; per=3>
  warnings.warn('Replacing dihedral %r with %r' %
/opt/homebrew/anaconda3/envs/biochemcore/lib/python3.11/site-packages/openmm/app/charmmparameterset.py:391: UserWarning: Replacing dihedral <DihedralType: k=0.08; phase=180.0; per=2> with <DihedralType: k=0.18; phase=180.0; per=2>
  warnings.warn('Replacing dihedral %r with %r' %
/opt/homebrew/anaconda3/envs/biochemcore/lib/python3.11/site-packages/openmm/app/charmmparameterset.py:391: UserWarning: Replacing dihedral <DihedralType: k=0.43; phase=180.0; per=3> with <DihedralType: k=0.2; phase=0.0; per=3>
  warnings.warn('Replacing dihedral %r with %r' %
/opt/homebrew/anaconda3/envs/biochemcore/lib/python3.11/site-packages/openmm/app/charmmparameterset.py:391: UserWarning: Replacing dihedral <DihedralType: k=0.13; phase=0.0; per=6> with <DihedralType: k=0.03; phase=0.0; per=6>
  warnings.warn('Replacing dihedral %r with %r' %
/opt/homebrew/anaconda3/envs/biochemcore/lib/python3.11/site-packages/openmm/app/charmmparameterset.py:391: UserWarning: Replacing dihedral <DihedralType: k=0.11; phase=180.0; per=3> with <DihedralType: k=0.065; phase=180.0; per=3>
  warnings.warn('Replacing dihedral %r with %r' %
/opt/homebrew/anaconda3/envs/biochemcore/lib/python3.11/site-packages/openmm/app/charmmparameterset.py:391: UserWarning: Replacing dihedral <DihedralType: k=0.0; phase=0.0; per=1> with <DihedralType: k=0.75; phase=180.0; per=1>
  warnings.warn('Replacing dihedral %r with %r' %
/opt/homebrew/anaconda3/envs/biochemcore/lib/python3.11/site-packages/openmm/app/charmmparameterset.py:391: UserWarning: Replacing dihedral <DihedralType: k=0.02; phase=0.0; per=2> with <DihedralType: k=0.18; phase=180.0; per=2>
  warnings.warn('Replacing dihedral %r with %r' %
/opt/homebrew/anaconda3/envs/biochemcore/lib/python3.11/site-packages/openmm/app/charmmparameterset.py:391: UserWarning: Replacing dihedral <DihedralType: k=0.0; phase=0.0; per=2> with <DihedralType: k=0.18; phase=180.0; per=2>
  warnings.warn('Replacing dihedral %r with %r' %
/opt/homebrew/anaconda3/envs/biochemcore/lib/python3.11/site-packages/openmm/app/charmmparameterset.py:391: UserWarning: Replacing dihedral <DihedralType: k=0.05; phase=180.0; per=3> with <DihedralType: k=0.065; phase=0.0; per=3>
  warnings.warn('Replacing dihedral %r with %r' %
/opt/homebrew/anaconda3/envs/biochemcore/lib/python3.11/site-packages/openmm/app/charmmparameterset.py:391: UserWarning: Replacing dihedral <DihedralType: k=0.1; phase=0.0; per=1> with <DihedralType: k=0.75; phase=0.0; per=1>
  warnings.warn('Replacing dihedral %r with %r' %
/opt/homebrew/anaconda3/envs/biochemcore/lib/python3.11/site-packages/openmm/app/charmmparameterset.py:391: UserWarning: Replacing dihedral <DihedralType: k=0.26; phase=180.0; per=6> with <DihedralType: k=0.03; phase=0.0; per=6>
  warnings.warn('Replacing dihedral %r with %r' %
/opt/homebrew/anaconda3/envs/biochemcore/lib/python3.11/site-packages/openmm/app/charmmparameterset.py:391: UserWarning: Replacing dihedral <DihedralType: k=0.06; phase=0.0; per=2> with <DihedralType: k=0.18; phase=180.0; per=2>
  warnings.warn('Replacing dihedral %r with %r' %
/opt/homebrew/anaconda3/envs/biochemcore/lib/python3.11/site-packages/openmm/app/charmmparameterset.py:391: UserWarning: Replacing dihedral <DihedralType: k=0.67; phase=180.0; per=1> with <DihedralType: k=0.0; phase=0.0; per=1>
  warnings.warn('Replacing dihedral %r with %r' %
/opt/homebrew/anaconda3/envs/biochemcore/lib/python3.11/site-packages/openmm/app/charmmparameterset.py:391: UserWarning: Replacing dihedral <DihedralType: k=0.02; phase=0.0; per=1> with <DihedralType: k=0.75; phase=180.0; per=1>
  warnings.warn('Replacing dihedral %r with %r' %
/opt/homebrew/anaconda3/envs/biochemcore/lib/python3.11/site-packages/openmm/app/charmmparameterset.py:391: UserWarning: Replacing dihedral <DihedralType: k=0.53; phase=0.0; per=2> with <DihedralType: k=0.18; phase=180.0; per=2>
  warnings.warn('Replacing dihedral %r with %r' %
/opt/homebrew/anaconda3/envs/biochemcore/lib/python3.11/site-packages/openmm/app/charmmparameterset.py:391: UserWarning: Replacing dihedral <DihedralType: k=0.34; phase=180.0; per=6> with <DihedralType: k=0.03; phase=0.0; per=6>
  warnings.warn('Replacing dihedral %r with %r' %
/opt/homebrew/anaconda3/envs/biochemcore/lib/python3.11/site-packages/openmm/app/charmmparameterset.py:391: UserWarning: Replacing dihedral <DihedralType: k=1.27; phase=0.0; per=3> with <DihedralType: k=0.065; phase=180.0; per=3>
  warnings.warn('Replacing dihedral %r with %r' %
/opt/homebrew/anaconda3/envs/biochemcore/lib/python3.11/site-packages/openmm/app/charmmparameterset.py:391: UserWarning: Replacing dihedral <DihedralType: k=0.27; phase=0.0; per=6> with <DihedralType: k=0.03; phase=0.0; per=6>
  warnings.warn('Replacing dihedral %r with %r' %
/opt/homebrew/anaconda3/envs/biochemcore/lib/python3.11/site-packages/openmm/app/charmmparameterset.py:391: UserWarning: Replacing dihedral <DihedralType: k=0.6; phase=0.0; per=1> with <DihedralType: k=0.75; phase=0.0; per=1>
  warnings.warn('Replacing dihedral %r with %r' %
/opt/homebrew/anaconda3/envs/biochemcore/lib/python3.11/site-packages/openmm/app/charmmparameterset.py:391: UserWarning: Replacing dihedral <DihedralType: k=0.11; phase=180.0; per=3> with <DihedralType: k=0.065; phase=0.0; per=3>
  warnings.warn('Replacing dihedral %r with %r' %
/opt/homebrew/anaconda3/envs/biochemcore/lib/python3.11/site-packages/openmm/app/charmmparameterset.py:391: UserWarning: Replacing dihedral <DihedralType: k=0.24; phase=0.0; per=1> with <DihedralType: k=0.0; phase=0.0; per=1>
  warnings.warn('Replacing dihedral %r with %r' %
/opt/homebrew/anaconda3/envs/biochemcore/lib/python3.11/site-packages/openmm/app/charmmparameterset.py:391: UserWarning: Replacing dihedral <DihedralType: k=0.04; phase=0.0; per=3> with <DihedralType: k=0.19; phase=0.0; per=3>
  warnings.warn('Replacing dihedral %r with %r' %
/opt/homebrew/anaconda3/envs/biochemcore/lib/python3.11/site-packages/openmm/app/charmmparameterset.py:391: UserWarning: Replacing dihedral <DihedralType: k=0.0; phase=180.0; per=3> with <DihedralType: k=0.1; phase=0.0; per=3>
  warnings.warn('Replacing dihedral %r with %r' %
/opt/homebrew/anaconda3/envs/biochemcore/lib/python3.11/site-packages/openmm/app/charmmparameterset.py:391: UserWarning: Replacing dihedral <DihedralType: k=0.2; phase=0.0; per=2> with <DihedralType: k=0.23; phase=180.0; per=2>
  warnings.warn('Replacing dihedral %r with %r' %
/opt/homebrew/anaconda3/envs/biochemcore/lib/python3.11/site-packages/openmm/app/charmmparameterset.py:391: UserWarning: Replacing dihedral <DihedralType: k=1.23; phase=180.0; per=1> with <DihedralType: k=0.0; phase=0.0; per=1>
  warnings.warn('Replacing dihedral %r with %r' %
/opt/homebrew/anaconda3/envs/biochemcore/lib/python3.11/site-packages/openmm/app/charmmparameterset.py:391: UserWarning: Replacing dihedral <DihedralType: k=0.11; phase=180.0; per=2> with <DihedralType: k=1.4; phase=180.0; per=2>
  warnings.warn('Replacing dihedral %r with %r' %
/opt/homebrew/anaconda3/envs/biochemcore/lib/python3.11/site-packages/openmm/app/charmmparameterset.py:391: UserWarning: Replacing dihedral <DihedralType: k=0.12; phase=0.0; per=1> with <DihedralType: k=0.6; phase=0.0; per=1>
  warnings.warn('Replacing dihedral %r with %r' %
/opt/homebrew/anaconda3/envs/biochemcore/lib/python3.11/site-packages/openmm/app/charmmparameterset.py:391: UserWarning: Replacing dihedral <DihedralType: k=0.42; phase=180.0; per=3> with <DihedralType: k=0.35; phase=180.0; per=3>
  warnings.warn('Replacing dihedral %r with %r' %
/opt/homebrew/anaconda3/envs/biochemcore/lib/python3.11/site-packages/openmm/app/charmmparameterset.py:391: UserWarning: Replacing dihedral <DihedralType: k=0.37; phase=180.0; per=6> with <DihedralType: k=0.09; phase=180.0; per=6>
  warnings.warn('Replacing dihedral %r with %r' %
/opt/homebrew/anaconda3/envs/biochemcore/lib/python3.11/site-packages/openmm/app/charmmparameterset.py:391: UserWarning: Replacing dihedral <DihedralType: k=3.04; phase=180.0; per=2> with <DihedralType: k=0.39; phase=0.0; per=2>
  warnings.warn('Replacing dihedral %r with %r' %
/opt/homebrew/anaconda3/envs/biochemcore/lib/python3.11/site-packages/openmm/app/charmmparameterset.py:391: UserWarning: Replacing dihedral <DihedralType: k=1.37; phase=180.0; per=1> with <DihedralType: k=0.21; phase=180.0; per=1>
  warnings.warn('Replacing dihedral %r with %r' %
/opt/homebrew/anaconda3/envs/biochemcore/lib/python3.11/site-packages/openmm/app/charmmparameterset.py:391: UserWarning: Replacing dihedral <DihedralType: k=3.83; phase=180.0; per=3> with <DihedralType: k=0.2; phase=0.0; per=3>
  warnings.warn('Replacing dihedral %r with %r' %
/opt/homebrew/anaconda3/envs/biochemcore/lib/python3.11/site-packages/openmm/app/charmmparameterset.py:391: UserWarning: Replacing dihedral <DihedralType: k=0.22; phase=0.0; per=3> with <DihedralType: k=0.2; phase=0.0; per=3>
  warnings.warn('Replacing dihedral %r with %r' %
/opt/homebrew/anaconda3/envs/biochemcore/lib/python3.11/site-packages/openmm/app/charmmparameterset.py:391: UserWarning: Replacing dihedral <DihedralType: k=0.48; phase=180.0; per=3> with <DihedralType: k=0.2; phase=0.0; per=3>
  warnings.warn('Replacing dihedral %r with %r' %
/opt/homebrew/anaconda3/envs/biochemcore/lib/python3.11/site-packages/openmm/app/charmmparameterset.py:391: UserWarning: Replacing dihedral <DihedralType: k=0.22; phase=0.0; per=1> with <DihedralType: k=0.6; phase=0.0; per=1>
  warnings.warn('Replacing dihedral %r with %r' %
/opt/homebrew/anaconda3/envs/biochemcore/lib/python3.11/site-packages/openmm/app/charmmparameterset.py:391: UserWarning: Replacing dihedral <DihedralType: k=0.18; phase=0.0; per=3> with <DihedralType: k=0.16; phase=0.0; per=3>
  warnings.warn('Replacing dihedral %r with %r' %
/opt/homebrew/anaconda3/envs/biochemcore/lib/python3.11/site-packages/openmm/app/charmmparameterset.py:391: UserWarning: Replacing dihedral <DihedralType: k=0.2; phase=0.0; per=3> with <DihedralType: k=0.2; phase=180.0; per=3>
  warnings.warn('Replacing dihedral %r with %r' %
/opt/homebrew/anaconda3/envs/biochemcore/lib/python3.11/site-packages/openmm/app/charmmparameterset.py:391: UserWarning: Replacing dihedral <DihedralType: k=1.37; phase=180.0; per=3> with <DihedralType: k=0.19; phase=0.0; per=3>
  warnings.warn('Replacing dihedral %r with %r' %
/opt/homebrew/anaconda3/envs/biochemcore/lib/python3.11/site-packages/openmm/app/charmmparameterset.py:391: UserWarning: Replacing dihedral <DihedralType: k=0.2; phase=0.0; per=3> with <DihedralType: k=0.16; phase=0.0; per=3>
  warnings.warn('Replacing dihedral %r with %r' %
/opt/homebrew/anaconda3/envs/biochemcore/lib/python3.11/site-packages/openmm/app/charmmparameterset.py:391: UserWarning: Replacing dihedral <DihedralType: k=0.14; phase=0.0; per=3> with <DihedralType: k=0.2; phase=180.0; per=3>
  warnings.warn('Replacing dihedral %r with %r' %
/opt/homebrew/anaconda3/envs/biochemcore/lib/python3.11/site-packages/openmm/app/charmmparameterset.py:391: UserWarning: Replacing dihedral <DihedralType: k=1.71; phase=0.0; per=3> with <DihedralType: k=0.2; phase=0.0; per=3>
  warnings.warn('Replacing dihedral %r with %r' %
/opt/homebrew/anaconda3/envs/biochemcore/lib/python3.11/site-packages/openmm/app/charmmparameterset.py:391: UserWarning: Replacing dihedral <DihedralType: k=0.18; phase=0.0; per=3> with <DihedralType: k=0.185; phase=0.0; per=3>
  warnings.warn('Replacing dihedral %r with %r' %
/opt/homebrew/anaconda3/envs/biochemcore/lib/python3.11/site-packages/openmm/app/charmmparameterset.py:391: UserWarning: Replacing dihedral <DihedralType: k=0.18; phase=0.0; per=3> with <DihedralType: k=0.195; phase=0.0; per=3>
  warnings.warn('Replacing dihedral %r with %r' %
/opt/homebrew/anaconda3/envs/biochemcore/lib/python3.11/site-packages/openmm/app/charmmparameterset.py:391: UserWarning: Replacing dihedral <DihedralType: k=0.44; phase=0.0; per=3> with <DihedralType: k=0.25; phase=0.0; per=3>
  warnings.warn('Replacing dihedral %r with %r' %
/opt/homebrew/anaconda3/envs/biochemcore/lib/python3.11/site-packages/openmm/app/charmmparameterset.py:391: UserWarning: Replacing dihedral <DihedralType: k=0.4; phase=180.0; per=1> with <DihedralType: k=0.16; phase=180.0; per=1>
  warnings.warn('Replacing dihedral %r with %r' %
/opt/homebrew/anaconda3/envs/biochemcore/lib/python3.11/site-packages/openmm/app/charmmparameterset.py:391: UserWarning: Replacing dihedral <DihedralType: k=0.49; phase=180.0; per=2> with <DihedralType: k=0.39; phase=0.0; per=2>
  warnings.warn('Replacing dihedral %r with %r' %
/opt/homebrew/anaconda3/envs/biochemcore/lib/python3.11/site-packages/openmm/app/charmmparameterset.py:391: UserWarning: Replacing dihedral <DihedralType: k=0.23; phase=180.0; per=3> with <DihedralType: k=0.1; phase=0.0; per=3>
  warnings.warn('Replacing dihedral %r with %r' %
/opt/homebrew/anaconda3/envs/biochemcore/lib/python3.11/site-packages/openmm/app/charmmparameterset.py:391: UserWarning: Replacing dihedral <DihedralType: k=4.23; phase=180.0; per=3> with <DihedralType: k=0.195; phase=0.0; per=3>
  warnings.warn('Replacing dihedral %r with %r' %
/opt/homebrew/anaconda3/envs/biochemcore/lib/python3.11/site-packages/openmm/app/charmmparameterset.py:391: UserWarning: Replacing dihedral <DihedralType: k=0.09; phase=0.0; per=1> with <DihedralType: k=0.75; phase=0.0; per=1>
  warnings.warn('Replacing dihedral %r with %r' %
/opt/homebrew/anaconda3/envs/biochemcore/lib/python3.11/site-packages/openmm/app/charmmparameterset.py:391: UserWarning: Replacing dihedral <DihedralType: k=0.82; phase=180.0; per=3> with <DihedralType: k=0.065; phase=0.0; per=3>
  warnings.warn('Replacing dihedral %r with %r' %
/opt/homebrew/anaconda3/envs/biochemcore/lib/python3.11/site-packages/openmm/app/charmmparameterset.py:391: UserWarning: Replacing dihedral <DihedralType: k=0.34; phase=0.0; per=6> with <DihedralType: k=0.03; phase=0.0; per=6>
  warnings.warn('Replacing dihedral %r with %r' %
/opt/homebrew/anaconda3/envs/biochemcore/lib/python3.11/site-packages/openmm/app/charmmparameterset.py:391: UserWarning: Replacing dihedral <DihedralType: k=0.16; phase=0.0; per=1> with <DihedralType: k=0.75; phase=180.0; per=1>
  warnings.warn('Replacing dihedral %r with %r' %
/opt/homebrew/anaconda3/envs/biochemcore/lib/python3.11/site-packages/openmm/app/charmmparameterset.py:391: UserWarning: Replacing dihedral <DihedralType: k=0.01; phase=180.0; per=2> with <DihedralType: k=0.18; phase=180.0; per=2>
  warnings.warn('Replacing dihedral %r with %r' %
/opt/homebrew/anaconda3/envs/biochemcore/lib/python3.11/site-packages/openmm/app/charmmparameterset.py:391: UserWarning: Replacing dihedral <DihedralType: k=0.97; phase=180.0; per=3> with <DihedralType: k=0.065; phase=180.0; per=3>
  warnings.warn('Replacing dihedral %r with %r' %
/opt/homebrew/anaconda3/envs/biochemcore/lib/python3.11/site-packages/openmm/app/charmmparameterset.py:391: UserWarning: Replacing dihedral <DihedralType: k=0.08; phase=180.0; per=6> with <DihedralType: k=0.03; phase=0.0; per=6>
  warnings.warn('Replacing dihedral %r with %r' %
/opt/homebrew/anaconda3/envs/biochemcore/lib/python3.11/site-packages/openmm/app/charmmparameterset.py:391: UserWarning: Replacing dihedral <DihedralType: k=0.17; phase=180.0; per=3> with <DihedralType: k=0.2; phase=0.0; per=3>
  warnings.warn('Replacing dihedral %r with %r' %
/opt/homebrew/anaconda3/envs/biochemcore/lib/python3.11/site-packages/openmm/app/charmmparameterset.py:391: UserWarning: Replacing dihedral <DihedralType: k=0.02; phase=0.0; per=3> with <DihedralType: k=0.2; phase=0.0; per=3>
  warnings.warn('Replacing dihedral %r with %r' %
/opt/homebrew/anaconda3/envs/biochemcore/lib/python3.11/site-packages/openmm/app/charmmparameterset.py:391: UserWarning: Replacing dihedral <DihedralType: k=0.37; phase=180.0; per=3> with <DihedralType: k=0.2; phase=0.0; per=3>
  warnings.warn('Replacing dihedral %r with %r' %
/opt/homebrew/anaconda3/envs/biochemcore/lib/python3.11/site-packages/openmm/app/charmmparameterset.py:431: UserWarning: Repeat improper dihedral found ('CG2O2', 'CG2R51', 'OG2D1', 'OG311') and New param. k: 53.000000  ,thetaq: 0.000000 will use
  warnings.warn('Repeat improper dihedral found %r and New param. k: %f  ,thetaq: %f will use' %
/opt/homebrew/anaconda3/envs/biochemcore/lib/python3.11/site-packages/openmm/app/charmmparameterset.py:431: UserWarning: Repeat improper dihedral found ('CG2O5', 'CG311', 'CG331', 'OG2D3') and New param. k: 70.000000  ,thetaq: 0.000000 will use
  warnings.warn('Repeat improper dihedral found %r and New param. k: %f  ,thetaq: %f will use' %
/opt/homebrew/anaconda3/envs/biochemcore/lib/python3.11/site-packages/openmm/app/charmmparameterset.py:431: UserWarning: Repeat improper dihedral found ('CG2O5', 'CG2O5', 'CG321', 'OG2D3') and New param. k: 88.000000  ,thetaq: 0.000000 will use
  warnings.warn('Repeat improper dihedral found %r and New param. k: %f  ,thetaq: %f will use' %
/opt/homebrew/anaconda3/envs/biochemcore/lib/python3.11/site-packages/openmm/app/charmmparameterset.py:431: UserWarning: Repeat improper dihedral found ('CG2O5', 'CG301', 'CG321', 'OG2D3') and New param. k: 70.000000  ,thetaq: 0.000000 will use
  warnings.warn('Repeat improper dihedral found %r and New param. k: %f  ,thetaq: %f will use' %
/opt/homebrew/anaconda3/envs/biochemcore/lib/python3.11/site-packages/openmm/app/charmmparameterset.py:431: UserWarning: Repeat improper dihedral found ('CG2O5', 'CG311', 'CG321', 'OG2D3') and New param. k: 70.000000  ,thetaq: 0.000000 will use
  warnings.warn('Repeat improper dihedral found %r and New param. k: %f  ,thetaq: %f will use' %
/opt/homebrew/anaconda3/envs/biochemcore/lib/python3.11/site-packages/openmm/app/charmmparameterset.py:431: UserWarning: Repeat improper dihedral found ('CG2O2', 'CG301', 'OG2D1', 'OG311') and New param. k: 65.000000  ,thetaq: 0.000000 will use
  warnings.warn('Repeat improper dihedral found %r and New param. k: %f  ,thetaq: %f will use' %
/opt/homebrew/anaconda3/envs/biochemcore/lib/python3.11/site-packages/openmm/app/charmmparameterset.py:391: UserWarning: Replacing dihedral <DihedralType: k=0.0; phase=0.0; per=2> with <DihedralType: k=1.585; phase=180.0; per=2>
  warnings.warn('Replacing dihedral %r with %r' %
/opt/homebrew/anaconda3/envs/biochemcore/lib/python3.11/site-packages/openmm/app/charmmparameterset.py:391: UserWarning: Replacing dihedral <DihedralType: k=0.71; phase=0.0; per=2> with <DihedralType: k=3.1; phase=180.0; per=2>
  warnings.warn('Replacing dihedral %r with %r' %
/opt/homebrew/anaconda3/envs/biochemcore/lib/python3.11/site-packages/openmm/app/charmmparameterset.py:391: UserWarning: Replacing dihedral <DihedralType: k=0.58; phase=180.0; per=2> with <DihedralType: k=0.0; phase=180.0; per=2>
  warnings.warn('Replacing dihedral %r with %r' %
/opt/homebrew/anaconda3/envs/biochemcore/lib/python3.11/site-packages/openmm/app/charmmparameterset.py:391: UserWarning: Replacing dihedral <DihedralType: k=0.0; phase=0.0; per=2> with <DihedralType: k=0.0; phase=180.0; per=2>
  warnings.warn('Replacing dihedral %r with %r' %
/opt/homebrew/anaconda3/envs/biochemcore/lib/python3.11/site-packages/openmm/app/charmmparameterset.py:431: UserWarning: Repeat improper dihedral found ('CG2O5', 'CG2DC1', 'CG2R61', 'OG2D3') and New param. k: 72.000000  ,thetaq: 0.000000 will use
  warnings.warn('Repeat improper dihedral found %r and New param. k: %f  ,thetaq: %f will use' %
/opt/homebrew/anaconda3/envs/biochemcore/lib/python3.11/site-packages/openmm/app/charmmparameterset.py:391: UserWarning: Replacing dihedral <DihedralType: k=0.2; phase=0.0; per=1> with <DihedralType: k=0.195; phase=0.0; per=1>
  warnings.warn('Replacing dihedral %r with %r' %
/opt/homebrew/anaconda3/envs/biochemcore/lib/python3.11/site-packages/openmm/app/charmmparameterset.py:391: UserWarning: Replacing dihedral <DihedralType: k=0.31; phase=0.0; per=3> with <DihedralType: k=0.2; phase=0.0; per=3>
  warnings.warn('Replacing dihedral %r with %r' %
/opt/homebrew/anaconda3/envs/biochemcore/lib/python3.11/site-packages/openmm/app/charmmparameterset.py:391: UserWarning: Replacing dihedral <DihedralType: k=0.31; phase=180.0; per=3> with <DihedralType: k=0.2; phase=180.0; per=3>
  warnings.warn('Replacing dihedral %r with %r' %
/opt/homebrew/anaconda3/envs/biochemcore/lib/python3.11/site-packages/openmm/app/charmmparameterset.py:391: UserWarning: Replacing dihedral <DihedralType: k=0.02; phase=0.0; per=3> with <DihedralType: k=0.19; phase=0.0; per=3>
  warnings.warn('Replacing dihedral %r with %r' %
/opt/homebrew/anaconda3/envs/biochemcore/lib/python3.11/site-packages/openmm/app/charmmparameterset.py:391: UserWarning: Replacing dihedral <DihedralType: k=1.02; phase=180.0; per=3> with <DihedralType: k=0.0; phase=0.0; per=3>
  warnings.warn('Replacing dihedral %r with %r' %
/opt/homebrew/anaconda3/envs/biochemcore/lib/python3.11/site-packages/openmm/app/charmmparameterset.py:391: UserWarning: Replacing dihedral <DihedralType: k=1.19; phase=0.0; per=3> with <DihedralType: k=1.65; phase=180.0; per=3>
  warnings.warn('Replacing dihedral %r with %r' %
/opt/homebrew/anaconda3/envs/biochemcore/lib/python3.11/site-packages/openmm/app/charmmparameterset.py:391: UserWarning: Replacing dihedral <DihedralType: k=0.35; phase=180.0; per=3> with <DihedralType: k=1.65; phase=180.0; per=3>
  warnings.warn('Replacing dihedral %r with %r' %
/opt/homebrew/anaconda3/envs/biochemcore/lib/python3.11/site-packages/openmm/app/charmmparameterset.py:391: UserWarning: Replacing dihedral <DihedralType: k=0.0; phase=0.0; per=3> with <DihedralType: k=0.12; phase=0.0; per=3>
  warnings.warn('Replacing dihedral %r with %r' %
/opt/homebrew/anaconda3/envs/biochemcore/lib/python3.11/site-packages/openmm/app/charmmparameterset.py:391: UserWarning: Replacing dihedral <DihedralType: k=1.17; phase=180.0; per=3> with <DihedralType: k=0.04; phase=0.0; per=3>
  warnings.warn('Replacing dihedral %r with %r' %
/opt/homebrew/anaconda3/envs/biochemcore/lib/python3.11/site-packages/openmm/app/charmmparameterset.py:391: UserWarning: Replacing dihedral <DihedralType: k=3.45; phase=180.0; per=1> with <DihedralType: k=2.4; phase=180.0; per=1>
  warnings.warn('Replacing dihedral %r with %r' %
/opt/homebrew/anaconda3/envs/biochemcore/lib/python3.11/site-packages/openmm/app/charmmparameterset.py:391: UserWarning: Replacing dihedral <DihedralType: k=1.27; phase=180.0; per=2> with <DihedralType: k=3.0; phase=180.0; per=2>
  warnings.warn('Replacing dihedral %r with %r' %
/opt/homebrew/anaconda3/envs/biochemcore/lib/python3.11/site-packages/openmm/app/charmmparameterset.py:391: UserWarning: Replacing dihedral <DihedralType: k=2.22; phase=180.0; per=2> with <DihedralType: k=2.4; phase=180.0; per=2>
  warnings.warn('Replacing dihedral %r with %r' %
/opt/homebrew/anaconda3/envs/biochemcore/lib/python3.11/site-packages/openmm/app/charmmparameterset.py:391: UserWarning: Replacing dihedral <DihedralType: k=1.05; phase=0.0; per=3> with <DihedralType: k=0.3; phase=0.0; per=3>
  warnings.warn('Replacing dihedral %r with %r' %
/opt/homebrew/anaconda3/envs/biochemcore/lib/python3.11/site-packages/openmm/app/charmmparameterset.py:391: UserWarning: Replacing dihedral <DihedralType: k=1.25; phase=180.0; per=2> with <DihedralType: k=3.1; phase=180.0; per=2>
  warnings.warn('Replacing dihedral %r with %r' %
/opt/homebrew/anaconda3/envs/biochemcore/lib/python3.11/site-packages/openmm/app/charmmparameterset.py:391: UserWarning: Replacing dihedral <DihedralType: k=2.32; phase=180.0; per=2> with <DihedralType: k=2.5; phase=180.0; per=2>
  warnings.warn('Replacing dihedral %r with %r' %
/opt/homebrew/anaconda3/envs/biochemcore/lib/python3.11/site-packages/openmm/app/charmmparameterset.py:391: UserWarning: Replacing dihedral <DihedralType: k=0.32; phase=0.0; per=2> with <DihedralType: k=1.0; phase=180.0; per=2>
  warnings.warn('Replacing dihedral %r with %r' %
/opt/homebrew/anaconda3/envs/biochemcore/lib/python3.11/site-packages/openmm/app/charmmparameterset.py:391: UserWarning: Replacing dihedral <DihedralType: k=0.0; phase=0.0; per=3> with <DihedralType: k=0.16; phase=0.0; per=3>
  warnings.warn('Replacing dihedral %r with %r' %
/opt/homebrew/anaconda3/envs/biochemcore/lib/python3.11/site-packages/openmm/app/charmmparameterset.py:391: UserWarning: Replacing dihedral <DihedralType: k=1.58; phase=180.0; per=3> with <DihedralType: k=0.15; phase=0.0; per=3>
  warnings.warn('Replacing dihedral %r with %r' %
/opt/homebrew/anaconda3/envs/biochemcore/lib/python3.11/site-packages/openmm/app/charmmparameterset.py:391: UserWarning: Replacing dihedral <DihedralType: k=0.0; phase=0.0; per=3> with <DihedralType: k=0.15; phase=0.0; per=3>
  warnings.warn('Replacing dihedral %r with %r' %
/opt/homebrew/anaconda3/envs/biochemcore/lib/python3.11/site-packages/openmm/app/charmmparameterset.py:391: UserWarning: Replacing dihedral <DihedralType: k=0.9; phase=0.0; per=3> with <DihedralType: k=2.31; phase=180.0; per=3>
  warnings.warn('Replacing dihedral %r with %r' %
/opt/homebrew/anaconda3/envs/biochemcore/lib/python3.11/site-packages/openmm/app/charmmparameterset.py:391: UserWarning: Replacing dihedral <DihedralType: k=1.59; phase=180.0; per=2> with <DihedralType: k=2.5; phase=180.0; per=2>
  warnings.warn('Replacing dihedral %r with %r' %
/opt/homebrew/anaconda3/envs/biochemcore/lib/python3.11/site-packages/openmm/app/charmmparameterset.py:391: UserWarning: Replacing dihedral <DihedralType: k=0.23; phase=0.0; per=2> with <DihedralType: k=2.5; phase=180.0; per=2>
  warnings.warn('Replacing dihedral %r with %r' %
Using platform: HIP

Initial system energy
-2913592.7854888216 kJ/mol

MD run: 250000 steps
#"Progress (%)"	"Step"	"Time (ps)"	"Potential Energy (kJ/mole)"	"Temperature (K)"	"Speed (ns/day)"	"Time Remaining"
950.4%	2376000	6878.999999848139	-2915653.1604888216	310.95531369768116	0	--
950.8%	2377000	6882.999999848044	-2915797.7854888216	309.3166753775201	3.19	8:01:29
951.2%	2378000	6886.99999984795	-2915173.7854888216	309.43521010598937	3.37	11:23:42
951.6%	2379000	6890.999999847855	-2912191.3479888216	311.1691861273319	3.29	9:52:27
952.0%	2380000	6894.999999847761	-2919057.3479888216	310.335091386581	3.31	10:11:26
952.4%	2381000	6898.999999847666	-2915337.5354888216	310.30413344226787	3.27	9:28:22
952.8%	2382000	6902.999999847571	-2916250.0354888216	310.8175174368697	3.34	10:48:08
953.2%	2383000	6906.999999847477	-2917323.1604888216	310.42792814304596	3.33	10:28:27
953.6%	2384000	6910.999999847382	-2917635.4729888216	310.4830887393346	3.38	11:24:03
954.0%	2385000	6914.999999847288	-2915889.2229888216	310.09090672078844	3.36	11:05:19
954.4%	2386000	6918.999999847193	-2917408.7854888216	310.8019244706554	3.38	11:21:37
954.8%	2387000	6922.9999998470985	-2917046.2229888216	309.7847609511568	3.36	10:57:56
955.2%	2388000	6926.999999847004	-2914590.4104888216	310.25061619573717	3.36	10:52:14
955.6%	2389000	6930.999999846909	-2917785.4729888216	310.25120410421505	3.35	10:45:28
956.0%	2390000	6934.999999846815	-2918387.9729888216	310.5161382486505	3.34	10:25:28
956.4%	2391000	6938.99999984672	-2918906.6604888216	309.648294627632	3.34	10:27:13
956.8%	2392000	6942.9999998466255	-2915374.0979888216	309.6485645194428	3.33	10:14:09
957.2%	2393000	6946.999999846531	-2918928.9729888216	310.56689566348086	3.34	10:25:19
957.6%	2394000	6950.999999846436	-2920646.5354888216	310.42722189847916	3.34	10:18:48
958.0%	2395000	6954.999999846342	-2915473.5979888216	310.5525771913405	3.32	9:57:11
958.4%	2396000	6958.999999846247	-2915233.2229888216	310.46402598707886	3.31	9:41:40
958.8%	2397000	6962.999999846153	-2916168.8479888216	311.16722808190866	3.28	9:05:56
959.2%	2398000	6966.999999846058	-2914141.0979888216	309.2061340334349	3.27	8:55:30
959.6%	2399000	6970.999999845963	-2916977.5354888216	310.6288234722709	3.26	8:44:57
960.0%	2400000	6974.999999845869	-2917773.7854888216	310.8303548511099	3.25	8:30:38
960.4%	2401000	6978.999999845774	-2919666.0354888216	310.66157075442203	3.23	8:09:01
960.8%	2402000	6982.99999984568	-2919995.5979888216	310.36233195029695	3.22	7:51:45
961.2%	2403000	6986.999999845585	-2918377.7854888216	310.6703034187333	3.22	7:50:03
961.6%	2404000	6990.9999998454905	-2915489.4729888216	310.01913942432975	3.21	7:40:11
962.0%	2405000	6994.999999845396	-2919297.3479888216	310.5605957769487	3.21	7:37:07
962.4%	2406000	6998.999999845301	-2918971.6604888216	310.70412204030185	3.23	7:50:10
962.8%	2407000	7002.999999845207	-2914892.0979888216	311.01808473351696	3.22	7:44:46
963.2%	2408000	7006.999999845112	-2915799.5354888216	310.42574628092035	3.23	7:49:36
963.6%	2409000	7010.999999845018	-2916116.4729888216	310.1967001155256	3.23	7:52:52
964.0%	2410000	7014.999999844923	-2916914.8479888216	310.7487347582867	3.25	8:07:48
964.4%	2411000	7018.999999844828	-2916232.4729888216	310.90371917050084	3.26	8:19:44
964.8%	2412000	7022.999999844734	-2914338.0354888216	310.9133490893756	3.27	8:30:42
965.2%	2413000	7026.999999844639	-2915864.5354888216	309.9698343821723	3.27	8:35:36
965.6%	2414000	7030.999999844545	-2918203.5979888216	310.60641732601044	3.28	8:36:29
966.0%	2415000	7034.99999984445	-2917693.1604888216	310.640530040633	3.28	8:37:27
966.4%	2416000	7038.999999844355	-2917419.2229888216	309.65812216591223	3.28	8:35:34
966.8%	2417000	7042.999999844261	-2917665.9729888216	311.02277995850704	3.29	8:44:46
967.2%	2418000	7046.999999844166	-2917485.4729888216	310.20608244160525	3.29	8:40:38
967.6%	2419000	7050.999999844072	-2919576.0354888216	310.57340908334635	3.3	8:48:30
968.0%	2420000	7054.999999843977	-2921341.5979888216	309.99398962422424	3.3	8:52:34
968.4%	2421000	7058.9999998438825	-2916811.6604888216	310.7460060234753	3.31	9:04:05
968.8%	2422000	7062.999999843788	-2917086.3479888216	310.5530965733965	3.32	9:16:11
969.2%	2423000	7066.999999843693	-2919947.5354888216	310.75569190331146	3.35	9:44:58
969.6%	2424000	7070.999999843599	-2919555.5979888216	310.0349493097463	3.36	9:56:36
970.0%	2425000	7074.999999843504	-2920062.2854888216	311.13557254586465	3.38	10:17:00
970.4%	2426000	7078.99999984341	-2915282.7229888216	310.0116186564099	3.4	10:30:05
970.8%	2427000	7082.999999843315	-2916962.7229888216	310.4843785544228	3.41	10:39:21
971.2%	2428000	7086.99999984322	-2918130.9729888216	310.80839402109655	3.42	10:48:20
971.6%	2429000	7090.999999843126	-2918395.3479888216	310.1513920847631	3.42	10:52:49
972.0%	2430000	7094.999999843031	-2922002.2229888216	310.3455793027391	3.43	10:58:25
972.4%	2431000	7098.999999842937	-2917492.8479888216	311.4324516855945	3.43	10:58:50
972.8%	2432000	7102.999999842842	-2914322.9104888216	311.52665678419004	3.43	11:00:48
973.2%	2433000	7106.9999998427475	-2915255.4104888216	311.0878734137367	3.43	10:57:16
973.6%	2434000	7110.999999842653	-2917784.8479888216	310.9565704653788	3.43	10:53:34
974.0%	2435000	7114.999999842558	-2915225.3479888216	309.66918479887033	3.43	10:55:19
974.4%	2436000	7118.999999842464	-2918276.5979888216	309.49165977868796	3.43	10:54:03
974.8%	2437000	7122.999999842369	-2916529.3479888216	310.57785553361555	3.43	10:48:46
975.2%	2438000	7126.9999998422745	-2919792.0979888216	310.29836602164175	3.43	10:41:42
975.6%	2439000	7130.99999984218	-2916160.9729888216	310.49083041949103	3.42	10:38:27
976.0%	2440000	7134.999999842085	-2913232.2229888216	310.08991148589456	3.42	10:34:24
976.4%	2441000	7138.999999841991	-2914018.0979888216	310.4120028661011	3.42	10:30:46
976.8%	2442000	7142.999999841896	-2914202.1604888216	310.610079244741	3.42	10:28:34
977.2%	2443000	7146.999999841802	-2915657.7854888216	309.75186107771685	3.42	10:25:24
977.6%	2444000	7150.999999841707	-2916404.7854888216	311.374557194533	3.42	10:22:09
978.0%	2445000	7154.999999841612	-2916084.8479888216	311.44136824133193	3.41	10:12:46
978.4%	2446000	7158.999999841518	-2919597.3479888216	310.74234761894064	3.41	10:11:31
978.8%	2447000	7162.999999841423	-2919528.1604888216	310.18091568942225	3.41	10:05:23
979.2%	2448000	7166.999999841329	-2919443.4104888216	310.152659788446	3.41	10:09:44
979.6%	2449000	7170.999999841234	-2917918.0979888216	310.89607491804287	3.41	10:09:23
980.0%	2450000	7174.9999998411395	-2919548.9729888216	310.3153360246839	3.41	10:05:22
980.4%	2451000	7178.999999841045	-2915466.9729888216	310.3451193490949	3.41	10:02:37
980.8%	2452000	7182.99999984095	-2917620.7854888216	311.0683750136654	3.41	9:56:43
981.2%	2453000	7186.999999840856	-2917253.2854888216	310.2611809515146	3.4	9:50:33
981.6%	2454000	7190.999999840761	-2916520.7229888216	310.9045777234155	3.4	9:50:03
982.0%	2455000	7194.9999998406665	-2918197.6604888216	310.84764842210865	3.4	9:43:50
982.4%	2456000	7198.999999840572	-2915974.7229888216	310.74393283238226	3.4	9:44:04
982.8%	2457000	7202.999999840477	-2913403.0979888216	310.4544327065223	3.4	9:35:59
983.2%	2458000	7206.999999840383	-2918707.5354888216	311.2865324362162	3.39	9:33:50
983.6%	2459000	7210.999999840288	-2917707.4104888216	309.8410140416597	3.39	9:26:11
984.0%	2460000	7214.999999840194	-2913496.6604888216	310.8347186418775	3.38	9:13:45
984.4%	2461000	7218.999999840099	-2914796.8479888216	310.2503723406969	3.37	9:05:04
984.8%	2462000	7222.999999840004	-2915679.9729888216	311.1436213185424	3.37	9:01:43
985.2%	2463000	7226.99999983991	-2919460.3479888216	310.4024476287383	3.38	9:06:25
985.6%	2464000	7230.999999839815	-2915279.7229888216	310.99351492389087	3.38	9:03:37
986.0%	2465000	7234.999999839721	-2918857.3479888216	311.41403201233095	3.38	9:00:51
986.4%	2466000	7238.999999839626	-2918691.8479888216	310.03986623707704	3.38	9:00:50
986.8%	2467000	7242.9999998395315	-2917904.7854888216	310.15502000877245	3.38	8:59:35
987.2%	2468000	7246.999999839437	-2917781.1604888216	310.3206916497653	3.38	8:59:16
987.6%	2469000	7250.999999839342	-2915256.7854888216	310.3966566229243	3.37	8:48:11
988.0%	2470000	7254.999999839248	-2918721.4729888216	310.24439499718295	3.36	8:35:18
988.4%	2471000	7258.999999839153	-2917958.8479888216	309.90660978108883	3.36	8:28:40
988.8%	2472000	7262.999999839059	-2917556.6604888216	310.86550303035926	3.35	8:21:01
989.2%	2473000	7266.999999838964	-2916692.5354888216	310.84575640203286	3.35	8:14:15
989.6%	2474000	7270.999999838869	-2922384.3479888216	310.5443352189592	3.34	8:10:17
990.0%	2475000	7274.999999838775	-2918915.5979888216	310.0153704762123	3.34	8:07:17
990.4%	2476000	7278.99999983868	-2915989.7854888216	311.4049380255074	3.34	7:59:51
990.8%	2477000	7282.999999838586	-2919141.7229888216	310.4476523533325	3.33	7:50:07
991.2%	2478000	7286.999999838491	-2917625.5979888216	309.6220805078698	3.32	7:40:05
991.6%	2479000	7290.999999838396	-2917488.0354888216	310.37811671524344	3.32	7:31:56
992.0%	2480000	7294.999999838302	-2915552.2229888216	310.5453709735047	3.32	7:25:29
992.4%	2481000	7298.999999838207	-2918558.4104888216	310.3950310545496	3.31	7:18:20
992.8%	2482000	7302.999999838113	-2918108.5979888216	310.8743337552404	3.31	7:14:10
993.2%	2483000	7306.999999838018	-2919539.9729888216	310.1064750752048	3.3	7:07:22
993.6%	2484000	7310.9999998379235	-2917920.4729888216	308.8932935341321	3.3	7:02:04
994.0%	2485000	7314.999999837829	-2919265.9729888216	309.9043749281872	3.29	6:49:41
994.4%	2486000	7318.999999837734	-2917182.1604888216	309.6126309132371	3.29	6:39:49
994.8%	2487000	7322.99999983764	-2916751.5354888216	310.62981127356943	3.28	6:29:32
995.2%	2488000	7326.999999837545	-2915190.5979888216	310.78494374463145	3.27	6:22:38
995.6%	2489000	7330.999999837451	-2919566.0354888216	310.9344325612298	3.27	6:12:30
996.0%	2490000	7334.999999837356	-2917824.1604888216	310.25873928360363	3.26	6:01:18
996.4%	2491000	7338.999999837261	-2917196.2229888216	310.149293445233	3.25	5:52:50
996.8%	2492000	7342.999999837167	-2917737.0354888216	311.91261656297763	3.25	5:49:51
997.2%	2493000	7346.999999837072	-2918593.8479888216	310.09522292887414	3.25	5:46:38
997.6%	2494000	7350.999999836978	-2915835.0354888216	310.2579373588019	3.25	5:42:08
998.0%	2495000	7354.999999836883	-2917512.3479888216	309.7829628399063	3.25	5:35:46
998.4%	2496000	7358.999999836788	-2915308.6604888216	310.92544686801324	3.23	5:18:31
998.8%	2497000	7362.999999836694	-2917999.0354888216	310.1854956952776	3.23	5:10:22
999.2%	2498000	7366.999999836599	-2918570.1604888216	310.42263035789136	3.22	4:59:38
999.6%	2499000	7370.999999836505	-2919841.9104888216	309.8964464405134	3.22	4:52:38
1000.0%	2500000	7374.99999983641	-2920386.2229888216	310.1591379808787	3.21	4:39:45
1000.4%	2501000	7378.9999998363155	-2917258.0354888216	310.63932788369726	3.2	4:28:54
1000.8%	2502000	7382.999999836221	-2914800.9729888216	310.95288193932015	3.19	4:19:30
1001.2%	2503000	7386.999999836126	-2918250.0979888216	311.42524315628623	3.19	4:15:34
1001.6%	2504000	7390.999999836032	-2918745.4729888216	309.6182899810107	3.19	4:08:36
1002.0%	2505000	7394.999999835937	-2917398.9104888216	310.3722399844044	3.19	4:07:34
1002.4%	2506000	7398.999999835843	-2918542.4104888216	310.48089209767096	3.19	4:05:57
1002.8%	2507000	7402.999999835748	-2918741.8479888216	310.36190299959287	3.19	4:00:14
1003.2%	2508000	7406.999999835653	-2919980.5354888216	311.1637782426494	3.18	3:47:48
1003.6%	2509000	7410.999999835559	-2916738.2854888216	309.4711970285406	3.17	3:38:29
1004.0%	2510000	7414.999999835464	-2918087.7229888216	309.87560049622977	3.17	3:28:43
1004.4%	2511000	7418.99999983537	-2917262.9104888216	310.63048066231767	3.16	3:22:28
1004.8%	2512000	7422.999999835275	-2917560.4729888216	311.33196996138497	3.16	3:16:18
1005.2%	2513000	7426.9999998351805	-2916167.0354888216	309.77373156310523	3.16	3:08:57
1005.6%	2514000	7430.999999835086	-2916937.2229888216	310.32028584439684	3.15	3:01:59
1006.0%	2515000	7434.999999834991	-2916400.7854888216	311.0560852586791	3.15	2:57:10
1006.4%	2516000	7438.999999834897	-2917182.4729888216	311.8014058589302	3.15	2:54:10
1006.8%	2517000	7442.999999834802	-2917432.2854888216	310.3260064847664	3.15	2:51:00
1007.2%	2518000	7446.9999998347075	-2916741.6604888216	311.60737361400385	3.14	2:45:59
1007.6%	2519000	7450.999999834613	-2918644.4729888216	310.088918015322	3.14	2:39:28
1008.0%	2520000	7454.999999834518	-2915091.9729888216	311.2614491978112	3.14	2:31:27
1008.4%	2521000	7458.999999834424	-2916207.7854888216	310.140213123439	3.13	2:25:46
1008.8%	2522000	7462.999999834329	-2919055.6604888216	311.41431343535317	3.13	2:13:47
1009.2%	2523000	7466.999999834235	-2920369.2854888216	310.8342734985423	3.12	1:58:47
1009.6%	2524000	7470.99999983414	-2917598.6604888216	310.4641521646033	3.12	1:58:53
1010.0%	2525000	7474.999999834045	-2918038.6604888216	310.5712517895627	3.12	2:03:08
1010.4%	2526000	7478.999999833951	-2916257.2229888216	310.6485765203252	3.13	2:06:12
1010.8%	2527000	7482.999999833856	-2916492.1604888216	311.06047857520787	3.13	2:07:07
1011.2%	2528000	7486.999999833762	-2916643.0354888216	310.6136935088283	3.13	2:04:22
1011.6%	2529000	7490.999999833667	-2920097.2229888216	310.69590588772434	3.13	2:02:28
1012.0%	2530000	7494.9999998335725	-2917769.8479888216	310.5749812822859	3.13	2:01:21
1012.4%	2531000	7498.999999833478	-2921607.4729888216	309.4659414277077	3.13	2:02:55
1012.8%	2532000	7502.999999833383	-2917226.7229888216	309.9520092450242	3.13	2:04:22
1013.2%	2533000	7506.999999833289	-2918529.4104888216	311.1423431303797	3.14	2:05:35
1013.6%	2534000	7510.999999833194	-2917739.5354888216	310.31261808961824	3.14	2:06:24
1014.0%	2535000	7514.9999998330995	-2916458.9729888216	309.26714398134015	3.14	2:09:58
1014.4%	2536000	7518.999999833005	-2914561.0354888216	311.0788762524442	3.14	2:12:36
1014.8%	2537000	7522.99999983291	-2919390.3479888216	310.471519233286	3.15	2:15:35
1015.2%	2538000	7526.999999832816	-2917348.2229888216	309.6857664234131	3.15	2:16:27
1015.6%	2539000	7530.999999832721	-2917102.4729888216	310.9895132930451	3.15	2:15:45
1016.0%	2540000	7534.999999832627	-2918103.7229888216	311.19647210502404	3.15	2:15:29
1016.4%	2541000	7538.999999832532	-2918173.4729888216	310.0311768851208	3.15	2:15:42
1016.8%	2542000	7542.999999832437	-2917379.9729888216	310.73413782748435	3.15	2:13:39
1017.2%	2543000	7546.999999832343	-2916235.5354888216	310.8853085890402	3.15	2:13:31
1017.6%	2544000	7550.999999832248	-2916153.5979888216	308.65205587335595	3.16	2:13:16
1018.0%	2545000	7554.999999832154	-2916516.4729888216	310.5631893584568	3.16	2:12:37
1018.4%	2546000	7558.999999832059	-2917110.1604888216	310.8922591260796	3.16	2:11:05
1018.8%	2547000	7562.9999998319645	-2916604.9729888216	310.0728537124378	3.16	2:10:20
1019.2%	2548000	7566.99999983187	-2918193.6604888216	309.61377742861436	3.16	2:09:10
1019.6%	2549000	7570.999999831775	-2916071.2229888216	309.5096150158233	3.16	2:10:22
1020.0%	2550000	7574.999999831681	-2916566.4729888216	310.0580011085231	3.16	2:10:46
1020.4%	2551000	7578.999999831586	-2915999.2854888216	310.38343443845747	3.16	2:09:38
1020.8%	2552000	7582.999999831492	-2917292.4104888216	310.68016089496246	3.16	2:08:13
1021.2%	2553000	7586.999999831397	-2920875.0354888216	310.5071077865419	3.16	2:07:49
1021.6%	2554000	7590.999999831302	-2913778.7229888216	310.26017488671044	3.17	2:12:10
1022.0%	2555000	7594.999999831208	-2916492.7229888216	310.18943610637996	3.17	2:15:56
1022.4%	2556000	7598.999999831113	-2916602.4104888216	308.8391702752514	3.18	2:19:45
1022.8%	2557000	7602.999999831019	-2918950.6604888216	310.30117964629216	3.18	2:24:05
1023.2%	2558000	7606.999999830924	-2913296.7229888216	310.5655832168323	3.19	2:27:15
1023.6%	2559000	7610.999999830829	-2914983.2854888216	310.1167998735352	3.19	2:30:30
1024.0%	2560000	7614.999999830735	-2917919.2854888216	310.91685337277454	3.19	2:31:00
1024.4%	2561000	7618.99999983064	-2921549.9729888216	310.01279688520964	3.19	2:29:23
1024.8%	2562000	7622.999999830546	-2919659.2229888216	310.42691184527035	3.19	2:28:48
1025.2%	2563000	7626.999999830451	-2918287.1604888216	310.3209713715988	3.19	2:28:35
1025.6%	2564000	7630.9999998303565	-2917363.4104888216	309.91896103064244	3.2	2:28:44
1026.0%	2565000	7634.999999830262	-2919649.1604888216	310.04652236508645	3.2	2:29:34
1026.4%	2566000	7638.999999830167	-2918139.8479888216	310.01727174516935	3.2	2:30:37
1026.8%	2567000	7642.999999830073	-2918337.4104888216	310.1445443700931	3.2	2:32:55
1027.2%	2568000	7646.999999829978	-2916750.4729888216	310.4518676614759	3.21	2:35:18
1027.6%	2569000	7650.999999829884	-2916201.1604888216	310.238073524238	3.21	2:36:13
1028.0%	2570000	7654.999999829789	-2917045.2854888216	310.6644102849417	3.21	2:38:24
1028.4%	2571000	7658.999999829694	-2918304.1604888216	310.28703780885456	3.22	2:42:25
1028.8%	2572000	7662.9999998296	-2918109.3479888216	310.869227025345	3.22	2:46:04
1029.2%	2573000	7666.999999829505	-2911872.9104888216	311.0029427106043	3.22	2:49:02
1029.6%	2574000	7670.999999829411	-2918280.0354888216	310.9069236151633	3.23	2:51:17
1030.0%	2575000	7674.999999829316	-2917020.2854888216	310.0498491568537	3.23	2:52:38
1030.4%	2576000	7678.999999829221	-2914423.5979888216	310.53237783789115	3.23	2:55:10
1030.8%	2577000	7682.999999829127	-2916168.4104888216	309.5992996476899	3.24	2:58:26
1031.2%	2578000	7686.999999829032	-2919844.2854888216	310.93517294835374	3.24	2:59:16
1031.6%	2579000	7690.999999828938	-2915534.0979888216	309.8203814398843	3.24	3:00:46
1032.0%	2580000	7694.999999828843	-2914427.6604888216	311.3744315633312	3.24	3:02:27
1032.4%	2581000	7698.9999998287485	-2914569.4729888216	310.53940117967335	3.24	3:01:42
1032.8%	2582000	7702.999999828654	-2914632.9104888216	310.02400412981865	3.24	2:58:09
1033.2%	2583000	7706.999999828559	-2915717.5354888216	311.0078708799483	3.24	2:53:17
1033.6%	2584000	7710.999999828465	-2917454.9104888216	309.7427587571425	3.24	2:50:08
1034.0%	2585000	7714.99999982837	-2916637.6604888216	309.35395261019556	3.24	2:48:00
1034.4%	2586000	7718.999999828276	-2917585.4729888216	310.83816809100966	3.24	2:48:08
1034.8%	2587000	7722.999999828181	-2913198.0979888216	311.3274779294011	3.24	2:47:52
1035.2%	2588000	7726.999999828086	-2918196.2229888216	311.3700419484918	3.24	2:47:42
1035.6%	2589000	7730.999999827992	-2916999.7854888216	310.31750479889024	3.24	2:46:25
1036.0%	2590000	7734.999999827897	-2916230.4729888216	310.5805760395866	3.24	2:41:25
1036.4%	2591000	7738.999999827803	-2918450.6604888216	310.48965434107464	3.24	2:38:59
1036.8%	2592000	7742.999999827708	-2917448.5979888216	309.651186919014	3.24	2:38:02
1037.2%	2593000	7746.9999998276135	-2919574.4104888216	310.09040207288945	3.24	2:38:01
1037.6%	2594000	7750.999999827519	-2917089.7229888216	309.79495557928686	3.24	2:36:14
1038.0%	2595000	7754.999999827424	-2916242.8479888216	310.26750946153606	3.24	2:34:38
1038.4%	2596000	7758.99999982733	-2919122.8479888216	310.22153847233346	3.24	2:31:43
1038.8%	2597000	7762.999999827235	-2917121.0979888216	309.6839269912787	3.24	2:26:29
1039.2%	2598000	7766.9999998271405	-2922364.7854888216	310.87282826507914	3.24	2:21:18
1039.6%	2599000	7770.999999827046	-2915054.4729888216	310.17926971005176	3.23	2:14:19
1040.0%	2600000	7774.999999826951	-2918669.2854888216	309.7927650866825	3.23	2:11:28
1040.4%	2601000	7778.999999826857	-2916675.8479888216	310.64218218497626	3.23	2:08:47
1040.8%	2602000	7782.999999826762	-2918791.5979888216	310.4769460789802	3.23	2:03:30
1041.2%	2603000	7786.999999826668	-2917635.9729888216	311.37719218356693	3.23	2:00:48
1041.6%	2604000	7790.999999826573	-2919662.0354888216	310.649172825335	3.23	1:56:25
1042.0%	2605000	7794.999999826478	-2916423.8479888216	310.90377375290797	3.22	1:53:13
1042.4%	2606000	7798.999999826384	-2914233.0979888216	309.7535258028209	3.22	1:49:59
1042.8%	2607000	7802.999999826289	-2914237.1604888216	310.13825126575136	3.22	1:45:48
1043.2%	2608000	7806.999999826195	-2916706.2229888216	310.2167926415464	3.22	1:43:39
1043.6%	2609000	7810.9999998261	-2919062.9729888216	310.2718267885544	3.22	1:43:07
1044.0%	2610000	7814.9999998260055	-2914606.2229888216	309.9163294853308	3.22	1:43:09
1044.4%	2611000	7818.999999825911	-2912027.5979888216	310.59391053503265	3.23	1:44:59
1044.8%	2612000	7822.999999825816	-2915408.8479888216	311.2896347694761	3.23	1:45:56
1045.2%	2613000	7826.999999825722	-2919270.4104888216	310.132770228352	3.23	1:47:54
1045.6%	2614000	7830.999999825627	-2918685.8479888216	310.3451994295969	3.23	1:50:06
1046.0%	2615000	7834.9999998255325	-2920409.2229888216	310.71249042903594	3.24	1:53:02
1046.4%	2616000	7838.999999825438	-2921319.3479888216	310.8446879479634	3.24	1:57:09
1046.8%	2617000	7842.999999825343	-2918868.4729888216	311.0853022767032	3.25	2:01:32
1047.2%	2618000	7846.999999825249	-2914968.5354888216	309.557846531094	3.25	2:05:53
1047.6%	2619000	7850.999999825154	-2920176.7229888216	310.70786887585325	3.26	2:10:11
1048.0%	2620000	7854.99999982506	-2915042.0354888216	309.9791821738067	3.26	2:13:30
1048.4%	2621000	7858.999999824965	-2915282.4729888216	310.19461086911804	3.27	2:17:11
1048.8%	2622000	7862.99999982487	-2918545.5979888216	311.06426958106505	3.27	2:19:08
1049.2%	2623000	7866.999999824776	-2916773.2854888216	310.63740009895105	3.27	2:21:46
1049.6%	2624000	7870.999999824681	-2914099.9729888216	310.50581244930305	3.27	2:23:55
1050.0%	2625000	7874.999999824587	-2916490.3479888216	311.382918089809	3.28	2:26:21
