Loading parameters
/opt/homebrew/anaconda3/envs/biochemcore/lib/python3.11/site-packages/openmm/app/charmmparameterset.py:391: UserWarning: Replacing dihedral <DihedralType: k=0.2; phase=180.0; per=3> with <DihedralType: k=0.3; phase=0.0; per=3>
  warnings.warn('Replacing dihedral %r with %r' %
/opt/homebrew/anaconda3/envs/biochemcore/lib/python3.11/site-packages/openmm/app/charmmparameterset.py:391: UserWarning: Replacing dihedral <DihedralType: k=0.2; phase=0.0; per=3> with <DihedralType: k=0.195; phase=0.0; per=3>
  warnings.warn('Replacing dihedral %r with %r' %
/opt/homebrew/anaconda3/envs/biochemcore/lib/python3.11/site-packages/openmm/app/charmmparameterset.py:391: UserWarning: Replacing dihedral <DihedralType: k=0.44; phase=180.0; per=3> with <DihedralType: k=0.195; phase=0.0; per=3>
  warnings.warn('Replacing dihedral %r with %r' %
/opt/homebrew/anaconda3/envs/biochemcore/lib/python3.11/site-packages/openmm/app/charmmparameterset.py:391: UserWarning: Replacing dihedral <DihedralType: k=0.85; phase=180.0; per=3> with <DihedralType: k=0.04; phase=0.0; per=3>
  warnings.warn('Replacing dihedral %r with %r' %
/opt/homebrew/anaconda3/envs/biochemcore/lib/python3.11/site-packages/openmm/app/charmmparameterset.py:391: UserWarning: Replacing dihedral <DihedralType: k=0.3; phase=0.0; per=3> with <DihedralType: k=0.8; phase=0.0; per=3>
  warnings.warn('Replacing dihedral %r with %r' %
/opt/homebrew/anaconda3/envs/biochemcore/lib/python3.11/site-packages/openmm/app/charmmparameterset.py:391: UserWarning: Replacing dihedral <DihedralType: k=0.82; phase=0.0; per=1> with <DihedralType: k=0.14; phase=180.0; per=1>
  warnings.warn('Replacing dihedral %r with %r' %
/opt/homebrew/anaconda3/envs/biochemcore/lib/python3.11/site-packages/openmm/app/charmmparameterset.py:391: UserWarning: Replacing dihedral <DihedralType: k=0.0; phase=0.0; per=2> with <DihedralType: k=0.17; phase=0.0; per=2>
  warnings.warn('Replacing dihedral %r with %r' %
/opt/homebrew/anaconda3/envs/biochemcore/lib/python3.11/site-packages/openmm/app/charmmparameterset.py:391: UserWarning: Replacing dihedral <DihedralType: k=0.5; phase=0.0; per=3> with <DihedralType: k=0.05; phase=180.0; per=3>
  warnings.warn('Replacing dihedral %r with %r' %
/opt/homebrew/anaconda3/envs/biochemcore/lib/python3.11/site-packages/openmm/app/charmmparameterset.py:391: UserWarning: Replacing dihedral <DihedralType: k=0.33; phase=180.0; per=3> with <DihedralType: k=0.2; phase=0.0; per=3>
  warnings.warn('Replacing dihedral %r with %r' %
/opt/homebrew/anaconda3/envs/biochemcore/lib/python3.11/site-packages/openmm/app/charmmparameterset.py:391: UserWarning: Replacing dihedral <DihedralType: k=0.2; phase=180.0; per=2> with <DihedralType: k=0.4; phase=180.0; per=2>
  warnings.warn('Replacing dihedral %r with %r' %
/opt/homebrew/anaconda3/envs/biochemcore/lib/python3.11/site-packages/openmm/app/charmmparameterset.py:391: UserWarning: Replacing dihedral <DihedralType: k=0.59; phase=0.0; per=3> with <DihedralType: k=0.2; phase=0.0; per=3>
  warnings.warn('Replacing dihedral %r with %r' %
/opt/homebrew/anaconda3/envs/biochemcore/lib/python3.11/site-packages/openmm/app/charmmparameterset.py:391: UserWarning: Replacing dihedral <DihedralType: k=0.07; phase=180.0; per=6> with <DihedralType: k=0.0; phase=180.0; per=6>
  warnings.warn('Replacing dihedral %r with %r' %
/opt/homebrew/anaconda3/envs/biochemcore/lib/python3.11/site-packages/openmm/app/charmmparameterset.py:391: UserWarning: Replacing dihedral <DihedralType: k=0.0; phase=0.0; per=3> with <DihedralType: k=0.0; phase=180.0; per=3>
  warnings.warn('Replacing dihedral %r with %r' %
/opt/homebrew/anaconda3/envs/biochemcore/lib/python3.11/site-packages/openmm/app/charmmparameterset.py:391: UserWarning: Replacing dihedral <DihedralType: k=0.29; phase=0.0; per=3> with <DihedralType: k=0.6; phase=180.0; per=3>
  warnings.warn('Replacing dihedral %r with %r' %
/opt/homebrew/anaconda3/envs/biochemcore/lib/python3.11/site-packages/openmm/app/charmmparameterset.py:391: UserWarning: Replacing dihedral <DihedralType: k=1.21; phase=180.0; per=1> with <DihedralType: k=1.9; phase=180.0; per=1>
  warnings.warn('Replacing dihedral %r with %r' %
/opt/homebrew/anaconda3/envs/biochemcore/lib/python3.11/site-packages/openmm/app/charmmparameterset.py:391: UserWarning: Replacing dihedral <DihedralType: k=0.02; phase=0.0; per=2> with <DihedralType: k=0.4; phase=180.0; per=2>
  warnings.warn('Replacing dihedral %r with %r' %
/opt/homebrew/anaconda3/envs/biochemcore/lib/python3.11/site-packages/openmm/app/charmmparameterset.py:391: UserWarning: Replacing dihedral <DihedralType: k=0.82; phase=0.0; per=2> with <DihedralType: k=1.5; phase=0.0; per=2>
  warnings.warn('Replacing dihedral %r with %r' %
/opt/homebrew/anaconda3/envs/biochemcore/lib/python3.11/site-packages/openmm/app/charmmparameterset.py:391: UserWarning: Replacing dihedral <DihedralType: k=1.42; phase=180.0; per=1> with <DihedralType: k=2.5; phase=180.0; per=1>
  warnings.warn('Replacing dihedral %r with %r' %
/opt/homebrew/anaconda3/envs/biochemcore/lib/python3.11/site-packages/openmm/app/charmmparameterset.py:391: UserWarning: Replacing dihedral <DihedralType: k=1.02; phase=0.0; per=3> with <DihedralType: k=0.5; phase=0.0; per=3>
  warnings.warn('Replacing dihedral %r with %r' %
/opt/homebrew/anaconda3/envs/biochemcore/lib/python3.11/site-packages/openmm/app/charmmparameterset.py:391: UserWarning: Replacing dihedral <DihedralType: k=0.28; phase=0.0; per=3> with <DihedralType: k=0.2; phase=0.0; per=3>
  warnings.warn('Replacing dihedral %r with %r' %
/opt/homebrew/anaconda3/envs/biochemcore/lib/python3.11/site-packages/openmm/app/charmmparameterset.py:391: UserWarning: Replacing dihedral <DihedralType: k=2.0; phase=0.0; per=1> with <DihedralType: k=2.5; phase=180.0; per=1>
  warnings.warn('Replacing dihedral %r with %r' %
/opt/homebrew/anaconda3/envs/biochemcore/lib/python3.11/site-packages/openmm/app/charmmparameterset.py:391: UserWarning: Replacing dihedral <DihedralType: k=1.8; phase=0.0; per=2> with <DihedralType: k=1.5; phase=0.0; per=2>
  warnings.warn('Replacing dihedral %r with %r' %
/opt/homebrew/anaconda3/envs/biochemcore/lib/python3.11/site-packages/openmm/app/charmmparameterset.py:391: UserWarning: Replacing dihedral <DihedralType: k=1.3; phase=0.0; per=3> with <DihedralType: k=0.1; phase=0.0; per=3>
  warnings.warn('Replacing dihedral %r with %r' %
/opt/homebrew/anaconda3/envs/biochemcore/lib/python3.11/site-packages/openmm/app/charmmparameterset.py:391: UserWarning: Replacing dihedral <DihedralType: k=0.5; phase=0.0; per=3> with <DihedralType: k=0.16; phase=0.0; per=3>
  warnings.warn('Replacing dihedral %r with %r' %
/opt/homebrew/anaconda3/envs/biochemcore/lib/python3.11/site-packages/openmm/app/charmmparameterset.py:391: UserWarning: Replacing dihedral <DihedralType: k=0.2; phase=0.0; per=3> with <DihedralType: k=0.8; phase=0.0; per=3>
  warnings.warn('Replacing dihedral %r with %r' %
/opt/homebrew/anaconda3/envs/biochemcore/lib/python3.11/site-packages/openmm/app/charmmparameterset.py:391: UserWarning: Replacing dihedral <DihedralType: k=0.07; phase=0.0; per=3> with <DihedralType: k=0.065; phase=0.0; per=3>
  warnings.warn('Replacing dihedral %r with %r' %
/opt/homebrew/anaconda3/envs/biochemcore/lib/python3.11/site-packages/openmm/app/charmmparameterset.py:391: UserWarning: Replacing dihedral <DihedralType: k=0.28; phase=0.0; per=3> with <DihedralType: k=0.284; phase=0.0; per=3>
  warnings.warn('Replacing dihedral %r with %r' %
/opt/homebrew/anaconda3/envs/biochemcore/lib/python3.11/site-packages/openmm/app/charmmparameterset.py:391: UserWarning: Replacing dihedral <DihedralType: k=1.17; phase=180.0; per=2> with <DihedralType: k=1.7; phase=0.0; per=2>
  warnings.warn('Replacing dihedral %r with %r' %
/opt/homebrew/anaconda3/envs/biochemcore/lib/python3.11/site-packages/openmm/app/charmmparameterset.py:391: UserWarning: Replacing dihedral <DihedralType: k=0.03; phase=180.0; per=3> with <DihedralType: k=0.3; phase=0.0; per=3>
  warnings.warn('Replacing dihedral %r with %r' %
/opt/homebrew/anaconda3/envs/biochemcore/lib/python3.11/site-packages/openmm/app/charmmparameterset.py:391: UserWarning: Replacing dihedral <DihedralType: k=0.16; phase=180.0; per=2> with <DihedralType: k=0.55; phase=180.0; per=2>
  warnings.warn('Replacing dihedral %r with %r' %
/opt/homebrew/anaconda3/envs/biochemcore/lib/python3.11/site-packages/openmm/app/charmmparameterset.py:391: UserWarning: Replacing dihedral <DihedralType: k=0.8; phase=180.0; per=1> with <DihedralType: k=2.5; phase=180.0; per=1>
  warnings.warn('Replacing dihedral %r with %r' %
/opt/homebrew/anaconda3/envs/biochemcore/lib/python3.11/site-packages/openmm/app/charmmparameterset.py:391: UserWarning: Replacing dihedral <DihedralType: k=0.5; phase=0.0; per=2> with <DihedralType: k=1.5; phase=0.0; per=2>
  warnings.warn('Replacing dihedral %r with %r' %
/opt/homebrew/anaconda3/envs/biochemcore/lib/python3.11/site-packages/openmm/app/charmmparameterset.py:391: UserWarning: Replacing dihedral <DihedralType: k=0.7; phase=0.0; per=3> with <DihedralType: k=0.5; phase=0.0; per=3>
  warnings.warn('Replacing dihedral %r with %r' %
/opt/homebrew/anaconda3/envs/biochemcore/lib/python3.11/site-packages/openmm/app/charmmparameterset.py:391: UserWarning: Replacing dihedral <DihedralType: k=0.07; phase=180.0; per=3> with <DihedralType: k=0.065; phase=180.0; per=3>
  warnings.warn('Replacing dihedral %r with %r' %
/opt/homebrew/anaconda3/envs/biochemcore/lib/python3.11/site-packages/openmm/app/charmmparameterset.py:391: UserWarning: Replacing dihedral <DihedralType: k=1.3; phase=180.0; per=3> with <DihedralType: k=0.195; phase=0.0; per=3>
  warnings.warn('Replacing dihedral %r with %r' %
/opt/homebrew/anaconda3/envs/biochemcore/lib/python3.11/site-packages/openmm/app/charmmparameterset.py:391: UserWarning: Replacing dihedral <DihedralType: k=0.14; phase=180.0; per=3> with <DihedralType: k=0.8; phase=0.0; per=3>
  warnings.warn('Replacing dihedral %r with %r' %
/opt/homebrew/anaconda3/envs/biochemcore/lib/python3.11/site-packages/openmm/app/charmmparameterset.py:391: UserWarning: Replacing dihedral <DihedralType: k=0.3; phase=0.0; per=3> with <DihedralType: k=0.16; phase=0.0; per=3>
  warnings.warn('Replacing dihedral %r with %r' %
/opt/homebrew/anaconda3/envs/biochemcore/lib/python3.11/site-packages/openmm/app/charmmparameterset.py:391: UserWarning: Replacing dihedral <DihedralType: k=0.08; phase=180.0; per=1> with <DihedralType: k=0.0; phase=0.0; per=1>
  warnings.warn('Replacing dihedral %r with %r' %
/opt/homebrew/anaconda3/envs/biochemcore/lib/python3.11/site-packages/openmm/app/charmmparameterset.py:391: UserWarning: Replacing dihedral <DihedralType: k=0.02; phase=0.0; per=2> with <DihedralType: k=1.5; phase=0.0; per=2>
  warnings.warn('Replacing dihedral %r with %r' %
/opt/homebrew/anaconda3/envs/biochemcore/lib/python3.11/site-packages/openmm/app/charmmparameterset.py:391: UserWarning: Replacing dihedral <DihedralType: k=2.28; phase=180.0; per=3> with <DihedralType: k=0.5; phase=0.0; per=3>
  warnings.warn('Replacing dihedral %r with %r' %
/opt/homebrew/anaconda3/envs/biochemcore/lib/python3.11/site-packages/openmm/app/charmmparameterset.py:391: UserWarning: Replacing dihedral <DihedralType: k=0.24; phase=0.0; per=1> with <DihedralType: k=2.5; phase=180.0; per=1>
  warnings.warn('Replacing dihedral %r with %r' %
/opt/homebrew/anaconda3/envs/biochemcore/lib/python3.11/site-packages/openmm/app/charmmparameterset.py:391: UserWarning: Replacing dihedral <DihedralType: k=0.03; phase=0.0; per=3> with <DihedralType: k=0.1; phase=0.0; per=3>
  warnings.warn('Replacing dihedral %r with %r' %
/opt/homebrew/anaconda3/envs/biochemcore/lib/python3.11/site-packages/openmm/app/charmmparameterset.py:391: UserWarning: Replacing dihedral <DihedralType: k=4.59; phase=0.0; per=1> with <DihedralType: k=0.6; phase=0.0; per=1>
  warnings.warn('Replacing dihedral %r with %r' %
/opt/homebrew/anaconda3/envs/biochemcore/lib/python3.11/site-packages/openmm/app/charmmparameterset.py:391: UserWarning: Replacing dihedral <DihedralType: k=0.62; phase=0.0; per=3> with <DihedralType: k=0.3; phase=0.0; per=3>
  warnings.warn('Replacing dihedral %r with %r' %
/opt/homebrew/anaconda3/envs/biochemcore/lib/python3.11/site-packages/openmm/app/charmmparameterset.py:391: UserWarning: Replacing dihedral <DihedralType: k=2.23; phase=0.0; per=1> with <DihedralType: k=0.3; phase=0.0; per=1>
  warnings.warn('Replacing dihedral %r with %r' %
/opt/homebrew/anaconda3/envs/biochemcore/lib/python3.11/site-packages/openmm/app/charmmparameterset.py:391: UserWarning: Replacing dihedral <DihedralType: k=0.86; phase=0.0; per=2> with <DihedralType: k=0.55; phase=180.0; per=2>
  warnings.warn('Replacing dihedral %r with %r' %
/opt/homebrew/anaconda3/envs/biochemcore/lib/python3.11/site-packages/openmm/app/charmmparameterset.py:391: UserWarning: Replacing dihedral <DihedralType: k=0.8; phase=0.0; per=3> with <DihedralType: k=0.2; phase=0.0; per=3>
  warnings.warn('Replacing dihedral %r with %r' %
/opt/homebrew/anaconda3/envs/biochemcore/lib/python3.11/site-packages/openmm/app/charmmparameterset.py:391: UserWarning: Replacing dihedral <DihedralType: k=4.99; phase=180.0; per=1> with <DihedralType: k=0.0; phase=0.0; per=1>
  warnings.warn('Replacing dihedral %r with %r' %
/opt/homebrew/anaconda3/envs/biochemcore/lib/python3.11/site-packages/openmm/app/charmmparameterset.py:391: UserWarning: Replacing dihedral <DihedralType: k=0.3; phase=0.0; per=3> with <DihedralType: k=0.1; phase=0.0; per=3>
  warnings.warn('Replacing dihedral %r with %r' %
/opt/homebrew/anaconda3/envs/biochemcore/lib/python3.11/site-packages/openmm/app/charmmparameterset.py:391: UserWarning: Replacing dihedral <DihedralType: k=1.66; phase=180.0; per=2> with <DihedralType: k=1.025; phase=180.0; per=2>
  warnings.warn('Replacing dihedral %r with %r' %
/opt/homebrew/anaconda3/envs/biochemcore/lib/python3.11/site-packages/openmm/app/charmmparameterset.py:391: UserWarning: Replacing dihedral <DihedralType: k=0.0; phase=0.0; per=3> with <DihedralType: k=0.42; phase=0.0; per=3>
  warnings.warn('Replacing dihedral %r with %r' %
/opt/homebrew/anaconda3/envs/biochemcore/lib/python3.11/site-packages/openmm/app/charmmparameterset.py:391: UserWarning: Replacing dihedral <DihedralType: k=0.97; phase=180.0; per=1> with <DihedralType: k=0.975; phase=180.0; per=1>
  warnings.warn('Replacing dihedral %r with %r' %
/opt/homebrew/anaconda3/envs/biochemcore/lib/python3.11/site-packages/openmm/app/charmmparameterset.py:391: UserWarning: Replacing dihedral <DihedralType: k=1.0; phase=180.0; per=2> with <DihedralType: k=0.0; phase=0.0; per=2>
  warnings.warn('Replacing dihedral %r with %r' %
/opt/homebrew/anaconda3/envs/biochemcore/lib/python3.11/site-packages/openmm/app/charmmparameterset.py:391: UserWarning: Replacing dihedral <DihedralType: k=0.64; phase=180.0; per=1> with <DihedralType: k=0.4; phase=0.0; per=1>
  warnings.warn('Replacing dihedral %r with %r' %
/opt/homebrew/anaconda3/envs/biochemcore/lib/python3.11/site-packages/openmm/app/charmmparameterset.py:391: UserWarning: Replacing dihedral <DihedralType: k=0.31; phase=180.0; per=1> with <DihedralType: k=0.0; phase=0.0; per=1>
  warnings.warn('Replacing dihedral %r with %r' %
/opt/homebrew/anaconda3/envs/biochemcore/lib/python3.11/site-packages/openmm/app/charmmparameterset.py:391: UserWarning: Replacing dihedral <DihedralType: k=0.85; phase=0.0; per=3> with <DihedralType: k=2.31; phase=180.0; per=3>
  warnings.warn('Replacing dihedral %r with %r' %
/opt/homebrew/anaconda3/envs/biochemcore/lib/python3.11/site-packages/openmm/app/charmmparameterset.py:391: UserWarning: Replacing dihedral <DihedralType: k=2.21; phase=0.0; per=3> with <DihedralType: k=0.0; phase=0.0; per=3>
  warnings.warn('Replacing dihedral %r with %r' %
/opt/homebrew/anaconda3/envs/biochemcore/lib/python3.11/site-packages/openmm/app/charmmparameterset.py:391: UserWarning: Replacing dihedral <DihedralType: k=0.0; phase=180.0; per=2> with <DihedralType: k=15.0; phase=180.0; per=2>
  warnings.warn('Replacing dihedral %r with %r' %
/opt/homebrew/anaconda3/envs/biochemcore/lib/python3.11/site-packages/openmm/app/charmmparameterset.py:391: UserWarning: Replacing dihedral <DihedralType: k=1.33; phase=180.0; per=2> with <DihedralType: k=1.025; phase=180.0; per=2>
  warnings.warn('Replacing dihedral %r with %r' %
/opt/homebrew/anaconda3/envs/biochemcore/lib/python3.11/site-packages/openmm/app/charmmparameterset.py:391: UserWarning: Replacing dihedral <DihedralType: k=7.81; phase=180.0; per=1> with <DihedralType: k=0.6; phase=0.0; per=1>
  warnings.warn('Replacing dihedral %r with %r' %
/opt/homebrew/anaconda3/envs/biochemcore/lib/python3.11/site-packages/openmm/app/charmmparameterset.py:391: UserWarning: Replacing dihedral <DihedralType: k=0.33; phase=0.0; per=1> with <DihedralType: k=1.0; phase=180.0; per=1>
  warnings.warn('Replacing dihedral %r with %r' %
/opt/homebrew/anaconda3/envs/biochemcore/lib/python3.11/site-packages/openmm/app/charmmparameterset.py:391: UserWarning: Replacing dihedral <DihedralType: k=0.17; phase=0.0; per=2> with <DihedralType: k=0.1; phase=0.0; per=2>
  warnings.warn('Replacing dihedral %r with %r' %
/opt/homebrew/anaconda3/envs/biochemcore/lib/python3.11/site-packages/openmm/app/charmmparameterset.py:391: UserWarning: Replacing dihedral <DihedralType: k=1.07; phase=0.0; per=3> with <DihedralType: k=0.3; phase=180.0; per=3>
  warnings.warn('Replacing dihedral %r with %r' %
/opt/homebrew/anaconda3/envs/biochemcore/lib/python3.11/site-packages/openmm/app/charmmparameterset.py:391: UserWarning: Replacing dihedral <DihedralType: k=0.89; phase=0.0; per=4> with <DihedralType: k=0.2; phase=0.0; per=4>
  warnings.warn('Replacing dihedral %r with %r' %
/opt/homebrew/anaconda3/envs/biochemcore/lib/python3.11/site-packages/openmm/app/charmmparameterset.py:391: UserWarning: Replacing dihedral <DihedralType: k=0.59; phase=180.0; per=1> with <DihedralType: k=0.0; phase=0.0; per=1>
  warnings.warn('Replacing dihedral %r with %r' %
/opt/homebrew/anaconda3/envs/biochemcore/lib/python3.11/site-packages/openmm/app/charmmparameterset.py:391: UserWarning: Replacing dihedral <DihedralType: k=0.58; phase=180.0; per=2> with <DihedralType: k=2.5; phase=180.0; per=2>
  warnings.warn('Replacing dihedral %r with %r' %
/opt/homebrew/anaconda3/envs/biochemcore/lib/python3.11/site-packages/openmm/app/charmmparameterset.py:391: UserWarning: Replacing dihedral <DihedralType: k=1.65; phase=180.0; per=2> with <DihedralType: k=2.5; phase=180.0; per=2>
  warnings.warn('Replacing dihedral %r with %r' %
/opt/homebrew/anaconda3/envs/biochemcore/lib/python3.11/site-packages/openmm/app/charmmparameterset.py:391: UserWarning: Replacing dihedral <DihedralType: k=1.67; phase=0.0; per=1> with <DihedralType: k=0.75; phase=0.0; per=1>
  warnings.warn('Replacing dihedral %r with %r' %
/opt/homebrew/anaconda3/envs/biochemcore/lib/python3.11/site-packages/openmm/app/charmmparameterset.py:391: UserWarning: Replacing dihedral <DihedralType: k=0.97; phase=0.0; per=2> with <DihedralType: k=0.18; phase=180.0; per=2>
  warnings.warn('Replacing dihedral %r with %r' %
/opt/homebrew/anaconda3/envs/biochemcore/lib/python3.11/site-packages/openmm/app/charmmparameterset.py:391: UserWarning: Replacing dihedral <DihedralType: k=0.98; phase=180.0; per=3> with <DihedralType: k=0.065; phase=0.0; per=3>
  warnings.warn('Replacing dihedral %r with %r' %
/opt/homebrew/anaconda3/envs/biochemcore/lib/python3.11/site-packages/openmm/app/charmmparameterset.py:391: UserWarning: Replacing dihedral <DihedralType: k=0.06; phase=180.0; per=6> with <DihedralType: k=0.03; phase=0.0; per=6>
  warnings.warn('Replacing dihedral %r with %r' %
/opt/homebrew/anaconda3/envs/biochemcore/lib/python3.11/site-packages/openmm/app/charmmparameterset.py:391: UserWarning: Replacing dihedral <DihedralType: k=0.0; phase=180.0; per=1> with <DihedralType: k=0.75; phase=0.0; per=1>
  warnings.warn('Replacing dihedral %r with %r' %
/opt/homebrew/anaconda3/envs/biochemcore/lib/python3.11/site-packages/openmm/app/charmmparameterset.py:391: UserWarning: Replacing dihedral <DihedralType: k=0.1; phase=180.0; per=3> with <DihedralType: k=0.065; phase=0.0; per=3>
  warnings.warn('Replacing dihedral %r with %r' %
/opt/homebrew/anaconda3/envs/biochemcore/lib/python3.11/site-packages/openmm/app/charmmparameterset.py:391: UserWarning: Replacing dihedral <DihedralType: k=0.0; phase=180.0; per=2> with <DihedralType: k=0.18; phase=180.0; per=2>
  warnings.warn('Replacing dihedral %r with %r' %
/opt/homebrew/anaconda3/envs/biochemcore/lib/python3.11/site-packages/openmm/app/charmmparameterset.py:391: UserWarning: Replacing dihedral <DihedralType: k=0.25; phase=0.0; per=2> with <DihedralType: k=0.18; phase=180.0; per=2>
  warnings.warn('Replacing dihedral %r with %r' %
/opt/homebrew/anaconda3/envs/biochemcore/lib/python3.11/site-packages/openmm/app/charmmparameterset.py:391: UserWarning: Replacing dihedral <DihedralType: k=0.08; phase=180.0; per=1> with <DihedralType: k=0.75; phase=0.0; per=1>
  warnings.warn('Replacing dihedral %r with %r' %
/opt/homebrew/anaconda3/envs/biochemcore/lib/python3.11/site-packages/openmm/app/charmmparameterset.py:391: UserWarning: Replacing dihedral <DihedralType: k=0.43; phase=0.0; per=6> with <DihedralType: k=0.03; phase=0.0; per=6>
  warnings.warn('Replacing dihedral %r with %r' %
/opt/homebrew/anaconda3/envs/biochemcore/lib/python3.11/site-packages/openmm/app/charmmparameterset.py:391: UserWarning: Replacing dihedral <DihedralType: k=0.07; phase=0.0; per=1> with <DihedralType: k=0.75; phase=0.0; per=1>
  warnings.warn('Replacing dihedral %r with %r' %
/opt/homebrew/anaconda3/envs/biochemcore/lib/python3.11/site-packages/openmm/app/charmmparameterset.py:391: UserWarning: Replacing dihedral <DihedralType: k=0.27; phase=0.0; per=3> with <DihedralType: k=0.065; phase=0.0; per=3>
  warnings.warn('Replacing dihedral %r with %r' %
/opt/homebrew/anaconda3/envs/biochemcore/lib/python3.11/site-packages/openmm/app/charmmparameterset.py:391: UserWarning: Replacing dihedral <DihedralType: k=1.71; phase=0.0; per=2> with <DihedralType: k=0.18; phase=180.0; per=2>
  warnings.warn('Replacing dihedral %r with %r' %
/opt/homebrew/anaconda3/envs/biochemcore/lib/python3.11/site-packages/openmm/app/charmmparameterset.py:391: UserWarning: Replacing dihedral <DihedralType: k=0.2; phase=0.0; per=3> with <DihedralType: k=0.35; phase=180.0; per=3>
  warnings.warn('Replacing dihedral %r with %r' %
/opt/homebrew/anaconda3/envs/biochemcore/lib/python3.11/site-packages/openmm/app/charmmparameterset.py:391: UserWarning: Replacing dihedral <DihedralType: k=0.45; phase=0.0; per=3> with <DihedralType: k=0.2; phase=0.0; per=3>
  warnings.warn('Replacing dihedral %r with %r' %
/opt/homebrew/anaconda3/envs/biochemcore/lib/python3.11/site-packages/openmm/app/charmmparameterset.py:391: UserWarning: Replacing dihedral <DihedralType: k=0.03; phase=0.0; per=1> with <DihedralType: k=0.75; phase=0.0; per=1>
  warnings.warn('Replacing dihedral %r with %r' %
/opt/homebrew/anaconda3/envs/biochemcore/lib/python3.11/site-packages/openmm/app/charmmparameterset.py:391: UserWarning: Replacing dihedral <DihedralType: k=0.01; phase=0.0; per=6> with <DihedralType: k=0.03; phase=0.0; per=6>
  warnings.warn('Replacing dihedral %r with %r' %
/opt/homebrew/anaconda3/envs/biochemcore/lib/python3.11/site-packages/openmm/app/charmmparameterset.py:391: UserWarning: Replacing dihedral <DihedralType: k=0.34; phase=180.0; per=3> with <DihedralType: k=0.065; phase=0.0; per=3>
  warnings.warn('Replacing dihedral %r with %r' %
/opt/homebrew/anaconda3/envs/biochemcore/lib/python3.11/site-packages/openmm/app/charmmparameterset.py:391: UserWarning: Replacing dihedral <DihedralType: k=0.08; phase=180.0; per=2> with <DihedralType: k=0.18; phase=180.0; per=2>
  warnings.warn('Replacing dihedral %r with %r' %
/opt/homebrew/anaconda3/envs/biochemcore/lib/python3.11/site-packages/openmm/app/charmmparameterset.py:391: UserWarning: Replacing dihedral <DihedralType: k=0.43; phase=180.0; per=3> with <DihedralType: k=0.2; phase=0.0; per=3>
  warnings.warn('Replacing dihedral %r with %r' %
/opt/homebrew/anaconda3/envs/biochemcore/lib/python3.11/site-packages/openmm/app/charmmparameterset.py:391: UserWarning: Replacing dihedral <DihedralType: k=0.13; phase=0.0; per=6> with <DihedralType: k=0.03; phase=0.0; per=6>
  warnings.warn('Replacing dihedral %r with %r' %
/opt/homebrew/anaconda3/envs/biochemcore/lib/python3.11/site-packages/openmm/app/charmmparameterset.py:391: UserWarning: Replacing dihedral <DihedralType: k=0.11; phase=180.0; per=3> with <DihedralType: k=0.065; phase=180.0; per=3>
  warnings.warn('Replacing dihedral %r with %r' %
/opt/homebrew/anaconda3/envs/biochemcore/lib/python3.11/site-packages/openmm/app/charmmparameterset.py:391: UserWarning: Replacing dihedral <DihedralType: k=0.0; phase=0.0; per=1> with <DihedralType: k=0.75; phase=180.0; per=1>
  warnings.warn('Replacing dihedral %r with %r' %
/opt/homebrew/anaconda3/envs/biochemcore/lib/python3.11/site-packages/openmm/app/charmmparameterset.py:391: UserWarning: Replacing dihedral <DihedralType: k=0.02; phase=0.0; per=2> with <DihedralType: k=0.18; phase=180.0; per=2>
  warnings.warn('Replacing dihedral %r with %r' %
/opt/homebrew/anaconda3/envs/biochemcore/lib/python3.11/site-packages/openmm/app/charmmparameterset.py:391: UserWarning: Replacing dihedral <DihedralType: k=0.0; phase=0.0; per=2> with <DihedralType: k=0.18; phase=180.0; per=2>
  warnings.warn('Replacing dihedral %r with %r' %
/opt/homebrew/anaconda3/envs/biochemcore/lib/python3.11/site-packages/openmm/app/charmmparameterset.py:391: UserWarning: Replacing dihedral <DihedralType: k=0.05; phase=180.0; per=3> with <DihedralType: k=0.065; phase=0.0; per=3>
  warnings.warn('Replacing dihedral %r with %r' %
/opt/homebrew/anaconda3/envs/biochemcore/lib/python3.11/site-packages/openmm/app/charmmparameterset.py:391: UserWarning: Replacing dihedral <DihedralType: k=0.1; phase=0.0; per=1> with <DihedralType: k=0.75; phase=0.0; per=1>
  warnings.warn('Replacing dihedral %r with %r' %
/opt/homebrew/anaconda3/envs/biochemcore/lib/python3.11/site-packages/openmm/app/charmmparameterset.py:391: UserWarning: Replacing dihedral <DihedralType: k=0.26; phase=180.0; per=6> with <DihedralType: k=0.03; phase=0.0; per=6>
  warnings.warn('Replacing dihedral %r with %r' %
/opt/homebrew/anaconda3/envs/biochemcore/lib/python3.11/site-packages/openmm/app/charmmparameterset.py:391: UserWarning: Replacing dihedral <DihedralType: k=0.06; phase=0.0; per=2> with <DihedralType: k=0.18; phase=180.0; per=2>
  warnings.warn('Replacing dihedral %r with %r' %
/opt/homebrew/anaconda3/envs/biochemcore/lib/python3.11/site-packages/openmm/app/charmmparameterset.py:391: UserWarning: Replacing dihedral <DihedralType: k=0.67; phase=180.0; per=1> with <DihedralType: k=0.0; phase=0.0; per=1>
  warnings.warn('Replacing dihedral %r with %r' %
/opt/homebrew/anaconda3/envs/biochemcore/lib/python3.11/site-packages/openmm/app/charmmparameterset.py:391: UserWarning: Replacing dihedral <DihedralType: k=0.02; phase=0.0; per=1> with <DihedralType: k=0.75; phase=180.0; per=1>
  warnings.warn('Replacing dihedral %r with %r' %
/opt/homebrew/anaconda3/envs/biochemcore/lib/python3.11/site-packages/openmm/app/charmmparameterset.py:391: UserWarning: Replacing dihedral <DihedralType: k=0.53; phase=0.0; per=2> with <DihedralType: k=0.18; phase=180.0; per=2>
  warnings.warn('Replacing dihedral %r with %r' %
/opt/homebrew/anaconda3/envs/biochemcore/lib/python3.11/site-packages/openmm/app/charmmparameterset.py:391: UserWarning: Replacing dihedral <DihedralType: k=0.34; phase=180.0; per=6> with <DihedralType: k=0.03; phase=0.0; per=6>
  warnings.warn('Replacing dihedral %r with %r' %
/opt/homebrew/anaconda3/envs/biochemcore/lib/python3.11/site-packages/openmm/app/charmmparameterset.py:391: UserWarning: Replacing dihedral <DihedralType: k=1.27; phase=0.0; per=3> with <DihedralType: k=0.065; phase=180.0; per=3>
  warnings.warn('Replacing dihedral %r with %r' %
/opt/homebrew/anaconda3/envs/biochemcore/lib/python3.11/site-packages/openmm/app/charmmparameterset.py:391: UserWarning: Replacing dihedral <DihedralType: k=0.27; phase=0.0; per=6> with <DihedralType: k=0.03; phase=0.0; per=6>
  warnings.warn('Replacing dihedral %r with %r' %
/opt/homebrew/anaconda3/envs/biochemcore/lib/python3.11/site-packages/openmm/app/charmmparameterset.py:391: UserWarning: Replacing dihedral <DihedralType: k=0.6; phase=0.0; per=1> with <DihedralType: k=0.75; phase=0.0; per=1>
  warnings.warn('Replacing dihedral %r with %r' %
/opt/homebrew/anaconda3/envs/biochemcore/lib/python3.11/site-packages/openmm/app/charmmparameterset.py:391: UserWarning: Replacing dihedral <DihedralType: k=0.11; phase=180.0; per=3> with <DihedralType: k=0.065; phase=0.0; per=3>
  warnings.warn('Replacing dihedral %r with %r' %
/opt/homebrew/anaconda3/envs/biochemcore/lib/python3.11/site-packages/openmm/app/charmmparameterset.py:391: UserWarning: Replacing dihedral <DihedralType: k=0.24; phase=0.0; per=1> with <DihedralType: k=0.0; phase=0.0; per=1>
  warnings.warn('Replacing dihedral %r with %r' %
/opt/homebrew/anaconda3/envs/biochemcore/lib/python3.11/site-packages/openmm/app/charmmparameterset.py:391: UserWarning: Replacing dihedral <DihedralType: k=0.04; phase=0.0; per=3> with <DihedralType: k=0.19; phase=0.0; per=3>
  warnings.warn('Replacing dihedral %r with %r' %
/opt/homebrew/anaconda3/envs/biochemcore/lib/python3.11/site-packages/openmm/app/charmmparameterset.py:391: UserWarning: Replacing dihedral <DihedralType: k=0.0; phase=180.0; per=3> with <DihedralType: k=0.1; phase=0.0; per=3>
  warnings.warn('Replacing dihedral %r with %r' %
/opt/homebrew/anaconda3/envs/biochemcore/lib/python3.11/site-packages/openmm/app/charmmparameterset.py:391: UserWarning: Replacing dihedral <DihedralType: k=0.2; phase=0.0; per=2> with <DihedralType: k=0.23; phase=180.0; per=2>
  warnings.warn('Replacing dihedral %r with %r' %
/opt/homebrew/anaconda3/envs/biochemcore/lib/python3.11/site-packages/openmm/app/charmmparameterset.py:391: UserWarning: Replacing dihedral <DihedralType: k=1.23; phase=180.0; per=1> with <DihedralType: k=0.0; phase=0.0; per=1>
  warnings.warn('Replacing dihedral %r with %r' %
/opt/homebrew/anaconda3/envs/biochemcore/lib/python3.11/site-packages/openmm/app/charmmparameterset.py:391: UserWarning: Replacing dihedral <DihedralType: k=0.11; phase=180.0; per=2> with <DihedralType: k=1.4; phase=180.0; per=2>
  warnings.warn('Replacing dihedral %r with %r' %
/opt/homebrew/anaconda3/envs/biochemcore/lib/python3.11/site-packages/openmm/app/charmmparameterset.py:391: UserWarning: Replacing dihedral <DihedralType: k=0.12; phase=0.0; per=1> with <DihedralType: k=0.6; phase=0.0; per=1>
  warnings.warn('Replacing dihedral %r with %r' %
/opt/homebrew/anaconda3/envs/biochemcore/lib/python3.11/site-packages/openmm/app/charmmparameterset.py:391: UserWarning: Replacing dihedral <DihedralType: k=0.42; phase=180.0; per=3> with <DihedralType: k=0.35; phase=180.0; per=3>
  warnings.warn('Replacing dihedral %r with %r' %
/opt/homebrew/anaconda3/envs/biochemcore/lib/python3.11/site-packages/openmm/app/charmmparameterset.py:391: UserWarning: Replacing dihedral <DihedralType: k=0.37; phase=180.0; per=6> with <DihedralType: k=0.09; phase=180.0; per=6>
  warnings.warn('Replacing dihedral %r with %r' %
/opt/homebrew/anaconda3/envs/biochemcore/lib/python3.11/site-packages/openmm/app/charmmparameterset.py:391: UserWarning: Replacing dihedral <DihedralType: k=3.04; phase=180.0; per=2> with <DihedralType: k=0.39; phase=0.0; per=2>
  warnings.warn('Replacing dihedral %r with %r' %
/opt/homebrew/anaconda3/envs/biochemcore/lib/python3.11/site-packages/openmm/app/charmmparameterset.py:391: UserWarning: Replacing dihedral <DihedralType: k=1.37; phase=180.0; per=1> with <DihedralType: k=0.21; phase=180.0; per=1>
  warnings.warn('Replacing dihedral %r with %r' %
/opt/homebrew/anaconda3/envs/biochemcore/lib/python3.11/site-packages/openmm/app/charmmparameterset.py:391: UserWarning: Replacing dihedral <DihedralType: k=3.83; phase=180.0; per=3> with <DihedralType: k=0.2; phase=0.0; per=3>
  warnings.warn('Replacing dihedral %r with %r' %
/opt/homebrew/anaconda3/envs/biochemcore/lib/python3.11/site-packages/openmm/app/charmmparameterset.py:391: UserWarning: Replacing dihedral <DihedralType: k=0.22; phase=0.0; per=3> with <DihedralType: k=0.2; phase=0.0; per=3>
  warnings.warn('Replacing dihedral %r with %r' %
/opt/homebrew/anaconda3/envs/biochemcore/lib/python3.11/site-packages/openmm/app/charmmparameterset.py:391: UserWarning: Replacing dihedral <DihedralType: k=0.48; phase=180.0; per=3> with <DihedralType: k=0.2; phase=0.0; per=3>
  warnings.warn('Replacing dihedral %r with %r' %
/opt/homebrew/anaconda3/envs/biochemcore/lib/python3.11/site-packages/openmm/app/charmmparameterset.py:391: UserWarning: Replacing dihedral <DihedralType: k=0.22; phase=0.0; per=1> with <DihedralType: k=0.6; phase=0.0; per=1>
  warnings.warn('Replacing dihedral %r with %r' %
/opt/homebrew/anaconda3/envs/biochemcore/lib/python3.11/site-packages/openmm/app/charmmparameterset.py:391: UserWarning: Replacing dihedral <DihedralType: k=0.18; phase=0.0; per=3> with <DihedralType: k=0.16; phase=0.0; per=3>
  warnings.warn('Replacing dihedral %r with %r' %
/opt/homebrew/anaconda3/envs/biochemcore/lib/python3.11/site-packages/openmm/app/charmmparameterset.py:391: UserWarning: Replacing dihedral <DihedralType: k=0.2; phase=0.0; per=3> with <DihedralType: k=0.2; phase=180.0; per=3>
  warnings.warn('Replacing dihedral %r with %r' %
/opt/homebrew/anaconda3/envs/biochemcore/lib/python3.11/site-packages/openmm/app/charmmparameterset.py:391: UserWarning: Replacing dihedral <DihedralType: k=1.37; phase=180.0; per=3> with <DihedralType: k=0.19; phase=0.0; per=3>
  warnings.warn('Replacing dihedral %r with %r' %
/opt/homebrew/anaconda3/envs/biochemcore/lib/python3.11/site-packages/openmm/app/charmmparameterset.py:391: UserWarning: Replacing dihedral <DihedralType: k=0.2; phase=0.0; per=3> with <DihedralType: k=0.16; phase=0.0; per=3>
  warnings.warn('Replacing dihedral %r with %r' %
/opt/homebrew/anaconda3/envs/biochemcore/lib/python3.11/site-packages/openmm/app/charmmparameterset.py:391: UserWarning: Replacing dihedral <DihedralType: k=0.14; phase=0.0; per=3> with <DihedralType: k=0.2; phase=180.0; per=3>
  warnings.warn('Replacing dihedral %r with %r' %
/opt/homebrew/anaconda3/envs/biochemcore/lib/python3.11/site-packages/openmm/app/charmmparameterset.py:391: UserWarning: Replacing dihedral <DihedralType: k=1.71; phase=0.0; per=3> with <DihedralType: k=0.2; phase=0.0; per=3>
  warnings.warn('Replacing dihedral %r with %r' %
/opt/homebrew/anaconda3/envs/biochemcore/lib/python3.11/site-packages/openmm/app/charmmparameterset.py:391: UserWarning: Replacing dihedral <DihedralType: k=0.18; phase=0.0; per=3> with <DihedralType: k=0.185; phase=0.0; per=3>
  warnings.warn('Replacing dihedral %r with %r' %
/opt/homebrew/anaconda3/envs/biochemcore/lib/python3.11/site-packages/openmm/app/charmmparameterset.py:391: UserWarning: Replacing dihedral <DihedralType: k=0.18; phase=0.0; per=3> with <DihedralType: k=0.195; phase=0.0; per=3>
  warnings.warn('Replacing dihedral %r with %r' %
/opt/homebrew/anaconda3/envs/biochemcore/lib/python3.11/site-packages/openmm/app/charmmparameterset.py:391: UserWarning: Replacing dihedral <DihedralType: k=0.44; phase=0.0; per=3> with <DihedralType: k=0.25; phase=0.0; per=3>
  warnings.warn('Replacing dihedral %r with %r' %
/opt/homebrew/anaconda3/envs/biochemcore/lib/python3.11/site-packages/openmm/app/charmmparameterset.py:391: UserWarning: Replacing dihedral <DihedralType: k=0.4; phase=180.0; per=1> with <DihedralType: k=0.16; phase=180.0; per=1>
  warnings.warn('Replacing dihedral %r with %r' %
/opt/homebrew/anaconda3/envs/biochemcore/lib/python3.11/site-packages/openmm/app/charmmparameterset.py:391: UserWarning: Replacing dihedral <DihedralType: k=0.49; phase=180.0; per=2> with <DihedralType: k=0.39; phase=0.0; per=2>
  warnings.warn('Replacing dihedral %r with %r' %
/opt/homebrew/anaconda3/envs/biochemcore/lib/python3.11/site-packages/openmm/app/charmmparameterset.py:391: UserWarning: Replacing dihedral <DihedralType: k=0.23; phase=180.0; per=3> with <DihedralType: k=0.1; phase=0.0; per=3>
  warnings.warn('Replacing dihedral %r with %r' %
/opt/homebrew/anaconda3/envs/biochemcore/lib/python3.11/site-packages/openmm/app/charmmparameterset.py:391: UserWarning: Replacing dihedral <DihedralType: k=4.23; phase=180.0; per=3> with <DihedralType: k=0.195; phase=0.0; per=3>
  warnings.warn('Replacing dihedral %r with %r' %
/opt/homebrew/anaconda3/envs/biochemcore/lib/python3.11/site-packages/openmm/app/charmmparameterset.py:391: UserWarning: Replacing dihedral <DihedralType: k=0.09; phase=0.0; per=1> with <DihedralType: k=0.75; phase=0.0; per=1>
  warnings.warn('Replacing dihedral %r with %r' %
/opt/homebrew/anaconda3/envs/biochemcore/lib/python3.11/site-packages/openmm/app/charmmparameterset.py:391: UserWarning: Replacing dihedral <DihedralType: k=0.82; phase=180.0; per=3> with <DihedralType: k=0.065; phase=0.0; per=3>
  warnings.warn('Replacing dihedral %r with %r' %
/opt/homebrew/anaconda3/envs/biochemcore/lib/python3.11/site-packages/openmm/app/charmmparameterset.py:391: UserWarning: Replacing dihedral <DihedralType: k=0.34; phase=0.0; per=6> with <DihedralType: k=0.03; phase=0.0; per=6>
  warnings.warn('Replacing dihedral %r with %r' %
/opt/homebrew/anaconda3/envs/biochemcore/lib/python3.11/site-packages/openmm/app/charmmparameterset.py:391: UserWarning: Replacing dihedral <DihedralType: k=0.16; phase=0.0; per=1> with <DihedralType: k=0.75; phase=180.0; per=1>
  warnings.warn('Replacing dihedral %r with %r' %
/opt/homebrew/anaconda3/envs/biochemcore/lib/python3.11/site-packages/openmm/app/charmmparameterset.py:391: UserWarning: Replacing dihedral <DihedralType: k=0.01; phase=180.0; per=2> with <DihedralType: k=0.18; phase=180.0; per=2>
  warnings.warn('Replacing dihedral %r with %r' %
/opt/homebrew/anaconda3/envs/biochemcore/lib/python3.11/site-packages/openmm/app/charmmparameterset.py:391: UserWarning: Replacing dihedral <DihedralType: k=0.97; phase=180.0; per=3> with <DihedralType: k=0.065; phase=180.0; per=3>
  warnings.warn('Replacing dihedral %r with %r' %
/opt/homebrew/anaconda3/envs/biochemcore/lib/python3.11/site-packages/openmm/app/charmmparameterset.py:391: UserWarning: Replacing dihedral <DihedralType: k=0.08; phase=180.0; per=6> with <DihedralType: k=0.03; phase=0.0; per=6>
  warnings.warn('Replacing dihedral %r with %r' %
/opt/homebrew/anaconda3/envs/biochemcore/lib/python3.11/site-packages/openmm/app/charmmparameterset.py:391: UserWarning: Replacing dihedral <DihedralType: k=0.17; phase=180.0; per=3> with <DihedralType: k=0.2; phase=0.0; per=3>
  warnings.warn('Replacing dihedral %r with %r' %
/opt/homebrew/anaconda3/envs/biochemcore/lib/python3.11/site-packages/openmm/app/charmmparameterset.py:391: UserWarning: Replacing dihedral <DihedralType: k=0.02; phase=0.0; per=3> with <DihedralType: k=0.2; phase=0.0; per=3>
  warnings.warn('Replacing dihedral %r with %r' %
/opt/homebrew/anaconda3/envs/biochemcore/lib/python3.11/site-packages/openmm/app/charmmparameterset.py:391: UserWarning: Replacing dihedral <DihedralType: k=0.37; phase=180.0; per=3> with <DihedralType: k=0.2; phase=0.0; per=3>
  warnings.warn('Replacing dihedral %r with %r' %
/opt/homebrew/anaconda3/envs/biochemcore/lib/python3.11/site-packages/openmm/app/charmmparameterset.py:431: UserWarning: Repeat improper dihedral found ('CG2O2', 'CG2R51', 'OG2D1', 'OG311') and New param. k: 53.000000  ,thetaq: 0.000000 will use
  warnings.warn('Repeat improper dihedral found %r and New param. k: %f  ,thetaq: %f will use' %
/opt/homebrew/anaconda3/envs/biochemcore/lib/python3.11/site-packages/openmm/app/charmmparameterset.py:431: UserWarning: Repeat improper dihedral found ('CG2O5', 'CG311', 'CG331', 'OG2D3') and New param. k: 70.000000  ,thetaq: 0.000000 will use
  warnings.warn('Repeat improper dihedral found %r and New param. k: %f  ,thetaq: %f will use' %
/opt/homebrew/anaconda3/envs/biochemcore/lib/python3.11/site-packages/openmm/app/charmmparameterset.py:431: UserWarning: Repeat improper dihedral found ('CG2O5', 'CG2O5', 'CG321', 'OG2D3') and New param. k: 88.000000  ,thetaq: 0.000000 will use
  warnings.warn('Repeat improper dihedral found %r and New param. k: %f  ,thetaq: %f will use' %
/opt/homebrew/anaconda3/envs/biochemcore/lib/python3.11/site-packages/openmm/app/charmmparameterset.py:431: UserWarning: Repeat improper dihedral found ('CG2O5', 'CG301', 'CG321', 'OG2D3') and New param. k: 70.000000  ,thetaq: 0.000000 will use
  warnings.warn('Repeat improper dihedral found %r and New param. k: %f  ,thetaq: %f will use' %
/opt/homebrew/anaconda3/envs/biochemcore/lib/python3.11/site-packages/openmm/app/charmmparameterset.py:431: UserWarning: Repeat improper dihedral found ('CG2O5', 'CG311', 'CG321', 'OG2D3') and New param. k: 70.000000  ,thetaq: 0.000000 will use
  warnings.warn('Repeat improper dihedral found %r and New param. k: %f  ,thetaq: %f will use' %
/opt/homebrew/anaconda3/envs/biochemcore/lib/python3.11/site-packages/openmm/app/charmmparameterset.py:431: UserWarning: Repeat improper dihedral found ('CG2O2', 'CG301', 'OG2D1', 'OG311') and New param. k: 65.000000  ,thetaq: 0.000000 will use
  warnings.warn('Repeat improper dihedral found %r and New param. k: %f  ,thetaq: %f will use' %
/opt/homebrew/anaconda3/envs/biochemcore/lib/python3.11/site-packages/openmm/app/charmmparameterset.py:391: UserWarning: Replacing dihedral <DihedralType: k=0.0; phase=0.0; per=2> with <DihedralType: k=1.585; phase=180.0; per=2>
  warnings.warn('Replacing dihedral %r with %r' %
/opt/homebrew/anaconda3/envs/biochemcore/lib/python3.11/site-packages/openmm/app/charmmparameterset.py:391: UserWarning: Replacing dihedral <DihedralType: k=0.71; phase=0.0; per=2> with <DihedralType: k=3.1; phase=180.0; per=2>
  warnings.warn('Replacing dihedral %r with %r' %
/opt/homebrew/anaconda3/envs/biochemcore/lib/python3.11/site-packages/openmm/app/charmmparameterset.py:391: UserWarning: Replacing dihedral <DihedralType: k=0.58; phase=180.0; per=2> with <DihedralType: k=0.0; phase=180.0; per=2>
  warnings.warn('Replacing dihedral %r with %r' %
/opt/homebrew/anaconda3/envs/biochemcore/lib/python3.11/site-packages/openmm/app/charmmparameterset.py:391: UserWarning: Replacing dihedral <DihedralType: k=0.0; phase=0.0; per=2> with <DihedralType: k=0.0; phase=180.0; per=2>
  warnings.warn('Replacing dihedral %r with %r' %
/opt/homebrew/anaconda3/envs/biochemcore/lib/python3.11/site-packages/openmm/app/charmmparameterset.py:431: UserWarning: Repeat improper dihedral found ('CG2O5', 'CG2DC1', 'CG2R61', 'OG2D3') and New param. k: 72.000000  ,thetaq: 0.000000 will use
  warnings.warn('Repeat improper dihedral found %r and New param. k: %f  ,thetaq: %f will use' %
/opt/homebrew/anaconda3/envs/biochemcore/lib/python3.11/site-packages/openmm/app/charmmparameterset.py:391: UserWarning: Replacing dihedral <DihedralType: k=0.2; phase=0.0; per=1> with <DihedralType: k=0.195; phase=0.0; per=1>
  warnings.warn('Replacing dihedral %r with %r' %
/opt/homebrew/anaconda3/envs/biochemcore/lib/python3.11/site-packages/openmm/app/charmmparameterset.py:391: UserWarning: Replacing dihedral <DihedralType: k=0.31; phase=0.0; per=3> with <DihedralType: k=0.2; phase=0.0; per=3>
  warnings.warn('Replacing dihedral %r with %r' %
/opt/homebrew/anaconda3/envs/biochemcore/lib/python3.11/site-packages/openmm/app/charmmparameterset.py:391: UserWarning: Replacing dihedral <DihedralType: k=0.31; phase=180.0; per=3> with <DihedralType: k=0.2; phase=180.0; per=3>
  warnings.warn('Replacing dihedral %r with %r' %
/opt/homebrew/anaconda3/envs/biochemcore/lib/python3.11/site-packages/openmm/app/charmmparameterset.py:391: UserWarning: Replacing dihedral <DihedralType: k=0.02; phase=0.0; per=3> with <DihedralType: k=0.19; phase=0.0; per=3>
  warnings.warn('Replacing dihedral %r with %r' %
/opt/homebrew/anaconda3/envs/biochemcore/lib/python3.11/site-packages/openmm/app/charmmparameterset.py:391: UserWarning: Replacing dihedral <DihedralType: k=1.02; phase=180.0; per=3> with <DihedralType: k=0.0; phase=0.0; per=3>
  warnings.warn('Replacing dihedral %r with %r' %
/opt/homebrew/anaconda3/envs/biochemcore/lib/python3.11/site-packages/openmm/app/charmmparameterset.py:391: UserWarning: Replacing dihedral <DihedralType: k=1.19; phase=0.0; per=3> with <DihedralType: k=1.65; phase=180.0; per=3>
  warnings.warn('Replacing dihedral %r with %r' %
/opt/homebrew/anaconda3/envs/biochemcore/lib/python3.11/site-packages/openmm/app/charmmparameterset.py:391: UserWarning: Replacing dihedral <DihedralType: k=0.35; phase=180.0; per=3> with <DihedralType: k=1.65; phase=180.0; per=3>
  warnings.warn('Replacing dihedral %r with %r' %
/opt/homebrew/anaconda3/envs/biochemcore/lib/python3.11/site-packages/openmm/app/charmmparameterset.py:391: UserWarning: Replacing dihedral <DihedralType: k=0.0; phase=0.0; per=3> with <DihedralType: k=0.12; phase=0.0; per=3>
  warnings.warn('Replacing dihedral %r with %r' %
/opt/homebrew/anaconda3/envs/biochemcore/lib/python3.11/site-packages/openmm/app/charmmparameterset.py:391: UserWarning: Replacing dihedral <DihedralType: k=1.17; phase=180.0; per=3> with <DihedralType: k=0.04; phase=0.0; per=3>
  warnings.warn('Replacing dihedral %r with %r' %
/opt/homebrew/anaconda3/envs/biochemcore/lib/python3.11/site-packages/openmm/app/charmmparameterset.py:391: UserWarning: Replacing dihedral <DihedralType: k=3.45; phase=180.0; per=1> with <DihedralType: k=2.4; phase=180.0; per=1>
  warnings.warn('Replacing dihedral %r with %r' %
/opt/homebrew/anaconda3/envs/biochemcore/lib/python3.11/site-packages/openmm/app/charmmparameterset.py:391: UserWarning: Replacing dihedral <DihedralType: k=1.27; phase=180.0; per=2> with <DihedralType: k=3.0; phase=180.0; per=2>
  warnings.warn('Replacing dihedral %r with %r' %
/opt/homebrew/anaconda3/envs/biochemcore/lib/python3.11/site-packages/openmm/app/charmmparameterset.py:391: UserWarning: Replacing dihedral <DihedralType: k=2.22; phase=180.0; per=2> with <DihedralType: k=2.4; phase=180.0; per=2>
  warnings.warn('Replacing dihedral %r with %r' %
/opt/homebrew/anaconda3/envs/biochemcore/lib/python3.11/site-packages/openmm/app/charmmparameterset.py:391: UserWarning: Replacing dihedral <DihedralType: k=1.05; phase=0.0; per=3> with <DihedralType: k=0.3; phase=0.0; per=3>
  warnings.warn('Replacing dihedral %r with %r' %
/opt/homebrew/anaconda3/envs/biochemcore/lib/python3.11/site-packages/openmm/app/charmmparameterset.py:391: UserWarning: Replacing dihedral <DihedralType: k=1.25; phase=180.0; per=2> with <DihedralType: k=3.1; phase=180.0; per=2>
  warnings.warn('Replacing dihedral %r with %r' %
/opt/homebrew/anaconda3/envs/biochemcore/lib/python3.11/site-packages/openmm/app/charmmparameterset.py:391: UserWarning: Replacing dihedral <DihedralType: k=2.32; phase=180.0; per=2> with <DihedralType: k=2.5; phase=180.0; per=2>
  warnings.warn('Replacing dihedral %r with %r' %
/opt/homebrew/anaconda3/envs/biochemcore/lib/python3.11/site-packages/openmm/app/charmmparameterset.py:391: UserWarning: Replacing dihedral <DihedralType: k=0.32; phase=0.0; per=2> with <DihedralType: k=1.0; phase=180.0; per=2>
  warnings.warn('Replacing dihedral %r with %r' %
/opt/homebrew/anaconda3/envs/biochemcore/lib/python3.11/site-packages/openmm/app/charmmparameterset.py:391: UserWarning: Replacing dihedral <DihedralType: k=0.0; phase=0.0; per=3> with <DihedralType: k=0.16; phase=0.0; per=3>
  warnings.warn('Replacing dihedral %r with %r' %
/opt/homebrew/anaconda3/envs/biochemcore/lib/python3.11/site-packages/openmm/app/charmmparameterset.py:391: UserWarning: Replacing dihedral <DihedralType: k=1.58; phase=180.0; per=3> with <DihedralType: k=0.15; phase=0.0; per=3>
  warnings.warn('Replacing dihedral %r with %r' %
/opt/homebrew/anaconda3/envs/biochemcore/lib/python3.11/site-packages/openmm/app/charmmparameterset.py:391: UserWarning: Replacing dihedral <DihedralType: k=0.0; phase=0.0; per=3> with <DihedralType: k=0.15; phase=0.0; per=3>
  warnings.warn('Replacing dihedral %r with %r' %
/opt/homebrew/anaconda3/envs/biochemcore/lib/python3.11/site-packages/openmm/app/charmmparameterset.py:391: UserWarning: Replacing dihedral <DihedralType: k=0.9; phase=0.0; per=3> with <DihedralType: k=2.31; phase=180.0; per=3>
  warnings.warn('Replacing dihedral %r with %r' %
/opt/homebrew/anaconda3/envs/biochemcore/lib/python3.11/site-packages/openmm/app/charmmparameterset.py:391: UserWarning: Replacing dihedral <DihedralType: k=1.59; phase=180.0; per=2> with <DihedralType: k=2.5; phase=180.0; per=2>
  warnings.warn('Replacing dihedral %r with %r' %
/opt/homebrew/anaconda3/envs/biochemcore/lib/python3.11/site-packages/openmm/app/charmmparameterset.py:391: UserWarning: Replacing dihedral <DihedralType: k=0.23; phase=0.0; per=2> with <DihedralType: k=2.5; phase=180.0; per=2>
  warnings.warn('Replacing dihedral %r with %r' %
Using platform: HIP

Initial system energy
-2917044.4729888216 kJ/mol

MD run: 250000 steps
#"Progress (%)"	"Step"	"Time (ps)"	"Potential Energy (kJ/mole)"	"Temperature (K)"	"Speed (ns/day)"	"Time Remaining"
750.4%	1876000	4878.999999895433	-2917410.5354888216	310.7983428633728	0	--
750.8%	1877000	4882.999999895338	-2919460.7229888216	310.9192176244157	4.07	9:36:51
751.2%	1878000	4886.9999998952435	-2915732.0979888216	310.2749935150554	4.08	9:38:52
751.6%	1879000	4890.999999895149	-2919001.4729888216	310.8032143407524	4.08	9:38:59
752.0%	1880000	4894.999999895054	-2914534.7229888216	310.39014019995903	4.07	9:32:58
752.4%	1881000	4898.99999989496	-2916295.6604888216	310.19628028744194	4.06	9:27:46
752.8%	1882000	4902.999999894865	-2918601.9729888216	310.2506988498916	4.06	9:26:06
753.2%	1883000	4906.999999894771	-2918900.0979888216	311.67824665167416	4.06	9:21:20
753.6%	1884000	4910.999999894676	-2917431.7854888216	310.3075198859182	4.05	9:16:24
754.0%	1885000	4914.999999894581	-2916000.8479888216	309.0257623457206	4.05	9:13:55
754.4%	1886000	4918.999999894487	-2919727.3479888216	310.6939410330588	4.04	9:09:56
754.8%	1887000	4922.999999894392	-2915192.5354888216	310.35241094832315	4.04	9:07:44
755.2%	1888000	4926.999999894298	-2915586.1604888216	310.15329899174674	4.04	9:04:28
755.6%	1889000	4930.999999894203	-2915702.2229888216	310.85348457761353	4.04	9:02:16
756.0%	1890000	4934.999999894108	-2919428.0979888216	310.1248577330724	4.04	8:59:32
756.4%	1891000	4938.999999894014	-2917850.9729888216	310.7049731300333	4.03	8:56:52
756.8%	1892000	4942.999999893919	-2916614.7854888216	311.1197968829121	4.03	8:54:51
757.2%	1893000	4946.999999893825	-2919634.1604888216	310.67804652341977	4.03	8:52:50
757.6%	1894000	4950.99999989373	-2916893.2854888216	310.1559528771338	4.03	8:49:43
758.0%	1895000	4954.9999998936355	-2917339.0354888216	310.7990403567735	4.03	8:47:47
758.4%	1896000	4958.999999893541	-2915583.9104888216	310.2835602428491	4.03	8:46:05
758.8%	1897000	4962.999999893446	-2915893.4729888216	310.1988468934379	4.03	8:44:07
759.2%	1898000	4966.999999893352	-2913949.7229888216	310.9330400756295	4.03	8:42:21
759.6%	1899000	4970.999999893257	-2916061.9104888216	310.96332210362806	4.03	8:40:40
760.0%	1900000	4974.999999893163	-2915997.7229888216	309.8764482263447	4.02	8:37:40
760.4%	1901000	4978.999999893068	-2916507.1604888216	310.5953351392412	4.02	8:35:54
760.8%	1902000	4982.999999892973	-2916201.4729888216	310.1524186601817	4.02	8:34:35
761.2%	1903000	4986.999999892879	-2919459.4729888216	309.5738996966105	4.02	8:32:57
761.6%	1904000	4990.999999892784	-2919306.2229888216	309.9410306953071	4.02	8:31:14
762.0%	1905000	4994.99999989269	-2916916.2854888216	311.52795082866265	4.02	8:27:48
762.4%	1906000	4998.999999892595	-2918951.3479888216	311.69578513326826	4.02	8:25:44
762.8%	1907000	5002.9999998925	-2917876.4729888216	311.4633501899325	4.02	8:23:45
763.2%	1908000	5006.999999892406	-2918442.5979888216	310.78258900449447	4.02	8:22:13
763.6%	1909000	5010.999999892311	-2920635.2229888216	310.38248950452754	4.02	8:20:18
764.0%	1910000	5014.999999892217	-2917317.3479888216	310.32566983591624	4.01	8:17:59
764.4%	1911000	5018.999999892122	-2919613.7229888216	310.5506718352616	4.01	8:14:04
764.8%	1912000	5022.9999998920275	-2919744.4104888216	311.23115073639644	4.01	8:12:24
765.2%	1913000	5026.999999891933	-2916016.0979888216	310.33332744829596	4.01	8:09:24
765.6%	1914000	5030.999999891838	-2919523.9729888216	310.09453707442316	4.01	8:07:43
766.0%	1915000	5034.999999891744	-2918743.0979888216	309.6168473470233	4.01	8:06:33
766.4%	1916000	5038.999999891649	-2915001.9729888216	310.7871145882484	4.01	8:05:08
766.8%	1917000	5042.999999891555	-2918991.4104888216	310.29358600712214	4.01	8:02:50
767.2%	1918000	5046.99999989146	-2916254.0354888216	310.4633181513736	4.01	8:01:26
767.6%	1919000	5050.999999891365	-2918056.2229888216	311.8280452916259	4.01	8:00:17
768.0%	1920000	5054.999999891271	-2914919.1604888216	310.6420917266772	4.01	7:59:00
768.4%	1921000	5058.999999891176	-2917831.7229888216	309.996537217005	4.01	7:57:27
768.8%	1922000	5062.999999891082	-2918125.5354888216	310.47930861652344	4.01	7:56:16
769.2%	1923000	5066.999999890987	-2917641.5979888216	309.27938370121694	4.01	7:54:51
769.6%	1924000	5070.9999998908925	-2917872.2229888216	309.8065129403848	4.01	7:53:17
770.0%	1925000	5074.999999890798	-2916456.4729888216	310.2998701457989	4.01	7:51:45
770.4%	1926000	5078.999999890703	-2921456.1604888216	310.11705659582884	4.01	7:50:27
770.8%	1927000	5082.999999890609	-2918183.7854888216	310.84799515275716	4.01	7:49:10
771.2%	1928000	5086.999999890514	-2919247.2854888216	310.712239229916	4.01	7:47:31
771.6%	1929000	5090.9999998904195	-2919048.9729888216	311.2783441722047	4.01	7:46:11
772.0%	1930000	5094.999999890325	-2918546.9104888216	310.7741639928774	4.01	7:44:39
772.4%	1931000	5098.99999989023	-2917705.0354888216	310.9531249988501	4.01	7:42:35
772.8%	1932000	5102.999999890136	-2918053.0979888216	310.1680072067978	4.01	7:41:11
773.2%	1933000	5106.999999890041	-2919497.2229888216	310.05207811167577	4.01	7:39:31
773.6%	1934000	5110.999999889947	-2917503.9104888216	310.4342812121923	4.01	7:38:12
774.0%	1935000	5114.999999889852	-2921039.1604888216	311.14144311643736	4	7:36:37
774.4%	1936000	5118.999999889757	-2915115.2229888216	310.6118952042011	4.01	7:35:41
774.8%	1937000	5122.999999889663	-2915674.7854888216	310.36004810660506	4.01	7:35:46
775.2%	1938000	5126.999999889568	-2915866.0979888216	309.1651685094281	4.01	7:35:36
775.6%	1939000	5130.999999889474	-2917633.9729888216	311.18351378741505	4.01	7:35:23
776.0%	1940000	5134.999999889379	-2915803.2854888216	309.8497108989461	4.01	7:34:58
776.4%	1941000	5138.9999998892845	-2918485.9104888216	310.27603680689464	4.02	7:34:44
776.8%	1942000	5142.99999988919	-2917634.7854888216	310.5773130332162	4.02	7:34:34
777.2%	1943000	5146.999999889095	-2918588.0354888216	310.1460832240049	4.02	7:34:16
777.6%	1944000	5150.999999889001	-2916352.9729888216	310.419065432361	4.02	7:33:54
778.0%	1945000	5154.999999888906	-2922004.9729888216	311.1357068978735	4.02	7:33:23
778.4%	1946000	5158.9999998888115	-2917696.2854888216	310.8838350229568	4.03	7:33:10
778.8%	1947000	5162.999999888717	-2914291.5979888216	311.1703392507927	4.03	7:32:57
779.2%	1948000	5166.999999888622	-2916552.3479888216	311.2802972113543	4.03	7:32:40
779.6%	1949000	5170.999999888528	-2914927.4729888216	310.5156216400084	4.03	7:32:18
780.0%	1950000	5174.999999888433	-2917368.3479888216	310.7246218527685	4.03	7:31:49
780.4%	1951000	5178.999999888339	-2916262.0354888216	310.01452119302866	4.03	7:31:32
780.8%	1952000	5182.999999888244	-2916514.3479888216	310.8577545207825	4.04	7:31:11
781.2%	1953000	5186.999999888149	-2914291.2229888216	310.7578084247247	4.04	7:30:51
781.6%	1954000	5190.999999888055	-2919043.1604888216	310.0651640403611	4.04	7:30:34
782.0%	1955000	5194.99999988796	-2917393.0979888216	310.2795217512883	4.04	7:30:05
782.4%	1956000	5198.999999887866	-2917674.0354888216	311.11227695857536	4.04	7:29:25
782.8%	1957000	5202.999999887771	-2918187.9104888216	309.67041188692866	4.04	7:28:53
783.2%	1958000	5206.9999998876765	-2914064.5354888216	311.76503464200397	4.05	7:28:20
783.6%	1959000	5210.999999887582	-2917346.5979888216	310.9201798686486	4.05	7:27:40
784.0%	1960000	5214.999999887487	-2914953.6604888216	311.56690199504004	4.05	7:27:05
784.4%	1961000	5218.999999887393	-2917322.8479888216	310.4676109229547	4.05	7:26:26
784.8%	1962000	5222.999999887298	-2915956.4104888216	309.2240764627611	4.05	7:25:42
785.2%	1963000	5226.999999887204	-2915690.8479888216	311.4423569083043	4.05	7:25:00
785.6%	1964000	5230.999999887109	-2914156.1604888216	310.400760116858	4.05	7:24:20
786.0%	1965000	5234.999999887014	-2918256.6604888216	310.0236743215638	4.05	7:23:47
786.4%	1966000	5238.99999988692	-2915866.0354888216	311.2313237199891	4.06	7:22:56
786.8%	1967000	5242.999999886825	-2917983.0979888216	310.7832209056107	4.06	7:22:10
787.2%	1968000	5246.999999886731	-2914744.2229888216	311.59475548994607	4.06	7:21:26
787.6%	1969000	5250.999999886636	-2916116.3479888216	310.70617683270075	4.06	7:20:46
788.0%	1970000	5254.999999886541	-2915792.2229888216	310.3359952983152	4.06	7:20:07
788.4%	1971000	5258.999999886447	-2919500.8479888216	310.02707140359007	4.06	7:19:20
788.8%	1972000	5262.999999886352	-2919181.0354888216	310.2571924143099	4.06	7:18:35
789.2%	1973000	5266.999999886258	-2916330.4104888216	311.47936288412666	4.06	7:17:35
789.6%	1974000	5270.999999886163	-2918189.3479888216	310.65048051274704	4.06	7:16:48
790.0%	1975000	5274.9999998860685	-2913671.2229888216	309.2706594513596	4.06	7:15:43
790.4%	1976000	5278.999999885974	-2917319.2229888216	311.67470719206494	4.07	7:14:57
790.8%	1977000	5282.999999885879	-2918744.0979888216	310.8227266614772	4.07	7:14:06
791.2%	1978000	5286.999999885785	-2915609.2229888216	310.6232490301152	4.07	7:13:16
791.6%	1979000	5290.99999988569	-2917134.5979888216	310.5399579267022	4.07	7:12:20
792.0%	1980000	5294.999999885596	-2917589.2229888216	309.35483958080107	4.07	7:11:29
792.4%	1981000	5298.999999885501	-2917706.2854888216	310.6330744598541	4.07	7:10:07
792.8%	1982000	5302.999999885406	-2918279.0354888216	311.4865983477117	4.07	7:08:13
793.2%	1983000	5306.999999885312	-2917090.0979888216	309.57083877698585	4.07	7:06:33
793.6%	1984000	5310.999999885217	-2918003.5354888216	310.909807688494	4.07	7:04:55
794.0%	1985000	5314.999999885123	-2915608.6604888216	310.1900692975471	4.07	7:03:08
794.4%	1986000	5318.999999885028	-2916005.2229888216	310.2767757608047	4.07	7:01:28
794.8%	1987000	5322.9999998849335	-2917683.4729888216	309.64613940861875	4.07	6:59:44
795.2%	1988000	5326.999999884839	-2918911.4104888216	311.78441439287025	4.07	6:57:59
795.6%	1989000	5330.999999884744	-2918608.9104888216	310.0561027233594	4.07	6:56:06
796.0%	1990000	5334.99999988465	-2916461.7229888216	310.6986889668769	4.06	6:54:23
796.4%	1991000	5338.999999884555	-2915945.0979888216	310.1093511856424	4.06	6:52:38
796.8%	1992000	5342.9999998844605	-2915090.7854888216	311.32292624293535	4.06	6:50:48
797.2%	1993000	5346.999999884366	-2913235.5979888216	310.74005965060246	4.06	6:49:01
797.6%	1994000	5350.999999884271	-2916769.4729888216	311.1348455660834	4.06	6:47:21
798.0%	1995000	5354.999999884177	-2915982.2854888216	309.39155273319085	4.06	6:45:43
798.4%	1996000	5358.999999884082	-2914930.0979888216	309.34106979404277	4.06	6:43:46
798.8%	1997000	5362.999999883988	-2915599.9729888216	311.46190387110744	4.06	6:42:11
799.2%	1998000	5366.999999883893	-2916908.9729888216	311.58755351149614	4.06	6:40:27
799.6%	1999000	5370.999999883798	-2918215.4104888216	310.1003413910303	4.06	6:38:36
800.0%	2000000	5374.999999883704	-2918449.4104888216	310.7570329675007	4.06	6:36:48
800.4%	2001000	5378.999999883609	-2917384.9729888216	311.9585923871121	4.06	6:35:13
800.8%	2002000	5382.999999883515	-2915046.5979888216	310.6414029043703	4.06	6:33:44
801.2%	2003000	5386.99999988342	-2919090.4729888216	309.729044066951	4.06	6:32:12
801.6%	2004000	5390.9999998833255	-2918849.2854888216	310.5501884087757	4.06	6:30:44
802.0%	2005000	5394.999999883231	-2915828.0979888216	310.30463282206546	4.06	6:29:22
802.4%	2006000	5398.999999883136	-2914431.0979888216	310.16598401977745	4.06	6:27:56
802.8%	2007000	5402.999999883042	-2921509.6604888216	310.1447919716791	4.06	6:26:37
803.2%	2008000	5406.999999882947	-2918549.2229888216	310.0684861668583	4.06	6:25:16
803.6%	2009000	5410.9999998828525	-2915512.7854888216	311.583069622131	4.06	6:24:01
804.0%	2010000	5414.999999882758	-2920308.4729888216	309.9312678669523	4.06	6:22:54
804.4%	2011000	5418.999999882663	-2917677.7229888216	310.26788066712646	4.06	6:21:34
804.8%	2012000	5422.999999882569	-2917451.5979888216	309.959683357881	4.06	6:20:30
805.2%	2013000	5426.999999882474	-2917744.4729888216	309.80768248164077	4.06	6:19:26
805.6%	2014000	5430.99999988238	-2913610.2854888216	310.42880142582885	4.06	6:18:21
806.0%	2015000	5434.999999882285	-2917798.8479888216	310.3277597363513	4.06	6:17:19
806.4%	2016000	5438.99999988219	-2917897.5979888216	309.95051079361	4.06	6:16:14
806.8%	2017000	5442.999999882096	-2917000.2229888216	310.1995059365633	4.06	6:15:06
807.2%	2018000	5446.999999882001	-2916241.3479888216	309.98364835078496	4.06	6:14:02
807.6%	2019000	5450.999999881907	-2914658.4104888216	311.2213700288976	4.06	6:13:02
808.0%	2020000	5454.999999881812	-2914611.3479888216	310.4080569936039	4.06	6:11:55
808.4%	2021000	5458.9999998817175	-2916712.7229888216	310.3015609585912	4.07	6:10:50
808.8%	2022000	5462.999999881623	-2915310.3479888216	311.2715028814895	4.07	6:09:47
809.2%	2023000	5466.999999881528	-2916468.7854888216	311.09001107875355	4.07	6:08:41
809.6%	2024000	5470.999999881434	-2913335.7229888216	309.7909905294524	4.07	6:07:38
810.0%	2025000	5474.999999881339	-2915352.8479888216	310.217244416292	4.07	6:06:28
810.4%	2026000	5478.999999881245	-2915195.4104888216	309.72574870815856	4.07	6:05:24
810.8%	2027000	5482.99999988115	-2916446.0354888216	310.8791356654572	4.07	6:04:18
811.2%	2028000	5486.999999881055	-2916912.3479888216	310.3367092376862	4.07	6:03:09
811.6%	2029000	5490.999999880961	-2917754.5979888216	309.8354635010079	4.07	6:02:03
812.0%	2030000	5494.999999880866	-2915290.9729888216	310.07478512589887	4.07	6:01:05
812.4%	2031000	5498.999999880772	-2916580.5354888216	309.5888516003784	4.07	5:59:59
812.8%	2032000	5502.999999880677	-2918907.4729888216	310.9748998309473	4.07	5:58:53
813.2%	2033000	5506.999999880582	-2916091.8479888216	310.4255929325481	4.07	5:57:44
813.6%	2034000	5510.999999880488	-2918705.2854888216	310.63108911243376	4.07	5:56:43
814.0%	2035000	5514.999999880393	-2916164.0354888216	310.6257753989413	4.07	5:55:44
814.4%	2036000	5518.999999880299	-2917472.8479888216	310.12169380354214	4.07	5:54:32
814.8%	2037000	5522.999999880204	-2915857.1604888216	310.04660949750416	4.07	5:53:32
815.2%	2038000	5526.9999998801095	-2917624.4104888216	310.28649929953923	4.07	5:52:32
815.6%	2039000	5530.999999880015	-2913865.2229888216	310.3885133570116	4.08	5:51:36
816.0%	2040000	5534.99999987992	-2917557.5979888216	310.75547040510367	4.08	5:50:36
816.4%	2041000	5538.999999879826	-2916683.3479888216	311.332443984616	4.08	5:49:33
816.8%	2042000	5542.999999879731	-2917817.8479888216	310.34732018683206	4.08	5:48:33
817.2%	2043000	5546.999999879637	-2914836.5979888216	309.76725676721645	4.08	5:46:57
817.6%	2044000	5550.999999879542	-2917791.0354888216	310.2270805002909	4.08	5:45:55
818.0%	2045000	5554.999999879447	-2916971.4104888216	310.82971991550784	4.08	5:44:50
818.4%	2046000	5558.999999879353	-2918598.5979888216	310.4015046357071	4.08	5:43:30
818.8%	2047000	5562.999999879258	-2917315.7229888216	310.407046611752	4.08	5:42:03
819.2%	2048000	5566.999999879164	-2917852.9104888216	310.62415349311607	4.08	5:40:42
819.6%	2049000	5570.999999879069	-2915761.7229888216	310.44753972660766	4.08	5:39:35
820.0%	2050000	5574.999999878974	-2918327.4104888216	309.6357232873807	4.08	5:38:11
820.4%	2051000	5578.99999987888	-2917553.9729888216	310.28882223006775	4.08	5:37:08
820.8%	2052000	5582.999999878785	-2918583.3479888216	310.7779736819327	4.08	5:36:11
821.2%	2053000	5586.999999878691	-2916447.5979888216	311.0054490348765	4.08	5:35:07
821.6%	2054000	5590.999999878596	-2912128.4729888216	310.38938239708324	4.08	5:33:57
822.0%	2055000	5594.9999998785015	-2916200.1604888216	310.3298551497482	4.08	5:32:42
822.4%	2056000	5598.999999878407	-2916322.4104888216	309.1339665668212	4.08	5:31:41
822.8%	2057000	5602.999999878312	-2920080.5354888216	310.6882180878108	4.08	5:30:26
823.2%	2058000	5606.999999878218	-2919378.2854888216	310.1887908263017	4.08	5:29:22
823.6%	2059000	5610.999999878123	-2916093.4729888216	310.1454867394068	4.08	5:28:21
824.0%	2060000	5614.999999878029	-2920049.0979888216	310.5373055151148	4.08	5:27:18
824.4%	2061000	5618.999999877934	-2917062.7229888216	310.95199729880494	4.08	5:26:11
824.8%	2062000	5622.999999877839	-2915110.8479888216	310.83729381940856	4.09	5:25:05
825.2%	2063000	5626.999999877745	-2916608.9729888216	310.2471716470224	4.08	5:23:27
825.6%	2064000	5630.99999987765	-2914764.4104888216	309.9611173794581	4.08	5:22:11
826.0%	2065000	5634.999999877556	-2919273.1604888216	310.9560280403739	4.09	5:20:54
826.4%	2066000	5638.999999877461	-2915979.5979888216	310.87085244340665	4.09	5:19:46
826.8%	2067000	5642.9999998773665	-2916772.7229888216	311.2888126270056	4.09	5:18:41
827.2%	2068000	5646.999999877272	-2918955.2229888216	311.24783638554106	4.09	5:17:33
827.6%	2069000	5650.999999877177	-2916251.3479888216	311.16995876747046	4.09	5:16:23
828.0%	2070000	5654.999999877083	-2914520.4729888216	310.5232158179548	4.09	5:15:13
828.4%	2071000	5658.999999876988	-2916400.7854888216	310.90189033241023	4.09	5:14:03
828.8%	2072000	5662.9999998768935	-2914957.8479888216	310.4936860223335	4.09	5:12:59
829.2%	2073000	5666.999999876799	-2918531.3479888216	310.4581308919237	4.09	5:11:47
829.6%	2074000	5670.999999876704	-2917341.9104888216	309.7607103065972	4.09	5:10:39
830.0%	2075000	5674.99999987661	-2916490.9104888216	309.42135155611214	4.09	5:09:30
830.4%	2076000	5678.999999876515	-2912648.5354888216	310.4854098690924	4.09	5:08:24
830.8%	2077000	5682.999999876421	-2913836.2229888216	309.888727254372	4.09	5:07:18
831.2%	2078000	5686.999999876326	-2921252.0979888216	310.4535467896468	4.09	5:06:10
831.6%	2079000	5690.999999876231	-2915722.5979888216	310.2304590425497	4.09	5:05:02
832.0%	2080000	5694.999999876137	-2914936.1604888216	310.3006568196989	4.09	5:03:56
832.4%	2081000	5698.999999876042	-2916167.0979888216	309.46777261146724	4.09	5:02:57
832.8%	2082000	5702.999999875948	-2916891.0979888216	311.8078707206385	4.09	5:01:55
833.2%	2083000	5706.999999875853	-2917136.1604888216	309.5350209992736	4.09	5:00:37
833.6%	2084000	5710.9999998757585	-2913368.0979888216	309.08104078424526	4.09	4:59:28
834.0%	2085000	5714.999999875664	-2913239.4104888216	309.77999296100245	4.09	4:58:16
834.4%	2086000	5718.999999875569	-2918063.6604888216	310.20958325665896	4.09	4:56:57
834.8%	2087000	5722.999999875475	-2919124.9729888216	309.8581474029737	4.09	4:55:47
835.2%	2088000	5726.99999987538	-2919379.3479888216	310.74880364203943	4.09	4:54:41
835.6%	2089000	5730.9999998752855	-2916620.0979888216	309.9807857142459	4.1	4:53:25
836.0%	2090000	5734.999999875191	-2915185.9729888216	310.96259001921356	4.1	4:52:13
836.4%	2091000	5738.999999875096	-2915197.1604888216	310.04838189671466	4.1	4:50:59
836.8%	2092000	5742.999999875002	-2918194.7854888216	310.66167485862303	4.1	4:49:40
837.2%	2093000	5746.999999874907	-2917922.5979888216	309.92498877742804	4.1	4:48:32
837.6%	2094000	5750.999999874813	-2914040.0979888216	311.1655470927558	4.1	4:47:21
838.0%	2095000	5754.999999874718	-2919459.8479888216	310.5948229192888	4.1	4:46:09
838.4%	2096000	5758.999999874623	-2914117.5979888216	310.14407563832737	4.1	4:44:58
838.8%	2097000	5762.999999874529	-2916742.6604888216	311.51977182795054	4.1	4:43:46
839.2%	2098000	5766.999999874434	-2917228.0979888216	310.1458921225056	4.1	4:42:30
839.6%	2099000	5770.99999987434	-2916030.0354888216	310.53262993604807	4.1	4:41:03
840.0%	2100000	5774.999999874245	-2918018.8479888216	310.47992165624265	4.1	4:39:44
840.4%	2101000	5778.9999998741505	-2916163.3479888216	309.4957590465688	4.1	4:38:32
840.8%	2102000	5782.999999874056	-2917898.7229888216	310.2490466271445	4.1	4:37:21
841.2%	2103000	5786.999999873961	-2915953.8479888216	309.7797508458861	4.1	4:36:08
841.6%	2104000	5790.999999873867	-2916574.5354888216	311.315488827128	4.1	4:34:56
842.0%	2105000	5794.999999873772	-2917474.9729888216	310.2919651081086	4.1	4:33:41
842.4%	2106000	5798.999999873678	-2915954.3479888216	311.16577251049404	4.1	4:32:22
842.8%	2107000	5802.999999873583	-2915443.8479888216	309.746294004925	4.1	4:31:14
843.2%	2108000	5806.999999873488	-2917380.7229888216	310.155471975956	4.1	4:29:56
843.6%	2109000	5810.999999873394	-2913161.3479888216	310.3677593427076	4.1	4:28:42
844.0%	2110000	5814.999999873299	-2914910.5979888216	310.64325064106765	4.1	4:27:28
844.4%	2111000	5818.999999873205	-2916849.9104888216	309.89020327575184	4.1	4:26:13
844.8%	2112000	5822.99999987311	-2918515.2229888216	310.448667909989	4.1	4:24:56
845.2%	2113000	5826.999999873015	-2913386.1604888216	310.4919381589354	4.1	4:23:37
845.6%	2114000	5830.999999872921	-2917082.5354888216	310.1935086132896	4.1	4:22:20
846.0%	2115000	5834.999999872826	-2914896.5979888216	310.17514843178714	4.1	4:21:06
846.4%	2116000	5838.999999872732	-2914251.1604888216	311.60930573710607	4.1	4:19:54
846.8%	2117000	5842.999999872637	-2921014.2854888216	310.51637086099646	4.1	4:18:34
847.2%	2118000	5846.9999998725425	-2918101.5354888216	311.5711543399044	4.1	4:17:13
847.6%	2119000	5850.999999872448	-2918298.5979888216	310.44212648315164	4.1	4:15:47
848.0%	2120000	5854.999999872353	-2918846.3479888216	310.6064274473003	4.1	4:14:28
848.4%	2121000	5858.999999872259	-2916133.1604888216	310.5796449042316	4.1	4:13:03
848.8%	2122000	5862.999999872164	-2918050.1604888216	311.090141939373	4.1	4:11:48
849.2%	2123000	5866.99999987207	-2914515.9729888216	311.1835616514625	4.1	4:10:34
849.6%	2124000	5870.999999871975	-2917281.9729888216	310.6424564100415	4.1	4:09:21
850.0%	2125000	5874.99999987188	-2914700.3479888216	309.9217195270486	4.1	4:08:06
