Loading parameters
/opt/homebrew/anaconda3/envs/biochemcore/lib/python3.11/site-packages/openmm/app/charmmparameterset.py:391: UserWarning: Replacing dihedral <DihedralType: k=0.2; phase=180.0; per=3> with <DihedralType: k=0.3; phase=0.0; per=3>
  warnings.warn('Replacing dihedral %r with %r' %
/opt/homebrew/anaconda3/envs/biochemcore/lib/python3.11/site-packages/openmm/app/charmmparameterset.py:391: UserWarning: Replacing dihedral <DihedralType: k=0.2; phase=0.0; per=3> with <DihedralType: k=0.195; phase=0.0; per=3>
  warnings.warn('Replacing dihedral %r with %r' %
/opt/homebrew/anaconda3/envs/biochemcore/lib/python3.11/site-packages/openmm/app/charmmparameterset.py:391: UserWarning: Replacing dihedral <DihedralType: k=0.44; phase=180.0; per=3> with <DihedralType: k=0.195; phase=0.0; per=3>
  warnings.warn('Replacing dihedral %r with %r' %
/opt/homebrew/anaconda3/envs/biochemcore/lib/python3.11/site-packages/openmm/app/charmmparameterset.py:391: UserWarning: Replacing dihedral <DihedralType: k=0.85; phase=180.0; per=3> with <DihedralType: k=0.04; phase=0.0; per=3>
  warnings.warn('Replacing dihedral %r with %r' %
/opt/homebrew/anaconda3/envs/biochemcore/lib/python3.11/site-packages/openmm/app/charmmparameterset.py:391: UserWarning: Replacing dihedral <DihedralType: k=0.3; phase=0.0; per=3> with <DihedralType: k=0.8; phase=0.0; per=3>
  warnings.warn('Replacing dihedral %r with %r' %
/opt/homebrew/anaconda3/envs/biochemcore/lib/python3.11/site-packages/openmm/app/charmmparameterset.py:391: UserWarning: Replacing dihedral <DihedralType: k=0.82; phase=0.0; per=1> with <DihedralType: k=0.14; phase=180.0; per=1>
  warnings.warn('Replacing dihedral %r with %r' %
/opt/homebrew/anaconda3/envs/biochemcore/lib/python3.11/site-packages/openmm/app/charmmparameterset.py:391: UserWarning: Replacing dihedral <DihedralType: k=0.0; phase=0.0; per=2> with <DihedralType: k=0.17; phase=0.0; per=2>
  warnings.warn('Replacing dihedral %r with %r' %
/opt/homebrew/anaconda3/envs/biochemcore/lib/python3.11/site-packages/openmm/app/charmmparameterset.py:391: UserWarning: Replacing dihedral <DihedralType: k=0.5; phase=0.0; per=3> with <DihedralType: k=0.05; phase=180.0; per=3>
  warnings.warn('Replacing dihedral %r with %r' %
/opt/homebrew/anaconda3/envs/biochemcore/lib/python3.11/site-packages/openmm/app/charmmparameterset.py:391: UserWarning: Replacing dihedral <DihedralType: k=0.33; phase=180.0; per=3> with <DihedralType: k=0.2; phase=0.0; per=3>
  warnings.warn('Replacing dihedral %r with %r' %
/opt/homebrew/anaconda3/envs/biochemcore/lib/python3.11/site-packages/openmm/app/charmmparameterset.py:391: UserWarning: Replacing dihedral <DihedralType: k=0.2; phase=180.0; per=2> with <DihedralType: k=0.4; phase=180.0; per=2>
  warnings.warn('Replacing dihedral %r with %r' %
/opt/homebrew/anaconda3/envs/biochemcore/lib/python3.11/site-packages/openmm/app/charmmparameterset.py:391: UserWarning: Replacing dihedral <DihedralType: k=0.59; phase=0.0; per=3> with <DihedralType: k=0.2; phase=0.0; per=3>
  warnings.warn('Replacing dihedral %r with %r' %
/opt/homebrew/anaconda3/envs/biochemcore/lib/python3.11/site-packages/openmm/app/charmmparameterset.py:391: UserWarning: Replacing dihedral <DihedralType: k=0.07; phase=180.0; per=6> with <DihedralType: k=0.0; phase=180.0; per=6>
  warnings.warn('Replacing dihedral %r with %r' %
/opt/homebrew/anaconda3/envs/biochemcore/lib/python3.11/site-packages/openmm/app/charmmparameterset.py:391: UserWarning: Replacing dihedral <DihedralType: k=0.0; phase=0.0; per=3> with <DihedralType: k=0.0; phase=180.0; per=3>
  warnings.warn('Replacing dihedral %r with %r' %
/opt/homebrew/anaconda3/envs/biochemcore/lib/python3.11/site-packages/openmm/app/charmmparameterset.py:391: UserWarning: Replacing dihedral <DihedralType: k=0.29; phase=0.0; per=3> with <DihedralType: k=0.6; phase=180.0; per=3>
  warnings.warn('Replacing dihedral %r with %r' %
/opt/homebrew/anaconda3/envs/biochemcore/lib/python3.11/site-packages/openmm/app/charmmparameterset.py:391: UserWarning: Replacing dihedral <DihedralType: k=1.21; phase=180.0; per=1> with <DihedralType: k=1.9; phase=180.0; per=1>
  warnings.warn('Replacing dihedral %r with %r' %
/opt/homebrew/anaconda3/envs/biochemcore/lib/python3.11/site-packages/openmm/app/charmmparameterset.py:391: UserWarning: Replacing dihedral <DihedralType: k=0.02; phase=0.0; per=2> with <DihedralType: k=0.4; phase=180.0; per=2>
  warnings.warn('Replacing dihedral %r with %r' %
/opt/homebrew/anaconda3/envs/biochemcore/lib/python3.11/site-packages/openmm/app/charmmparameterset.py:391: UserWarning: Replacing dihedral <DihedralType: k=0.82; phase=0.0; per=2> with <DihedralType: k=1.5; phase=0.0; per=2>
  warnings.warn('Replacing dihedral %r with %r' %
/opt/homebrew/anaconda3/envs/biochemcore/lib/python3.11/site-packages/openmm/app/charmmparameterset.py:391: UserWarning: Replacing dihedral <DihedralType: k=1.42; phase=180.0; per=1> with <DihedralType: k=2.5; phase=180.0; per=1>
  warnings.warn('Replacing dihedral %r with %r' %
/opt/homebrew/anaconda3/envs/biochemcore/lib/python3.11/site-packages/openmm/app/charmmparameterset.py:391: UserWarning: Replacing dihedral <DihedralType: k=1.02; phase=0.0; per=3> with <DihedralType: k=0.5; phase=0.0; per=3>
  warnings.warn('Replacing dihedral %r with %r' %
/opt/homebrew/anaconda3/envs/biochemcore/lib/python3.11/site-packages/openmm/app/charmmparameterset.py:391: UserWarning: Replacing dihedral <DihedralType: k=0.28; phase=0.0; per=3> with <DihedralType: k=0.2; phase=0.0; per=3>
  warnings.warn('Replacing dihedral %r with %r' %
/opt/homebrew/anaconda3/envs/biochemcore/lib/python3.11/site-packages/openmm/app/charmmparameterset.py:391: UserWarning: Replacing dihedral <DihedralType: k=2.0; phase=0.0; per=1> with <DihedralType: k=2.5; phase=180.0; per=1>
  warnings.warn('Replacing dihedral %r with %r' %
/opt/homebrew/anaconda3/envs/biochemcore/lib/python3.11/site-packages/openmm/app/charmmparameterset.py:391: UserWarning: Replacing dihedral <DihedralType: k=1.8; phase=0.0; per=2> with <DihedralType: k=1.5; phase=0.0; per=2>
  warnings.warn('Replacing dihedral %r with %r' %
/opt/homebrew/anaconda3/envs/biochemcore/lib/python3.11/site-packages/openmm/app/charmmparameterset.py:391: UserWarning: Replacing dihedral <DihedralType: k=1.3; phase=0.0; per=3> with <DihedralType: k=0.1; phase=0.0; per=3>
  warnings.warn('Replacing dihedral %r with %r' %
/opt/homebrew/anaconda3/envs/biochemcore/lib/python3.11/site-packages/openmm/app/charmmparameterset.py:391: UserWarning: Replacing dihedral <DihedralType: k=0.5; phase=0.0; per=3> with <DihedralType: k=0.16; phase=0.0; per=3>
  warnings.warn('Replacing dihedral %r with %r' %
/opt/homebrew/anaconda3/envs/biochemcore/lib/python3.11/site-packages/openmm/app/charmmparameterset.py:391: UserWarning: Replacing dihedral <DihedralType: k=0.2; phase=0.0; per=3> with <DihedralType: k=0.8; phase=0.0; per=3>
  warnings.warn('Replacing dihedral %r with %r' %
/opt/homebrew/anaconda3/envs/biochemcore/lib/python3.11/site-packages/openmm/app/charmmparameterset.py:391: UserWarning: Replacing dihedral <DihedralType: k=0.07; phase=0.0; per=3> with <DihedralType: k=0.065; phase=0.0; per=3>
  warnings.warn('Replacing dihedral %r with %r' %
/opt/homebrew/anaconda3/envs/biochemcore/lib/python3.11/site-packages/openmm/app/charmmparameterset.py:391: UserWarning: Replacing dihedral <DihedralType: k=0.28; phase=0.0; per=3> with <DihedralType: k=0.284; phase=0.0; per=3>
  warnings.warn('Replacing dihedral %r with %r' %
/opt/homebrew/anaconda3/envs/biochemcore/lib/python3.11/site-packages/openmm/app/charmmparameterset.py:391: UserWarning: Replacing dihedral <DihedralType: k=1.17; phase=180.0; per=2> with <DihedralType: k=1.7; phase=0.0; per=2>
  warnings.warn('Replacing dihedral %r with %r' %
/opt/homebrew/anaconda3/envs/biochemcore/lib/python3.11/site-packages/openmm/app/charmmparameterset.py:391: UserWarning: Replacing dihedral <DihedralType: k=0.03; phase=180.0; per=3> with <DihedralType: k=0.3; phase=0.0; per=3>
  warnings.warn('Replacing dihedral %r with %r' %
/opt/homebrew/anaconda3/envs/biochemcore/lib/python3.11/site-packages/openmm/app/charmmparameterset.py:391: UserWarning: Replacing dihedral <DihedralType: k=0.16; phase=180.0; per=2> with <DihedralType: k=0.55; phase=180.0; per=2>
  warnings.warn('Replacing dihedral %r with %r' %
/opt/homebrew/anaconda3/envs/biochemcore/lib/python3.11/site-packages/openmm/app/charmmparameterset.py:391: UserWarning: Replacing dihedral <DihedralType: k=0.8; phase=180.0; per=1> with <DihedralType: k=2.5; phase=180.0; per=1>
  warnings.warn('Replacing dihedral %r with %r' %
/opt/homebrew/anaconda3/envs/biochemcore/lib/python3.11/site-packages/openmm/app/charmmparameterset.py:391: UserWarning: Replacing dihedral <DihedralType: k=0.5; phase=0.0; per=2> with <DihedralType: k=1.5; phase=0.0; per=2>
  warnings.warn('Replacing dihedral %r with %r' %
/opt/homebrew/anaconda3/envs/biochemcore/lib/python3.11/site-packages/openmm/app/charmmparameterset.py:391: UserWarning: Replacing dihedral <DihedralType: k=0.7; phase=0.0; per=3> with <DihedralType: k=0.5; phase=0.0; per=3>
  warnings.warn('Replacing dihedral %r with %r' %
/opt/homebrew/anaconda3/envs/biochemcore/lib/python3.11/site-packages/openmm/app/charmmparameterset.py:391: UserWarning: Replacing dihedral <DihedralType: k=0.07; phase=180.0; per=3> with <DihedralType: k=0.065; phase=180.0; per=3>
  warnings.warn('Replacing dihedral %r with %r' %
/opt/homebrew/anaconda3/envs/biochemcore/lib/python3.11/site-packages/openmm/app/charmmparameterset.py:391: UserWarning: Replacing dihedral <DihedralType: k=1.3; phase=180.0; per=3> with <DihedralType: k=0.195; phase=0.0; per=3>
  warnings.warn('Replacing dihedral %r with %r' %
/opt/homebrew/anaconda3/envs/biochemcore/lib/python3.11/site-packages/openmm/app/charmmparameterset.py:391: UserWarning: Replacing dihedral <DihedralType: k=0.14; phase=180.0; per=3> with <DihedralType: k=0.8; phase=0.0; per=3>
  warnings.warn('Replacing dihedral %r with %r' %
/opt/homebrew/anaconda3/envs/biochemcore/lib/python3.11/site-packages/openmm/app/charmmparameterset.py:391: UserWarning: Replacing dihedral <DihedralType: k=0.3; phase=0.0; per=3> with <DihedralType: k=0.16; phase=0.0; per=3>
  warnings.warn('Replacing dihedral %r with %r' %
/opt/homebrew/anaconda3/envs/biochemcore/lib/python3.11/site-packages/openmm/app/charmmparameterset.py:391: UserWarning: Replacing dihedral <DihedralType: k=0.08; phase=180.0; per=1> with <DihedralType: k=0.0; phase=0.0; per=1>
  warnings.warn('Replacing dihedral %r with %r' %
/opt/homebrew/anaconda3/envs/biochemcore/lib/python3.11/site-packages/openmm/app/charmmparameterset.py:391: UserWarning: Replacing dihedral <DihedralType: k=0.02; phase=0.0; per=2> with <DihedralType: k=1.5; phase=0.0; per=2>
  warnings.warn('Replacing dihedral %r with %r' %
/opt/homebrew/anaconda3/envs/biochemcore/lib/python3.11/site-packages/openmm/app/charmmparameterset.py:391: UserWarning: Replacing dihedral <DihedralType: k=2.28; phase=180.0; per=3> with <DihedralType: k=0.5; phase=0.0; per=3>
  warnings.warn('Replacing dihedral %r with %r' %
/opt/homebrew/anaconda3/envs/biochemcore/lib/python3.11/site-packages/openmm/app/charmmparameterset.py:391: UserWarning: Replacing dihedral <DihedralType: k=0.24; phase=0.0; per=1> with <DihedralType: k=2.5; phase=180.0; per=1>
  warnings.warn('Replacing dihedral %r with %r' %
/opt/homebrew/anaconda3/envs/biochemcore/lib/python3.11/site-packages/openmm/app/charmmparameterset.py:391: UserWarning: Replacing dihedral <DihedralType: k=0.03; phase=0.0; per=3> with <DihedralType: k=0.1; phase=0.0; per=3>
  warnings.warn('Replacing dihedral %r with %r' %
/opt/homebrew/anaconda3/envs/biochemcore/lib/python3.11/site-packages/openmm/app/charmmparameterset.py:391: UserWarning: Replacing dihedral <DihedralType: k=4.59; phase=0.0; per=1> with <DihedralType: k=0.6; phase=0.0; per=1>
  warnings.warn('Replacing dihedral %r with %r' %
/opt/homebrew/anaconda3/envs/biochemcore/lib/python3.11/site-packages/openmm/app/charmmparameterset.py:391: UserWarning: Replacing dihedral <DihedralType: k=0.62; phase=0.0; per=3> with <DihedralType: k=0.3; phase=0.0; per=3>
  warnings.warn('Replacing dihedral %r with %r' %
/opt/homebrew/anaconda3/envs/biochemcore/lib/python3.11/site-packages/openmm/app/charmmparameterset.py:391: UserWarning: Replacing dihedral <DihedralType: k=2.23; phase=0.0; per=1> with <DihedralType: k=0.3; phase=0.0; per=1>
  warnings.warn('Replacing dihedral %r with %r' %
/opt/homebrew/anaconda3/envs/biochemcore/lib/python3.11/site-packages/openmm/app/charmmparameterset.py:391: UserWarning: Replacing dihedral <DihedralType: k=0.86; phase=0.0; per=2> with <DihedralType: k=0.55; phase=180.0; per=2>
  warnings.warn('Replacing dihedral %r with %r' %
/opt/homebrew/anaconda3/envs/biochemcore/lib/python3.11/site-packages/openmm/app/charmmparameterset.py:391: UserWarning: Replacing dihedral <DihedralType: k=0.8; phase=0.0; per=3> with <DihedralType: k=0.2; phase=0.0; per=3>
  warnings.warn('Replacing dihedral %r with %r' %
/opt/homebrew/anaconda3/envs/biochemcore/lib/python3.11/site-packages/openmm/app/charmmparameterset.py:391: UserWarning: Replacing dihedral <DihedralType: k=4.99; phase=180.0; per=1> with <DihedralType: k=0.0; phase=0.0; per=1>
  warnings.warn('Replacing dihedral %r with %r' %
/opt/homebrew/anaconda3/envs/biochemcore/lib/python3.11/site-packages/openmm/app/charmmparameterset.py:391: UserWarning: Replacing dihedral <DihedralType: k=0.3; phase=0.0; per=3> with <DihedralType: k=0.1; phase=0.0; per=3>
  warnings.warn('Replacing dihedral %r with %r' %
/opt/homebrew/anaconda3/envs/biochemcore/lib/python3.11/site-packages/openmm/app/charmmparameterset.py:391: UserWarning: Replacing dihedral <DihedralType: k=1.66; phase=180.0; per=2> with <DihedralType: k=1.025; phase=180.0; per=2>
  warnings.warn('Replacing dihedral %r with %r' %
/opt/homebrew/anaconda3/envs/biochemcore/lib/python3.11/site-packages/openmm/app/charmmparameterset.py:391: UserWarning: Replacing dihedral <DihedralType: k=0.0; phase=0.0; per=3> with <DihedralType: k=0.42; phase=0.0; per=3>
  warnings.warn('Replacing dihedral %r with %r' %
/opt/homebrew/anaconda3/envs/biochemcore/lib/python3.11/site-packages/openmm/app/charmmparameterset.py:391: UserWarning: Replacing dihedral <DihedralType: k=0.97; phase=180.0; per=1> with <DihedralType: k=0.975; phase=180.0; per=1>
  warnings.warn('Replacing dihedral %r with %r' %
/opt/homebrew/anaconda3/envs/biochemcore/lib/python3.11/site-packages/openmm/app/charmmparameterset.py:391: UserWarning: Replacing dihedral <DihedralType: k=1.0; phase=180.0; per=2> with <DihedralType: k=0.0; phase=0.0; per=2>
  warnings.warn('Replacing dihedral %r with %r' %
/opt/homebrew/anaconda3/envs/biochemcore/lib/python3.11/site-packages/openmm/app/charmmparameterset.py:391: UserWarning: Replacing dihedral <DihedralType: k=0.64; phase=180.0; per=1> with <DihedralType: k=0.4; phase=0.0; per=1>
  warnings.warn('Replacing dihedral %r with %r' %
/opt/homebrew/anaconda3/envs/biochemcore/lib/python3.11/site-packages/openmm/app/charmmparameterset.py:391: UserWarning: Replacing dihedral <DihedralType: k=0.31; phase=180.0; per=1> with <DihedralType: k=0.0; phase=0.0; per=1>
  warnings.warn('Replacing dihedral %r with %r' %
/opt/homebrew/anaconda3/envs/biochemcore/lib/python3.11/site-packages/openmm/app/charmmparameterset.py:391: UserWarning: Replacing dihedral <DihedralType: k=0.85; phase=0.0; per=3> with <DihedralType: k=2.31; phase=180.0; per=3>
  warnings.warn('Replacing dihedral %r with %r' %
/opt/homebrew/anaconda3/envs/biochemcore/lib/python3.11/site-packages/openmm/app/charmmparameterset.py:391: UserWarning: Replacing dihedral <DihedralType: k=2.21; phase=0.0; per=3> with <DihedralType: k=0.0; phase=0.0; per=3>
  warnings.warn('Replacing dihedral %r with %r' %
/opt/homebrew/anaconda3/envs/biochemcore/lib/python3.11/site-packages/openmm/app/charmmparameterset.py:391: UserWarning: Replacing dihedral <DihedralType: k=0.0; phase=180.0; per=2> with <DihedralType: k=15.0; phase=180.0; per=2>
  warnings.warn('Replacing dihedral %r with %r' %
/opt/homebrew/anaconda3/envs/biochemcore/lib/python3.11/site-packages/openmm/app/charmmparameterset.py:391: UserWarning: Replacing dihedral <DihedralType: k=1.33; phase=180.0; per=2> with <DihedralType: k=1.025; phase=180.0; per=2>
  warnings.warn('Replacing dihedral %r with %r' %
/opt/homebrew/anaconda3/envs/biochemcore/lib/python3.11/site-packages/openmm/app/charmmparameterset.py:391: UserWarning: Replacing dihedral <DihedralType: k=7.81; phase=180.0; per=1> with <DihedralType: k=0.6; phase=0.0; per=1>
  warnings.warn('Replacing dihedral %r with %r' %
/opt/homebrew/anaconda3/envs/biochemcore/lib/python3.11/site-packages/openmm/app/charmmparameterset.py:391: UserWarning: Replacing dihedral <DihedralType: k=0.33; phase=0.0; per=1> with <DihedralType: k=1.0; phase=180.0; per=1>
  warnings.warn('Replacing dihedral %r with %r' %
/opt/homebrew/anaconda3/envs/biochemcore/lib/python3.11/site-packages/openmm/app/charmmparameterset.py:391: UserWarning: Replacing dihedral <DihedralType: k=0.17; phase=0.0; per=2> with <DihedralType: k=0.1; phase=0.0; per=2>
  warnings.warn('Replacing dihedral %r with %r' %
/opt/homebrew/anaconda3/envs/biochemcore/lib/python3.11/site-packages/openmm/app/charmmparameterset.py:391: UserWarning: Replacing dihedral <DihedralType: k=1.07; phase=0.0; per=3> with <DihedralType: k=0.3; phase=180.0; per=3>
  warnings.warn('Replacing dihedral %r with %r' %
/opt/homebrew/anaconda3/envs/biochemcore/lib/python3.11/site-packages/openmm/app/charmmparameterset.py:391: UserWarning: Replacing dihedral <DihedralType: k=0.89; phase=0.0; per=4> with <DihedralType: k=0.2; phase=0.0; per=4>
  warnings.warn('Replacing dihedral %r with %r' %
/opt/homebrew/anaconda3/envs/biochemcore/lib/python3.11/site-packages/openmm/app/charmmparameterset.py:391: UserWarning: Replacing dihedral <DihedralType: k=0.59; phase=180.0; per=1> with <DihedralType: k=0.0; phase=0.0; per=1>
  warnings.warn('Replacing dihedral %r with %r' %
/opt/homebrew/anaconda3/envs/biochemcore/lib/python3.11/site-packages/openmm/app/charmmparameterset.py:391: UserWarning: Replacing dihedral <DihedralType: k=0.58; phase=180.0; per=2> with <DihedralType: k=2.5; phase=180.0; per=2>
  warnings.warn('Replacing dihedral %r with %r' %
/opt/homebrew/anaconda3/envs/biochemcore/lib/python3.11/site-packages/openmm/app/charmmparameterset.py:391: UserWarning: Replacing dihedral <DihedralType: k=1.65; phase=180.0; per=2> with <DihedralType: k=2.5; phase=180.0; per=2>
  warnings.warn('Replacing dihedral %r with %r' %
/opt/homebrew/anaconda3/envs/biochemcore/lib/python3.11/site-packages/openmm/app/charmmparameterset.py:391: UserWarning: Replacing dihedral <DihedralType: k=1.67; phase=0.0; per=1> with <DihedralType: k=0.75; phase=0.0; per=1>
  warnings.warn('Replacing dihedral %r with %r' %
/opt/homebrew/anaconda3/envs/biochemcore/lib/python3.11/site-packages/openmm/app/charmmparameterset.py:391: UserWarning: Replacing dihedral <DihedralType: k=0.97; phase=0.0; per=2> with <DihedralType: k=0.18; phase=180.0; per=2>
  warnings.warn('Replacing dihedral %r with %r' %
/opt/homebrew/anaconda3/envs/biochemcore/lib/python3.11/site-packages/openmm/app/charmmparameterset.py:391: UserWarning: Replacing dihedral <DihedralType: k=0.98; phase=180.0; per=3> with <DihedralType: k=0.065; phase=0.0; per=3>
  warnings.warn('Replacing dihedral %r with %r' %
/opt/homebrew/anaconda3/envs/biochemcore/lib/python3.11/site-packages/openmm/app/charmmparameterset.py:391: UserWarning: Replacing dihedral <DihedralType: k=0.06; phase=180.0; per=6> with <DihedralType: k=0.03; phase=0.0; per=6>
  warnings.warn('Replacing dihedral %r with %r' %
/opt/homebrew/anaconda3/envs/biochemcore/lib/python3.11/site-packages/openmm/app/charmmparameterset.py:391: UserWarning: Replacing dihedral <DihedralType: k=0.0; phase=180.0; per=1> with <DihedralType: k=0.75; phase=0.0; per=1>
  warnings.warn('Replacing dihedral %r with %r' %
/opt/homebrew/anaconda3/envs/biochemcore/lib/python3.11/site-packages/openmm/app/charmmparameterset.py:391: UserWarning: Replacing dihedral <DihedralType: k=0.1; phase=180.0; per=3> with <DihedralType: k=0.065; phase=0.0; per=3>
  warnings.warn('Replacing dihedral %r with %r' %
/opt/homebrew/anaconda3/envs/biochemcore/lib/python3.11/site-packages/openmm/app/charmmparameterset.py:391: UserWarning: Replacing dihedral <DihedralType: k=0.0; phase=180.0; per=2> with <DihedralType: k=0.18; phase=180.0; per=2>
  warnings.warn('Replacing dihedral %r with %r' %
/opt/homebrew/anaconda3/envs/biochemcore/lib/python3.11/site-packages/openmm/app/charmmparameterset.py:391: UserWarning: Replacing dihedral <DihedralType: k=0.25; phase=0.0; per=2> with <DihedralType: k=0.18; phase=180.0; per=2>
  warnings.warn('Replacing dihedral %r with %r' %
/opt/homebrew/anaconda3/envs/biochemcore/lib/python3.11/site-packages/openmm/app/charmmparameterset.py:391: UserWarning: Replacing dihedral <DihedralType: k=0.08; phase=180.0; per=1> with <DihedralType: k=0.75; phase=0.0; per=1>
  warnings.warn('Replacing dihedral %r with %r' %
/opt/homebrew/anaconda3/envs/biochemcore/lib/python3.11/site-packages/openmm/app/charmmparameterset.py:391: UserWarning: Replacing dihedral <DihedralType: k=0.43; phase=0.0; per=6> with <DihedralType: k=0.03; phase=0.0; per=6>
  warnings.warn('Replacing dihedral %r with %r' %
/opt/homebrew/anaconda3/envs/biochemcore/lib/python3.11/site-packages/openmm/app/charmmparameterset.py:391: UserWarning: Replacing dihedral <DihedralType: k=0.07; phase=0.0; per=1> with <DihedralType: k=0.75; phase=0.0; per=1>
  warnings.warn('Replacing dihedral %r with %r' %
/opt/homebrew/anaconda3/envs/biochemcore/lib/python3.11/site-packages/openmm/app/charmmparameterset.py:391: UserWarning: Replacing dihedral <DihedralType: k=0.27; phase=0.0; per=3> with <DihedralType: k=0.065; phase=0.0; per=3>
  warnings.warn('Replacing dihedral %r with %r' %
/opt/homebrew/anaconda3/envs/biochemcore/lib/python3.11/site-packages/openmm/app/charmmparameterset.py:391: UserWarning: Replacing dihedral <DihedralType: k=1.71; phase=0.0; per=2> with <DihedralType: k=0.18; phase=180.0; per=2>
  warnings.warn('Replacing dihedral %r with %r' %
/opt/homebrew/anaconda3/envs/biochemcore/lib/python3.11/site-packages/openmm/app/charmmparameterset.py:391: UserWarning: Replacing dihedral <DihedralType: k=0.2; phase=0.0; per=3> with <DihedralType: k=0.35; phase=180.0; per=3>
  warnings.warn('Replacing dihedral %r with %r' %
/opt/homebrew/anaconda3/envs/biochemcore/lib/python3.11/site-packages/openmm/app/charmmparameterset.py:391: UserWarning: Replacing dihedral <DihedralType: k=0.45; phase=0.0; per=3> with <DihedralType: k=0.2; phase=0.0; per=3>
  warnings.warn('Replacing dihedral %r with %r' %
/opt/homebrew/anaconda3/envs/biochemcore/lib/python3.11/site-packages/openmm/app/charmmparameterset.py:391: UserWarning: Replacing dihedral <DihedralType: k=0.03; phase=0.0; per=1> with <DihedralType: k=0.75; phase=0.0; per=1>
  warnings.warn('Replacing dihedral %r with %r' %
/opt/homebrew/anaconda3/envs/biochemcore/lib/python3.11/site-packages/openmm/app/charmmparameterset.py:391: UserWarning: Replacing dihedral <DihedralType: k=0.01; phase=0.0; per=6> with <DihedralType: k=0.03; phase=0.0; per=6>
  warnings.warn('Replacing dihedral %r with %r' %
/opt/homebrew/anaconda3/envs/biochemcore/lib/python3.11/site-packages/openmm/app/charmmparameterset.py:391: UserWarning: Replacing dihedral <DihedralType: k=0.34; phase=180.0; per=3> with <DihedralType: k=0.065; phase=0.0; per=3>
  warnings.warn('Replacing dihedral %r with %r' %
/opt/homebrew/anaconda3/envs/biochemcore/lib/python3.11/site-packages/openmm/app/charmmparameterset.py:391: UserWarning: Replacing dihedral <DihedralType: k=0.08; phase=180.0; per=2> with <DihedralType: k=0.18; phase=180.0; per=2>
  warnings.warn('Replacing dihedral %r with %r' %
/opt/homebrew/anaconda3/envs/biochemcore/lib/python3.11/site-packages/openmm/app/charmmparameterset.py:391: UserWarning: Replacing dihedral <DihedralType: k=0.43; phase=180.0; per=3> with <DihedralType: k=0.2; phase=0.0; per=3>
  warnings.warn('Replacing dihedral %r with %r' %
/opt/homebrew/anaconda3/envs/biochemcore/lib/python3.11/site-packages/openmm/app/charmmparameterset.py:391: UserWarning: Replacing dihedral <DihedralType: k=0.13; phase=0.0; per=6> with <DihedralType: k=0.03; phase=0.0; per=6>
  warnings.warn('Replacing dihedral %r with %r' %
/opt/homebrew/anaconda3/envs/biochemcore/lib/python3.11/site-packages/openmm/app/charmmparameterset.py:391: UserWarning: Replacing dihedral <DihedralType: k=0.11; phase=180.0; per=3> with <DihedralType: k=0.065; phase=180.0; per=3>
  warnings.warn('Replacing dihedral %r with %r' %
/opt/homebrew/anaconda3/envs/biochemcore/lib/python3.11/site-packages/openmm/app/charmmparameterset.py:391: UserWarning: Replacing dihedral <DihedralType: k=0.0; phase=0.0; per=1> with <DihedralType: k=0.75; phase=180.0; per=1>
  warnings.warn('Replacing dihedral %r with %r' %
/opt/homebrew/anaconda3/envs/biochemcore/lib/python3.11/site-packages/openmm/app/charmmparameterset.py:391: UserWarning: Replacing dihedral <DihedralType: k=0.02; phase=0.0; per=2> with <DihedralType: k=0.18; phase=180.0; per=2>
  warnings.warn('Replacing dihedral %r with %r' %
/opt/homebrew/anaconda3/envs/biochemcore/lib/python3.11/site-packages/openmm/app/charmmparameterset.py:391: UserWarning: Replacing dihedral <DihedralType: k=0.0; phase=0.0; per=2> with <DihedralType: k=0.18; phase=180.0; per=2>
  warnings.warn('Replacing dihedral %r with %r' %
/opt/homebrew/anaconda3/envs/biochemcore/lib/python3.11/site-packages/openmm/app/charmmparameterset.py:391: UserWarning: Replacing dihedral <DihedralType: k=0.05; phase=180.0; per=3> with <DihedralType: k=0.065; phase=0.0; per=3>
  warnings.warn('Replacing dihedral %r with %r' %
/opt/homebrew/anaconda3/envs/biochemcore/lib/python3.11/site-packages/openmm/app/charmmparameterset.py:391: UserWarning: Replacing dihedral <DihedralType: k=0.1; phase=0.0; per=1> with <DihedralType: k=0.75; phase=0.0; per=1>
  warnings.warn('Replacing dihedral %r with %r' %
/opt/homebrew/anaconda3/envs/biochemcore/lib/python3.11/site-packages/openmm/app/charmmparameterset.py:391: UserWarning: Replacing dihedral <DihedralType: k=0.26; phase=180.0; per=6> with <DihedralType: k=0.03; phase=0.0; per=6>
  warnings.warn('Replacing dihedral %r with %r' %
/opt/homebrew/anaconda3/envs/biochemcore/lib/python3.11/site-packages/openmm/app/charmmparameterset.py:391: UserWarning: Replacing dihedral <DihedralType: k=0.06; phase=0.0; per=2> with <DihedralType: k=0.18; phase=180.0; per=2>
  warnings.warn('Replacing dihedral %r with %r' %
/opt/homebrew/anaconda3/envs/biochemcore/lib/python3.11/site-packages/openmm/app/charmmparameterset.py:391: UserWarning: Replacing dihedral <DihedralType: k=0.67; phase=180.0; per=1> with <DihedralType: k=0.0; phase=0.0; per=1>
  warnings.warn('Replacing dihedral %r with %r' %
/opt/homebrew/anaconda3/envs/biochemcore/lib/python3.11/site-packages/openmm/app/charmmparameterset.py:391: UserWarning: Replacing dihedral <DihedralType: k=0.02; phase=0.0; per=1> with <DihedralType: k=0.75; phase=180.0; per=1>
  warnings.warn('Replacing dihedral %r with %r' %
/opt/homebrew/anaconda3/envs/biochemcore/lib/python3.11/site-packages/openmm/app/charmmparameterset.py:391: UserWarning: Replacing dihedral <DihedralType: k=0.53; phase=0.0; per=2> with <DihedralType: k=0.18; phase=180.0; per=2>
  warnings.warn('Replacing dihedral %r with %r' %
/opt/homebrew/anaconda3/envs/biochemcore/lib/python3.11/site-packages/openmm/app/charmmparameterset.py:391: UserWarning: Replacing dihedral <DihedralType: k=0.34; phase=180.0; per=6> with <DihedralType: k=0.03; phase=0.0; per=6>
  warnings.warn('Replacing dihedral %r with %r' %
/opt/homebrew/anaconda3/envs/biochemcore/lib/python3.11/site-packages/openmm/app/charmmparameterset.py:391: UserWarning: Replacing dihedral <DihedralType: k=1.27; phase=0.0; per=3> with <DihedralType: k=0.065; phase=180.0; per=3>
  warnings.warn('Replacing dihedral %r with %r' %
/opt/homebrew/anaconda3/envs/biochemcore/lib/python3.11/site-packages/openmm/app/charmmparameterset.py:391: UserWarning: Replacing dihedral <DihedralType: k=0.27; phase=0.0; per=6> with <DihedralType: k=0.03; phase=0.0; per=6>
  warnings.warn('Replacing dihedral %r with %r' %
/opt/homebrew/anaconda3/envs/biochemcore/lib/python3.11/site-packages/openmm/app/charmmparameterset.py:391: UserWarning: Replacing dihedral <DihedralType: k=0.6; phase=0.0; per=1> with <DihedralType: k=0.75; phase=0.0; per=1>
  warnings.warn('Replacing dihedral %r with %r' %
/opt/homebrew/anaconda3/envs/biochemcore/lib/python3.11/site-packages/openmm/app/charmmparameterset.py:391: UserWarning: Replacing dihedral <DihedralType: k=0.11; phase=180.0; per=3> with <DihedralType: k=0.065; phase=0.0; per=3>
  warnings.warn('Replacing dihedral %r with %r' %
/opt/homebrew/anaconda3/envs/biochemcore/lib/python3.11/site-packages/openmm/app/charmmparameterset.py:391: UserWarning: Replacing dihedral <DihedralType: k=0.24; phase=0.0; per=1> with <DihedralType: k=0.0; phase=0.0; per=1>
  warnings.warn('Replacing dihedral %r with %r' %
/opt/homebrew/anaconda3/envs/biochemcore/lib/python3.11/site-packages/openmm/app/charmmparameterset.py:391: UserWarning: Replacing dihedral <DihedralType: k=0.04; phase=0.0; per=3> with <DihedralType: k=0.19; phase=0.0; per=3>
  warnings.warn('Replacing dihedral %r with %r' %
/opt/homebrew/anaconda3/envs/biochemcore/lib/python3.11/site-packages/openmm/app/charmmparameterset.py:391: UserWarning: Replacing dihedral <DihedralType: k=0.0; phase=180.0; per=3> with <DihedralType: k=0.1; phase=0.0; per=3>
  warnings.warn('Replacing dihedral %r with %r' %
/opt/homebrew/anaconda3/envs/biochemcore/lib/python3.11/site-packages/openmm/app/charmmparameterset.py:391: UserWarning: Replacing dihedral <DihedralType: k=0.2; phase=0.0; per=2> with <DihedralType: k=0.23; phase=180.0; per=2>
  warnings.warn('Replacing dihedral %r with %r' %
/opt/homebrew/anaconda3/envs/biochemcore/lib/python3.11/site-packages/openmm/app/charmmparameterset.py:391: UserWarning: Replacing dihedral <DihedralType: k=1.23; phase=180.0; per=1> with <DihedralType: k=0.0; phase=0.0; per=1>
  warnings.warn('Replacing dihedral %r with %r' %
/opt/homebrew/anaconda3/envs/biochemcore/lib/python3.11/site-packages/openmm/app/charmmparameterset.py:391: UserWarning: Replacing dihedral <DihedralType: k=0.11; phase=180.0; per=2> with <DihedralType: k=1.4; phase=180.0; per=2>
  warnings.warn('Replacing dihedral %r with %r' %
/opt/homebrew/anaconda3/envs/biochemcore/lib/python3.11/site-packages/openmm/app/charmmparameterset.py:391: UserWarning: Replacing dihedral <DihedralType: k=0.12; phase=0.0; per=1> with <DihedralType: k=0.6; phase=0.0; per=1>
  warnings.warn('Replacing dihedral %r with %r' %
/opt/homebrew/anaconda3/envs/biochemcore/lib/python3.11/site-packages/openmm/app/charmmparameterset.py:391: UserWarning: Replacing dihedral <DihedralType: k=0.42; phase=180.0; per=3> with <DihedralType: k=0.35; phase=180.0; per=3>
  warnings.warn('Replacing dihedral %r with %r' %
/opt/homebrew/anaconda3/envs/biochemcore/lib/python3.11/site-packages/openmm/app/charmmparameterset.py:391: UserWarning: Replacing dihedral <DihedralType: k=0.37; phase=180.0; per=6> with <DihedralType: k=0.09; phase=180.0; per=6>
  warnings.warn('Replacing dihedral %r with %r' %
/opt/homebrew/anaconda3/envs/biochemcore/lib/python3.11/site-packages/openmm/app/charmmparameterset.py:391: UserWarning: Replacing dihedral <DihedralType: k=3.04; phase=180.0; per=2> with <DihedralType: k=0.39; phase=0.0; per=2>
  warnings.warn('Replacing dihedral %r with %r' %
/opt/homebrew/anaconda3/envs/biochemcore/lib/python3.11/site-packages/openmm/app/charmmparameterset.py:391: UserWarning: Replacing dihedral <DihedralType: k=1.37; phase=180.0; per=1> with <DihedralType: k=0.21; phase=180.0; per=1>
  warnings.warn('Replacing dihedral %r with %r' %
/opt/homebrew/anaconda3/envs/biochemcore/lib/python3.11/site-packages/openmm/app/charmmparameterset.py:391: UserWarning: Replacing dihedral <DihedralType: k=3.83; phase=180.0; per=3> with <DihedralType: k=0.2; phase=0.0; per=3>
  warnings.warn('Replacing dihedral %r with %r' %
/opt/homebrew/anaconda3/envs/biochemcore/lib/python3.11/site-packages/openmm/app/charmmparameterset.py:391: UserWarning: Replacing dihedral <DihedralType: k=0.22; phase=0.0; per=3> with <DihedralType: k=0.2; phase=0.0; per=3>
  warnings.warn('Replacing dihedral %r with %r' %
/opt/homebrew/anaconda3/envs/biochemcore/lib/python3.11/site-packages/openmm/app/charmmparameterset.py:391: UserWarning: Replacing dihedral <DihedralType: k=0.48; phase=180.0; per=3> with <DihedralType: k=0.2; phase=0.0; per=3>
  warnings.warn('Replacing dihedral %r with %r' %
/opt/homebrew/anaconda3/envs/biochemcore/lib/python3.11/site-packages/openmm/app/charmmparameterset.py:391: UserWarning: Replacing dihedral <DihedralType: k=0.22; phase=0.0; per=1> with <DihedralType: k=0.6; phase=0.0; per=1>
  warnings.warn('Replacing dihedral %r with %r' %
/opt/homebrew/anaconda3/envs/biochemcore/lib/python3.11/site-packages/openmm/app/charmmparameterset.py:391: UserWarning: Replacing dihedral <DihedralType: k=0.18; phase=0.0; per=3> with <DihedralType: k=0.16; phase=0.0; per=3>
  warnings.warn('Replacing dihedral %r with %r' %
/opt/homebrew/anaconda3/envs/biochemcore/lib/python3.11/site-packages/openmm/app/charmmparameterset.py:391: UserWarning: Replacing dihedral <DihedralType: k=0.2; phase=0.0; per=3> with <DihedralType: k=0.2; phase=180.0; per=3>
  warnings.warn('Replacing dihedral %r with %r' %
/opt/homebrew/anaconda3/envs/biochemcore/lib/python3.11/site-packages/openmm/app/charmmparameterset.py:391: UserWarning: Replacing dihedral <DihedralType: k=1.37; phase=180.0; per=3> with <DihedralType: k=0.19; phase=0.0; per=3>
  warnings.warn('Replacing dihedral %r with %r' %
/opt/homebrew/anaconda3/envs/biochemcore/lib/python3.11/site-packages/openmm/app/charmmparameterset.py:391: UserWarning: Replacing dihedral <DihedralType: k=0.2; phase=0.0; per=3> with <DihedralType: k=0.16; phase=0.0; per=3>
  warnings.warn('Replacing dihedral %r with %r' %
/opt/homebrew/anaconda3/envs/biochemcore/lib/python3.11/site-packages/openmm/app/charmmparameterset.py:391: UserWarning: Replacing dihedral <DihedralType: k=0.14; phase=0.0; per=3> with <DihedralType: k=0.2; phase=180.0; per=3>
  warnings.warn('Replacing dihedral %r with %r' %
/opt/homebrew/anaconda3/envs/biochemcore/lib/python3.11/site-packages/openmm/app/charmmparameterset.py:391: UserWarning: Replacing dihedral <DihedralType: k=1.71; phase=0.0; per=3> with <DihedralType: k=0.2; phase=0.0; per=3>
  warnings.warn('Replacing dihedral %r with %r' %
/opt/homebrew/anaconda3/envs/biochemcore/lib/python3.11/site-packages/openmm/app/charmmparameterset.py:391: UserWarning: Replacing dihedral <DihedralType: k=0.18; phase=0.0; per=3> with <DihedralType: k=0.185; phase=0.0; per=3>
  warnings.warn('Replacing dihedral %r with %r' %
/opt/homebrew/anaconda3/envs/biochemcore/lib/python3.11/site-packages/openmm/app/charmmparameterset.py:391: UserWarning: Replacing dihedral <DihedralType: k=0.18; phase=0.0; per=3> with <DihedralType: k=0.195; phase=0.0; per=3>
  warnings.warn('Replacing dihedral %r with %r' %
/opt/homebrew/anaconda3/envs/biochemcore/lib/python3.11/site-packages/openmm/app/charmmparameterset.py:391: UserWarning: Replacing dihedral <DihedralType: k=0.44; phase=0.0; per=3> with <DihedralType: k=0.25; phase=0.0; per=3>
  warnings.warn('Replacing dihedral %r with %r' %
/opt/homebrew/anaconda3/envs/biochemcore/lib/python3.11/site-packages/openmm/app/charmmparameterset.py:391: UserWarning: Replacing dihedral <DihedralType: k=0.4; phase=180.0; per=1> with <DihedralType: k=0.16; phase=180.0; per=1>
  warnings.warn('Replacing dihedral %r with %r' %
/opt/homebrew/anaconda3/envs/biochemcore/lib/python3.11/site-packages/openmm/app/charmmparameterset.py:391: UserWarning: Replacing dihedral <DihedralType: k=0.49; phase=180.0; per=2> with <DihedralType: k=0.39; phase=0.0; per=2>
  warnings.warn('Replacing dihedral %r with %r' %
/opt/homebrew/anaconda3/envs/biochemcore/lib/python3.11/site-packages/openmm/app/charmmparameterset.py:391: UserWarning: Replacing dihedral <DihedralType: k=0.23; phase=180.0; per=3> with <DihedralType: k=0.1; phase=0.0; per=3>
  warnings.warn('Replacing dihedral %r with %r' %
/opt/homebrew/anaconda3/envs/biochemcore/lib/python3.11/site-packages/openmm/app/charmmparameterset.py:391: UserWarning: Replacing dihedral <DihedralType: k=4.23; phase=180.0; per=3> with <DihedralType: k=0.195; phase=0.0; per=3>
  warnings.warn('Replacing dihedral %r with %r' %
/opt/homebrew/anaconda3/envs/biochemcore/lib/python3.11/site-packages/openmm/app/charmmparameterset.py:391: UserWarning: Replacing dihedral <DihedralType: k=0.09; phase=0.0; per=1> with <DihedralType: k=0.75; phase=0.0; per=1>
  warnings.warn('Replacing dihedral %r with %r' %
/opt/homebrew/anaconda3/envs/biochemcore/lib/python3.11/site-packages/openmm/app/charmmparameterset.py:391: UserWarning: Replacing dihedral <DihedralType: k=0.82; phase=180.0; per=3> with <DihedralType: k=0.065; phase=0.0; per=3>
  warnings.warn('Replacing dihedral %r with %r' %
/opt/homebrew/anaconda3/envs/biochemcore/lib/python3.11/site-packages/openmm/app/charmmparameterset.py:391: UserWarning: Replacing dihedral <DihedralType: k=0.34; phase=0.0; per=6> with <DihedralType: k=0.03; phase=0.0; per=6>
  warnings.warn('Replacing dihedral %r with %r' %
/opt/homebrew/anaconda3/envs/biochemcore/lib/python3.11/site-packages/openmm/app/charmmparameterset.py:391: UserWarning: Replacing dihedral <DihedralType: k=0.16; phase=0.0; per=1> with <DihedralType: k=0.75; phase=180.0; per=1>
  warnings.warn('Replacing dihedral %r with %r' %
/opt/homebrew/anaconda3/envs/biochemcore/lib/python3.11/site-packages/openmm/app/charmmparameterset.py:391: UserWarning: Replacing dihedral <DihedralType: k=0.01; phase=180.0; per=2> with <DihedralType: k=0.18; phase=180.0; per=2>
  warnings.warn('Replacing dihedral %r with %r' %
/opt/homebrew/anaconda3/envs/biochemcore/lib/python3.11/site-packages/openmm/app/charmmparameterset.py:391: UserWarning: Replacing dihedral <DihedralType: k=0.97; phase=180.0; per=3> with <DihedralType: k=0.065; phase=180.0; per=3>
  warnings.warn('Replacing dihedral %r with %r' %
/opt/homebrew/anaconda3/envs/biochemcore/lib/python3.11/site-packages/openmm/app/charmmparameterset.py:391: UserWarning: Replacing dihedral <DihedralType: k=0.08; phase=180.0; per=6> with <DihedralType: k=0.03; phase=0.0; per=6>
  warnings.warn('Replacing dihedral %r with %r' %
/opt/homebrew/anaconda3/envs/biochemcore/lib/python3.11/site-packages/openmm/app/charmmparameterset.py:391: UserWarning: Replacing dihedral <DihedralType: k=0.17; phase=180.0; per=3> with <DihedralType: k=0.2; phase=0.0; per=3>
  warnings.warn('Replacing dihedral %r with %r' %
/opt/homebrew/anaconda3/envs/biochemcore/lib/python3.11/site-packages/openmm/app/charmmparameterset.py:391: UserWarning: Replacing dihedral <DihedralType: k=0.02; phase=0.0; per=3> with <DihedralType: k=0.2; phase=0.0; per=3>
  warnings.warn('Replacing dihedral %r with %r' %
/opt/homebrew/anaconda3/envs/biochemcore/lib/python3.11/site-packages/openmm/app/charmmparameterset.py:391: UserWarning: Replacing dihedral <DihedralType: k=0.37; phase=180.0; per=3> with <DihedralType: k=0.2; phase=0.0; per=3>
  warnings.warn('Replacing dihedral %r with %r' %
/opt/homebrew/anaconda3/envs/biochemcore/lib/python3.11/site-packages/openmm/app/charmmparameterset.py:431: UserWarning: Repeat improper dihedral found ('CG2O2', 'CG2R51', 'OG2D1', 'OG311') and New param. k: 53.000000  ,thetaq: 0.000000 will use
  warnings.warn('Repeat improper dihedral found %r and New param. k: %f  ,thetaq: %f will use' %
/opt/homebrew/anaconda3/envs/biochemcore/lib/python3.11/site-packages/openmm/app/charmmparameterset.py:431: UserWarning: Repeat improper dihedral found ('CG2O5', 'CG311', 'CG331', 'OG2D3') and New param. k: 70.000000  ,thetaq: 0.000000 will use
  warnings.warn('Repeat improper dihedral found %r and New param. k: %f  ,thetaq: %f will use' %
/opt/homebrew/anaconda3/envs/biochemcore/lib/python3.11/site-packages/openmm/app/charmmparameterset.py:431: UserWarning: Repeat improper dihedral found ('CG2O5', 'CG2O5', 'CG321', 'OG2D3') and New param. k: 88.000000  ,thetaq: 0.000000 will use
  warnings.warn('Repeat improper dihedral found %r and New param. k: %f  ,thetaq: %f will use' %
/opt/homebrew/anaconda3/envs/biochemcore/lib/python3.11/site-packages/openmm/app/charmmparameterset.py:431: UserWarning: Repeat improper dihedral found ('CG2O5', 'CG301', 'CG321', 'OG2D3') and New param. k: 70.000000  ,thetaq: 0.000000 will use
  warnings.warn('Repeat improper dihedral found %r and New param. k: %f  ,thetaq: %f will use' %
/opt/homebrew/anaconda3/envs/biochemcore/lib/python3.11/site-packages/openmm/app/charmmparameterset.py:431: UserWarning: Repeat improper dihedral found ('CG2O5', 'CG311', 'CG321', 'OG2D3') and New param. k: 70.000000  ,thetaq: 0.000000 will use
  warnings.warn('Repeat improper dihedral found %r and New param. k: %f  ,thetaq: %f will use' %
/opt/homebrew/anaconda3/envs/biochemcore/lib/python3.11/site-packages/openmm/app/charmmparameterset.py:431: UserWarning: Repeat improper dihedral found ('CG2O2', 'CG301', 'OG2D1', 'OG311') and New param. k: 65.000000  ,thetaq: 0.000000 will use
  warnings.warn('Repeat improper dihedral found %r and New param. k: %f  ,thetaq: %f will use' %
/opt/homebrew/anaconda3/envs/biochemcore/lib/python3.11/site-packages/openmm/app/charmmparameterset.py:391: UserWarning: Replacing dihedral <DihedralType: k=0.0; phase=0.0; per=2> with <DihedralType: k=1.585; phase=180.0; per=2>
  warnings.warn('Replacing dihedral %r with %r' %
/opt/homebrew/anaconda3/envs/biochemcore/lib/python3.11/site-packages/openmm/app/charmmparameterset.py:391: UserWarning: Replacing dihedral <DihedralType: k=0.71; phase=0.0; per=2> with <DihedralType: k=3.1; phase=180.0; per=2>
  warnings.warn('Replacing dihedral %r with %r' %
/opt/homebrew/anaconda3/envs/biochemcore/lib/python3.11/site-packages/openmm/app/charmmparameterset.py:391: UserWarning: Replacing dihedral <DihedralType: k=0.58; phase=180.0; per=2> with <DihedralType: k=0.0; phase=180.0; per=2>
  warnings.warn('Replacing dihedral %r with %r' %
/opt/homebrew/anaconda3/envs/biochemcore/lib/python3.11/site-packages/openmm/app/charmmparameterset.py:391: UserWarning: Replacing dihedral <DihedralType: k=0.0; phase=0.0; per=2> with <DihedralType: k=0.0; phase=180.0; per=2>
  warnings.warn('Replacing dihedral %r with %r' %
/opt/homebrew/anaconda3/envs/biochemcore/lib/python3.11/site-packages/openmm/app/charmmparameterset.py:431: UserWarning: Repeat improper dihedral found ('CG2O5', 'CG2DC1', 'CG2R61', 'OG2D3') and New param. k: 72.000000  ,thetaq: 0.000000 will use
  warnings.warn('Repeat improper dihedral found %r and New param. k: %f  ,thetaq: %f will use' %
/opt/homebrew/anaconda3/envs/biochemcore/lib/python3.11/site-packages/openmm/app/charmmparameterset.py:391: UserWarning: Replacing dihedral <DihedralType: k=0.2; phase=0.0; per=1> with <DihedralType: k=0.195; phase=0.0; per=1>
  warnings.warn('Replacing dihedral %r with %r' %
/opt/homebrew/anaconda3/envs/biochemcore/lib/python3.11/site-packages/openmm/app/charmmparameterset.py:391: UserWarning: Replacing dihedral <DihedralType: k=0.31; phase=0.0; per=3> with <DihedralType: k=0.2; phase=0.0; per=3>
  warnings.warn('Replacing dihedral %r with %r' %
/opt/homebrew/anaconda3/envs/biochemcore/lib/python3.11/site-packages/openmm/app/charmmparameterset.py:391: UserWarning: Replacing dihedral <DihedralType: k=0.31; phase=180.0; per=3> with <DihedralType: k=0.2; phase=180.0; per=3>
  warnings.warn('Replacing dihedral %r with %r' %
/opt/homebrew/anaconda3/envs/biochemcore/lib/python3.11/site-packages/openmm/app/charmmparameterset.py:391: UserWarning: Replacing dihedral <DihedralType: k=0.02; phase=0.0; per=3> with <DihedralType: k=0.19; phase=0.0; per=3>
  warnings.warn('Replacing dihedral %r with %r' %
/opt/homebrew/anaconda3/envs/biochemcore/lib/python3.11/site-packages/openmm/app/charmmparameterset.py:391: UserWarning: Replacing dihedral <DihedralType: k=1.02; phase=180.0; per=3> with <DihedralType: k=0.0; phase=0.0; per=3>
  warnings.warn('Replacing dihedral %r with %r' %
/opt/homebrew/anaconda3/envs/biochemcore/lib/python3.11/site-packages/openmm/app/charmmparameterset.py:391: UserWarning: Replacing dihedral <DihedralType: k=1.19; phase=0.0; per=3> with <DihedralType: k=1.65; phase=180.0; per=3>
  warnings.warn('Replacing dihedral %r with %r' %
/opt/homebrew/anaconda3/envs/biochemcore/lib/python3.11/site-packages/openmm/app/charmmparameterset.py:391: UserWarning: Replacing dihedral <DihedralType: k=0.35; phase=180.0; per=3> with <DihedralType: k=1.65; phase=180.0; per=3>
  warnings.warn('Replacing dihedral %r with %r' %
/opt/homebrew/anaconda3/envs/biochemcore/lib/python3.11/site-packages/openmm/app/charmmparameterset.py:391: UserWarning: Replacing dihedral <DihedralType: k=0.0; phase=0.0; per=3> with <DihedralType: k=0.12; phase=0.0; per=3>
  warnings.warn('Replacing dihedral %r with %r' %
/opt/homebrew/anaconda3/envs/biochemcore/lib/python3.11/site-packages/openmm/app/charmmparameterset.py:391: UserWarning: Replacing dihedral <DihedralType: k=1.17; phase=180.0; per=3> with <DihedralType: k=0.04; phase=0.0; per=3>
  warnings.warn('Replacing dihedral %r with %r' %
/opt/homebrew/anaconda3/envs/biochemcore/lib/python3.11/site-packages/openmm/app/charmmparameterset.py:391: UserWarning: Replacing dihedral <DihedralType: k=3.45; phase=180.0; per=1> with <DihedralType: k=2.4; phase=180.0; per=1>
  warnings.warn('Replacing dihedral %r with %r' %
/opt/homebrew/anaconda3/envs/biochemcore/lib/python3.11/site-packages/openmm/app/charmmparameterset.py:391: UserWarning: Replacing dihedral <DihedralType: k=1.27; phase=180.0; per=2> with <DihedralType: k=3.0; phase=180.0; per=2>
  warnings.warn('Replacing dihedral %r with %r' %
/opt/homebrew/anaconda3/envs/biochemcore/lib/python3.11/site-packages/openmm/app/charmmparameterset.py:391: UserWarning: Replacing dihedral <DihedralType: k=2.22; phase=180.0; per=2> with <DihedralType: k=2.4; phase=180.0; per=2>
  warnings.warn('Replacing dihedral %r with %r' %
/opt/homebrew/anaconda3/envs/biochemcore/lib/python3.11/site-packages/openmm/app/charmmparameterset.py:391: UserWarning: Replacing dihedral <DihedralType: k=1.05; phase=0.0; per=3> with <DihedralType: k=0.3; phase=0.0; per=3>
  warnings.warn('Replacing dihedral %r with %r' %
/opt/homebrew/anaconda3/envs/biochemcore/lib/python3.11/site-packages/openmm/app/charmmparameterset.py:391: UserWarning: Replacing dihedral <DihedralType: k=1.25; phase=180.0; per=2> with <DihedralType: k=3.1; phase=180.0; per=2>
  warnings.warn('Replacing dihedral %r with %r' %
/opt/homebrew/anaconda3/envs/biochemcore/lib/python3.11/site-packages/openmm/app/charmmparameterset.py:391: UserWarning: Replacing dihedral <DihedralType: k=2.32; phase=180.0; per=2> with <DihedralType: k=2.5; phase=180.0; per=2>
  warnings.warn('Replacing dihedral %r with %r' %
/opt/homebrew/anaconda3/envs/biochemcore/lib/python3.11/site-packages/openmm/app/charmmparameterset.py:391: UserWarning: Replacing dihedral <DihedralType: k=0.32; phase=0.0; per=2> with <DihedralType: k=1.0; phase=180.0; per=2>
  warnings.warn('Replacing dihedral %r with %r' %
/opt/homebrew/anaconda3/envs/biochemcore/lib/python3.11/site-packages/openmm/app/charmmparameterset.py:391: UserWarning: Replacing dihedral <DihedralType: k=0.0; phase=0.0; per=3> with <DihedralType: k=0.16; phase=0.0; per=3>
  warnings.warn('Replacing dihedral %r with %r' %
/opt/homebrew/anaconda3/envs/biochemcore/lib/python3.11/site-packages/openmm/app/charmmparameterset.py:391: UserWarning: Replacing dihedral <DihedralType: k=1.58; phase=180.0; per=3> with <DihedralType: k=0.15; phase=0.0; per=3>
  warnings.warn('Replacing dihedral %r with %r' %
/opt/homebrew/anaconda3/envs/biochemcore/lib/python3.11/site-packages/openmm/app/charmmparameterset.py:391: UserWarning: Replacing dihedral <DihedralType: k=0.0; phase=0.0; per=3> with <DihedralType: k=0.15; phase=0.0; per=3>
  warnings.warn('Replacing dihedral %r with %r' %
/opt/homebrew/anaconda3/envs/biochemcore/lib/python3.11/site-packages/openmm/app/charmmparameterset.py:391: UserWarning: Replacing dihedral <DihedralType: k=0.9; phase=0.0; per=3> with <DihedralType: k=2.31; phase=180.0; per=3>
  warnings.warn('Replacing dihedral %r with %r' %
/opt/homebrew/anaconda3/envs/biochemcore/lib/python3.11/site-packages/openmm/app/charmmparameterset.py:391: UserWarning: Replacing dihedral <DihedralType: k=1.59; phase=180.0; per=2> with <DihedralType: k=2.5; phase=180.0; per=2>
  warnings.warn('Replacing dihedral %r with %r' %
/opt/homebrew/anaconda3/envs/biochemcore/lib/python3.11/site-packages/openmm/app/charmmparameterset.py:391: UserWarning: Replacing dihedral <DihedralType: k=0.23; phase=0.0; per=2> with <DihedralType: k=2.5; phase=180.0; per=2>
  warnings.warn('Replacing dihedral %r with %r' %
Using platform: HIP

Initial system energy
-2914101.8479888216 kJ/mol

MD run: 250000 steps
#"Progress (%)"	"Step"	"Time (ps)"	"Potential Energy (kJ/mole)"	"Temperature (K)"	"Speed (ns/day)"	"Time Remaining"
650.4%	1626000	3878.9999999190795	-2915803.3479888216	310.7562600957553	0	--
650.8%	1627000	3882.999999918985	-2912934.2854888216	310.6590840320341	3.52	10:27:31
651.2%	1628000	3886.9999999188904	-2915483.0354888216	310.0781412207357	3.5	10:12:52
651.6%	1629000	3890.9999999187958	-2914335.9104888216	309.73340851105695	3.45	9:39:08
652.0%	1630000	3894.999999918701	-2915867.5354888216	309.73429084630254	3.43	9:19:29
652.4%	1631000	3898.9999999186066	-2909635.9729888216	309.410822519919	3.45	9:34:58
652.8%	1632000	3902.999999918512	-2914427.1604888216	310.3337892947151	3.51	10:14:37
653.2%	1633000	3906.9999999184174	-2915859.0979888216	310.35743701678683	3.53	10:24:13
653.6%	1634000	3910.999999918323	-2917769.6604888216	309.7342825560723	3.5	9:59:07
654.0%	1635000	3914.9999999182282	-2916447.6604888216	310.60789550517745	3.6	11:01:11
654.4%	1636000	3918.9999999181337	-2912484.8479888216	310.85590559764717	3.67	11:45:26
654.8%	1637000	3922.999999918039	-2916837.5354888216	311.9420330924495	3.73	12:19:35
655.2%	1638000	3926.9999999179445	-2914411.7229888216	311.0410938233739	3.78	12:44:50
655.6%	1639000	3930.99999991785	-2914946.5979888216	310.7953648914079	3.82	13:07:37
656.0%	1640000	3934.9999999177553	-2916296.3479888216	311.2587124560785	3.84	13:13:38
656.4%	1641000	3938.9999999176607	-2916924.8479888216	310.17328641888656	3.87	13:28:48
656.8%	1642000	3942.999999917566	-2915533.7854888216	311.72360116053125	3.91	13:46:59
657.2%	1643000	3946.9999999174715	-2914504.2229888216	311.70364860759184	3.94	14:01:00
657.6%	1644000	3950.999999917377	-2915247.0354888216	311.24988548231244	3.96	14:12:42
658.0%	1645000	3954.9999999172824	-2916403.0979888216	310.7088470001978	4.01	14:35:14
658.4%	1646000	3958.999999917188	-2915726.0979888216	309.3499217509667	4.05	14:54:36
658.8%	1647000	3962.999999917093	-2918396.0979888216	309.9802413902556	4.05	14:51:19
659.2%	1648000	3966.9999999169986	-2915580.4729888216	310.9144705069255	4.06	14:54:29
659.6%	1649000	3970.999999916904	-2918968.7229888216	310.5985696681726	4.02	14:35:37
660.0%	1650000	3974.9999999168094	-2917080.5354888216	310.593544457636	4	14:26:22
660.4%	1651000	3978.999999916715	-2917187.8479888216	310.2039995291977	4	14:20:55
660.8%	1652000	3982.9999999166203	-2918980.1604888216	311.2994820948969	3.97	14:06:46
661.2%	1653000	3986.9999999165257	-2916368.9729888216	310.6688954702355	3.93	13:45:36
661.6%	1654000	3990.999999916431	-2915420.2229888216	309.69031340197876	3.91	13:32:31
662.0%	1655000	3994.9999999163365	-2914465.7229888216	309.94844950771073	3.9	13:22:27
662.4%	1656000	3998.999999916242	-2920853.4729888216	310.2117039699582	3.87	13:05:50
662.8%	1657000	4002.9999999161473	-2917579.7854888216	309.619854664332	3.84	12:51:07
663.2%	1658000	4006.9999999160527	-2917950.1604888216	310.22711451147364	3.84	12:50:29
663.6%	1659000	4010.999999915958	-2914832.7229888216	309.3006424191242	3.85	12:49:35
664.0%	1660000	4014.9999999158636	-2918819.7854888216	309.5516371388728	3.84	12:42:55
664.4%	1661000	4018.999999915769	-2917635.7854888216	311.1823110910675	3.82	12:30:26
664.8%	1662000	4022.9999999156744	-2917689.3479888216	310.2668166169972	3.79	12:15:16
665.2%	1663000	4026.99999991558	-2914678.5979888216	310.8370548041961	3.76	11:58:06
665.6%	1664000	4030.999999915485	-2914905.4729888216	309.9103631738326	3.72	11:32:04
666.0%	1665000	4034.9999999153906	-2917465.9729888216	310.4998604457994	3.69	11:10:39
666.4%	1666000	4038.999999915296	-2918278.2229888216	310.0909951611708	3.67	10:55:34
666.8%	1667000	4042.9999999152014	-2919174.7854888216	310.05918484642945	3.65	10:45:26
667.2%	1668000	4046.999999915107	-2916998.2229888216	311.9759860127414	3.64	10:37:22
667.6%	1669000	4050.9999999150123	-2917420.9729888216	310.4263460851365	3.62	10:22:26
668.0%	1670000	4054.9999999149177	-2916890.8479888216	310.8894852105255	3.6	10:08:16
668.4%	1671000	4058.999999914823	-2915801.3479888216	309.8027681884003	3.59	9:58:16
668.8%	1672000	4062.9999999147285	-2914442.9104888216	310.6670045753001	3.58	9:49:45
669.2%	1673000	4066.999999914634	-2915602.0979888216	309.7856279371103	3.56	9:39:40
669.6%	1674000	4070.9999999145393	-2917784.0979888216	309.8742940534096	3.56	9:36:51
670.0%	1675000	4074.9999999144447	-2915113.4729888216	310.59064886844214	3.57	9:38:03
670.4%	1676000	4078.99999991435	-2916305.1604888216	310.1794953729808	3.57	9:39:28
670.8%	1677000	4082.9999999142556	-2912673.9104888216	311.0866676394811	3.57	9:40:47
671.2%	1678000	4086.999999914161	-2918399.5979888216	310.8290213440682	3.57	9:35:52
671.6%	1679000	4090.9999999140664	-2916465.7854888216	310.9697898679849	3.57	9:33:24
672.0%	1680000	4094.999999913972	-2915021.4729888216	310.81455432639353	3.57	9:30:51
672.4%	1681000	4098.999999913877	-2917019.7229888216	310.9778212691386	3.57	9:28:12
672.8%	1682000	4102.999999913783	-2910416.0354888216	310.78203360331605	3.56	9:24:37
673.2%	1683000	4106.999999913688	-2916827.5354888216	310.59525088327797	3.56	9:24:29
673.6%	1684000	4110.9999999135935	-2917217.5979888216	310.9597848447452	3.57	9:25:00
674.0%	1685000	4114.999999913499	-2917889.2854888216	310.2451463477335	3.57	9:26:46
674.4%	1686000	4118.999999913404	-2916237.3479888216	310.0814351579774	3.58	9:27:51
674.8%	1687000	4122.99999991331	-2917610.2854888216	309.5847603682183	3.57	9:23:04
675.2%	1688000	4126.999999913215	-2914978.3479888216	310.5536616200005	3.57	9:19:17
675.6%	1689000	4130.9999999131205	-2917995.1604888216	311.2171092138712	3.57	9:15:51
676.0%	1690000	4134.999999913026	-2921515.5354888216	309.18828752300044	3.56	9:11:32
676.4%	1691000	4138.999999912931	-2914080.0354888216	310.97623285818	3.56	9:09:14
676.8%	1692000	4142.999999912837	-2911519.5979888216	310.1050814216091	3.56	9:07:18
677.2%	1693000	4146.999999912742	-2914715.6604888216	310.7293082820916	3.56	9:03:15
677.6%	1694000	4150.999999912648	-2917396.6604888216	310.0991085390738	3.56	9:02:05
678.0%	1695000	4154.999999912553	-2915821.0979888216	309.6883520356275	3.55	8:58:10
678.4%	1696000	4158.999999912458	-2913698.7229888216	310.6608783560036	3.54	8:50:19
678.8%	1697000	4162.999999912364	-2914640.0979888216	309.45804481129835	3.53	8:41:56
679.2%	1698000	4166.999999912269	-2916303.1604888216	310.976391968129	3.53	8:34:29
679.6%	1699000	4170.999999912175	-2915638.7229888216	309.89487327397205	3.52	8:26:29
680.0%	1700000	4174.99999991208	-2916067.4104888216	310.4544161895112	3.51	8:20:11
680.4%	1701000	4178.9999999119855	-2917611.8479888216	310.38174010638403	3.52	8:22:25
680.8%	1702000	4182.999999911891	-2915385.8479888216	310.4621816945836	3.53	8:30:41
681.2%	1703000	4186.999999911796	-2914280.0354888216	310.7345071381512	3.54	8:38:43
681.6%	1704000	4190.999999911702	-2916826.9729888216	309.643774533914	3.56	8:45:14
682.0%	1705000	4194.999999911607	-2914789.4104888216	309.6206035354148	3.57	8:50:08
682.4%	1706000	4198.9999999115125	-2916627.4729888216	310.1662190067632	3.58	8:54:22
682.8%	1707000	4202.999999911418	-2915761.5979888216	310.37085491239435	3.58	8:57:20
683.2%	1708000	4206.999999911323	-2916360.5354888216	310.6292128505809	3.59	8:59:10
683.6%	1709000	4210.999999911229	-2914378.9104888216	310.53781074135924	3.59	9:00:27
684.0%	1710000	4214.999999911134	-2916131.0354888216	311.26666548634785	3.59	9:00:00
684.4%	1711000	4218.99999991104	-2915457.6604888216	310.58869126505414	3.59	8:58:03
684.8%	1712000	4222.999999910945	-2914512.2229888216	310.37388260648237	3.59	8:51:47
685.2%	1713000	4226.99999991085	-2914711.2229888216	308.682159509992	3.58	8:48:42
685.6%	1714000	4230.999999910756	-2914295.4729888216	310.94032192513	3.58	8:47:09
686.0%	1715000	4234.999999910661	-2916275.9729888216	309.2967056803903	3.59	8:47:40
686.4%	1716000	4238.999999910567	-2918479.0979888216	309.8364240339622	3.59	8:45:22
686.8%	1717000	4242.999999910472	-2914264.4104888216	311.59399096036805	3.59	8:48:28
687.2%	1718000	4246.9999999103775	-2915387.4729888216	311.2155638391144	3.61	8:55:31
687.6%	1719000	4250.999999910283	-2917143.5354888216	311.38688631152667	3.62	9:03:29
688.0%	1720000	4254.999999910188	-2918705.5979888216	310.73620708133456	3.64	9:10:47
688.4%	1721000	4258.999999910094	-2912498.4729888216	309.7362829232466	3.65	9:17:23
688.8%	1722000	4262.999999909999	-2914949.5979888216	308.97337260032793	3.66	9:23:29
689.2%	1723000	4266.999999909905	-2916259.7229888216	309.61507469102617	3.67	9:29:03
689.6%	1724000	4270.99999990981	-2914263.5354888216	309.69365972014606	3.68	9:34:18
690.0%	1725000	4274.999999909715	-2912455.9729888216	309.969459932172	3.69	9:38:48
690.4%	1726000	4278.999999909621	-2911947.7229888216	309.8893977893468	3.7	9:43:26
690.8%	1727000	4282.999999909526	-2916359.3479888216	311.06788742671785	3.71	9:47:36
691.2%	1728000	4286.999999909432	-2912917.5354888216	311.3942946689709	3.72	9:51:34
691.6%	1729000	4290.999999909337	-2913717.0354888216	311.02697841506694	3.73	9:55:13
692.0%	1730000	4294.999999909242	-2916948.7854888216	310.6774055165696	3.74	9:58:31
692.4%	1731000	4298.999999909148	-2912807.6604888216	310.86137561864723	3.74	10:01:35
692.8%	1732000	4302.999999909053	-2914751.0979888216	311.55135257702557	3.75	10:04:21
693.2%	1733000	4306.999999908959	-2914693.8479888216	309.506056712582	3.76	10:06:40
693.6%	1734000	4310.999999908864	-2914173.2854888216	310.7869835144851	3.76	10:09:10
694.0%	1735000	4314.9999999087695	-2918896.4729888216	310.807677918394	3.77	10:11:32
694.4%	1736000	4318.999999908675	-2918216.5354888216	310.61710451736326	3.78	10:13:39
694.8%	1737000	4322.99999990858	-2915421.6604888216	310.4201612251576	3.78	10:15:42
695.2%	1738000	4326.999999908486	-2916719.0979888216	310.75367916213844	3.79	10:17:38
695.6%	1739000	4330.999999908391	-2917054.8479888216	312.23302061948345	3.79	10:19:05
696.0%	1740000	4334.999999908297	-2920081.5354888216	310.4463499547954	3.8	10:20:41
696.4%	1741000	4338.999999908202	-2918052.7229888216	309.79696160145164	3.8	10:22:19
696.8%	1742000	4342.999999908107	-2920200.0979888216	310.36942101764964	3.81	10:23:46
697.2%	1743000	4346.999999908013	-2915777.3479888216	310.97512694892333	3.81	10:25:12
697.6%	1744000	4350.999999907918	-2920261.6604888216	311.3545755699316	3.82	10:26:33
698.0%	1745000	4354.999999907824	-2916566.0979888216	310.6617133175548	3.82	10:27:51
698.4%	1746000	4358.999999907729	-2918072.4729888216	310.2695621775997	3.83	10:28:54
698.8%	1747000	4362.999999907634	-2912725.3479888216	310.55468369161787	3.83	10:29:52
699.2%	1748000	4366.99999990754	-2918047.7229888216	310.8005454029782	3.84	10:31:04
699.6%	1749000	4370.999999907445	-2916286.4104888216	310.1144282663705	3.84	10:32:07
700.0%	1750000	4374.999999907351	-2914780.4729888216	311.02664988219004	3.84	10:32:55
700.4%	1751000	4378.999999907256	-2915160.4104888216	310.89574394726435	3.85	10:33:52
700.8%	1752000	4382.9999999071615	-2915021.6604888216	311.96859905639735	3.85	10:34:39
701.2%	1753000	4386.999999907067	-2914629.4729888216	311.44046455014507	3.86	10:35:27
701.6%	1754000	4390.999999906972	-2915945.0979888216	310.16661729980905	3.86	10:36:12
702.0%	1755000	4394.999999906878	-2918183.0979888216	310.42223958887683	3.86	10:36:54
702.4%	1756000	4398.999999906783	-2918318.2854888216	310.02125305873994	3.87	10:37:34
702.8%	1757000	4402.999999906689	-2917091.5354888216	309.7589824438251	3.87	10:38:08
703.2%	1758000	4406.999999906594	-2916325.2229888216	311.3052240192154	3.88	10:38:44
703.6%	1759000	4410.999999906499	-2916436.5354888216	310.26077776470186	3.88	10:39:17
704.0%	1760000	4414.999999906405	-2915889.4729888216	310.8999693270579	3.88	10:39:48
704.4%	1761000	4418.99999990631	-2918154.3479888216	310.179247371798	3.89	10:40:17
704.8%	1762000	4422.999999906216	-2917052.2854888216	310.69814588285664	3.89	10:40:43
705.2%	1763000	4426.999999906121	-2918534.5979888216	310.3456786609352	3.89	10:40:42
705.6%	1764000	4430.9999999060265	-2918661.7854888216	311.56181271017994	3.89	10:40:46
706.0%	1765000	4434.999999905932	-2916963.3479888216	310.1896132816328	3.9	10:40:36
706.4%	1766000	4438.999999905837	-2916859.5354888216	310.37116273582745	3.9	10:40:27
706.8%	1767000	4442.999999905743	-2917714.2229888216	310.7696162046788	3.9	10:40:44
707.2%	1768000	4446.999999905648	-2916216.7229888216	311.04988761753197	3.9	10:40:49
707.6%	1769000	4450.9999999055535	-2915573.5354888216	312.20472996824054	3.91	10:40:51
708.0%	1770000	4454.999999905459	-2915604.3479888216	310.271094602886	3.91	10:40:57
708.4%	1771000	4458.999999905364	-2917305.0979888216	310.6021681862198	3.91	10:40:54
708.8%	1772000	4462.99999990527	-2914999.9104888216	310.52897196252724	3.92	10:40:53
709.2%	1773000	4466.999999905175	-2916104.5354888216	310.1412620053368	3.92	10:41:00
709.6%	1774000	4470.999999905081	-2916171.9104888216	310.613010085119	3.92	10:41:09
710.0%	1775000	4474.999999904986	-2913702.3479888216	310.75952144730195	3.92	10:41:10
710.4%	1776000	4478.999999904891	-2915363.7229888216	310.87630567661483	3.93	10:41:11
710.8%	1777000	4482.999999904797	-2914842.5979888216	310.4112840058602	3.93	10:41:11
711.2%	1778000	4486.999999904702	-2916864.1604888216	310.43436810547075	3.93	10:41:13
711.6%	1779000	4490.999999904608	-2917066.9729888216	310.3108392901722	3.93	10:41:16
712.0%	1780000	4494.999999904513	-2919022.3479888216	310.1388458915962	3.94	10:41:16
712.4%	1781000	4498.9999999044185	-2914878.2229888216	310.7216045302441	3.94	10:41:12
712.8%	1782000	4502.999999904324	-2913915.7229888216	310.361381925509	3.94	10:41:09
713.2%	1783000	4506.999999904229	-2914164.5979888216	311.0238066942949	3.94	10:41:07
713.6%	1784000	4510.999999904135	-2918726.2854888216	311.46681550931015	3.95	10:40:58
714.0%	1785000	4514.99999990404	-2917737.0979888216	310.3452369862588	3.95	10:40:48
714.4%	1786000	4518.9999999039455	-2915951.7854888216	310.4548944726345	3.95	10:40:40
714.8%	1787000	4522.999999903851	-2916700.2229888216	308.85189501556613	3.95	10:40:20
715.2%	1788000	4526.999999903756	-2917658.0354888216	310.3582037915309	3.95	10:40:04
715.6%	1789000	4530.999999903662	-2918508.8479888216	310.3796635632523	3.96	10:39:49
716.0%	1790000	4534.999999903567	-2911996.1604888216	309.16645787005996	3.96	10:39:27
716.4%	1791000	4538.999999903473	-2916220.8479888216	311.36399018552606	3.96	10:39:10
716.8%	1792000	4542.999999903378	-2916255.2854888216	309.6173199795318	3.96	10:38:49
717.2%	1793000	4546.999999903283	-2914955.3479888216	310.2082467635109	3.96	10:38:23
717.6%	1794000	4550.999999903189	-2913444.9104888216	310.7499440570481	3.97	10:38:03
718.0%	1795000	4554.999999903094	-2916582.9104888216	311.278149538483	3.97	10:37:51
718.4%	1796000	4558.999999903	-2915859.0354888216	310.53679065705654	3.97	10:37:30
718.8%	1797000	4562.999999902905	-2917546.7854888216	310.3990556407685	3.97	10:37:14
719.2%	1798000	4566.9999999028105	-2916352.8479888216	310.49071990379053	3.98	10:36:58
719.6%	1799000	4570.999999902716	-2913731.5354888216	310.5129188224355	3.98	10:36:34
720.0%	1800000	4574.999999902621	-2915937.8479888216	310.46742772838024	3.98	10:36:07
720.4%	1801000	4578.999999902527	-2918275.0354888216	310.17233118882086	3.98	10:35:45
720.8%	1802000	4582.999999902432	-2917779.5979888216	309.30448819811795	3.98	10:35:27
721.2%	1803000	4586.999999902338	-2914826.9104888216	311.5042709127067	3.98	10:35:12
721.6%	1804000	4590.999999902243	-2917052.5979888216	310.9543318729446	3.99	10:34:49
722.0%	1805000	4594.999999902148	-2916507.3479888216	310.4668755873698	3.99	10:34:30
722.4%	1806000	4598.999999902054	-2917577.6604888216	310.35704842501735	3.99	10:34:08
722.8%	1807000	4602.999999901959	-2916826.7229888216	310.1679784391626	3.99	10:33:43
723.2%	1808000	4606.999999901865	-2916833.9104888216	311.10768701506095	3.99	10:33:15
723.6%	1809000	4610.99999990177	-2918858.5354888216	311.3348090364503	4	10:32:51
724.0%	1810000	4614.999999901675	-2916109.7229888216	312.2741231404754	4	10:32:21
724.4%	1811000	4618.999999901581	-2918658.1604888216	310.2746205183778	4	10:31:56
724.8%	1812000	4622.999999901486	-2914372.0354888216	310.29435181132055	4	10:31:32
725.2%	1813000	4626.999999901392	-2919330.1604888216	308.6710991683133	4	10:30:59
725.6%	1814000	4630.999999901297	-2917449.9729888216	310.36401249691113	4	10:30:06
726.0%	1815000	4634.9999999012025	-2917017.0354888216	310.62473133757254	4	10:29:11
726.4%	1816000	4638.999999901108	-2913634.7229888216	310.0530810965369	4.01	10:28:18
726.8%	1817000	4642.999999901013	-2917207.8479888216	309.90008479020196	4.01	10:27:29
727.2%	1818000	4646.999999900919	-2916841.7854888216	310.2589550817415	4.01	10:26:33
727.6%	1819000	4650.999999900824	-2920468.7229888216	310.2814970148972	4.01	10:25:37
728.0%	1820000	4654.99999990073	-2915715.6604888216	309.9749011012319	4.01	10:24:40
728.4%	1821000	4658.999999900635	-2921234.0979888216	310.3365367145251	4.01	10:23:42
728.8%	1822000	4662.99999990054	-2914181.7229888216	311.0782516430071	4.01	10:22:44
729.2%	1823000	4666.999999900446	-2917082.0354888216	311.08635057164565	4.01	10:21:46
729.6%	1824000	4670.999999900351	-2913710.2229888216	310.47717454162137	4.01	10:20:42
730.0%	1825000	4674.999999900257	-2916439.7229888216	309.2505339599436	4.01	10:19:38
730.4%	1826000	4678.999999900162	-2916237.0979888216	310.22729640723895	4.01	10:18:43
730.8%	1827000	4682.999999900067	-2916750.8479888216	310.0049363797385	4.02	10:17:54
731.2%	1828000	4686.999999899973	-2915867.4729888216	309.95111151991483	4.02	10:16:49
731.6%	1829000	4690.999999899878	-2920100.4104888216	310.50890477682157	4.02	10:15:49
732.0%	1830000	4694.999999899784	-2914948.9104888216	311.72408352739535	4.02	10:14:45
732.4%	1831000	4698.999999899689	-2920925.0354888216	310.04137895615315	4.02	10:13:45
732.8%	1832000	4702.9999998995945	-2914746.7854888216	311.17138793405195	4.02	10:12:34
733.2%	1833000	4706.9999998995	-2915281.2229888216	310.3859408054812	4.02	10:11:36
733.6%	1834000	4710.999999899405	-2916889.1604888216	311.3205311305076	4.02	10:10:25
734.0%	1835000	4714.999999899311	-2916521.8479888216	310.05570494276554	4.02	10:09:22
734.4%	1836000	4718.999999899216	-2918661.4104888216	310.7298159825723	4.02	10:08:17
734.8%	1837000	4722.999999899122	-2919607.3479888216	310.7906751716714	4.02	10:07:08
735.2%	1838000	4726.999999899027	-2914663.4729888216	309.76034115094444	4.02	10:05:58
735.6%	1839000	4730.999999898932	-2917557.7229888216	310.560452284917	4.02	10:04:54
736.0%	1840000	4734.999999898838	-2916201.0354888216	309.9573692046979	4.02	10:03:49
736.4%	1841000	4738.999999898743	-2916289.9729888216	309.3609396681415	4.02	10:02:47
736.8%	1842000	4742.999999898649	-2915536.5354888216	310.38745936298704	4.02	10:01:35
737.2%	1843000	4746.999999898554	-2919531.1604888216	310.3491937314557	4.03	10:00:32
737.6%	1844000	4750.9999998984595	-2913799.2229888216	311.0384550413753	4.03	9:59:22
738.0%	1845000	4754.999999898365	-2915064.5354888216	310.8236476494709	4.03	9:57:55
738.4%	1846000	4758.99999989827	-2918095.6604888216	310.2011934111981	4.03	9:56:50
738.8%	1847000	4762.999999898176	-2917912.6604888216	310.69740543854044	4.03	9:55:41
739.2%	1848000	4766.999999898081	-2920137.6604888216	309.3048535983522	4.03	9:54:28
739.6%	1849000	4770.9999998979865	-2917964.5354888216	311.01824358348887	4.03	9:53:16
740.0%	1850000	4774.999999897892	-2916452.5354888216	308.9435361420506	4.03	9:51:56
740.4%	1851000	4778.999999897797	-2918051.1604888216	309.68459727272864	4.03	9:50:41
740.8%	1852000	4782.999999897703	-2922066.0979888216	310.3674758858648	4.03	9:49:33
741.2%	1853000	4786.999999897608	-2916235.3479888216	310.7070269122697	4.03	9:48:18
741.6%	1854000	4790.999999897514	-2917617.6604888216	310.9141743183063	4.03	9:47:06
742.0%	1855000	4794.999999897419	-2918274.4104888216	309.16949154276523	4.03	9:45:50
742.4%	1856000	4798.999999897324	-2917372.0354888216	310.4375611619161	4.03	9:44:34
742.8%	1857000	4802.99999989723	-2914405.4729888216	310.580366433033	4.03	9:43:19
743.2%	1858000	4806.999999897135	-2919432.9104888216	311.7777716179453	4.03	9:42:00
743.6%	1859000	4810.999999897041	-2916413.8479888216	311.42009719812984	4.03	9:40:47
744.0%	1860000	4814.999999896946	-2918742.2229888216	310.90622886890003	4.03	9:39:32
744.4%	1861000	4818.9999998968515	-2917182.1604888216	310.6762308217959	4.03	9:38:19
744.8%	1862000	4822.999999896757	-2916827.0354888216	310.44973841068327	4.03	9:36:33
745.2%	1863000	4826.999999896662	-2915906.7229888216	310.8558627525507	4.03	9:34:55
745.6%	1864000	4830.999999896568	-2916885.2229888216	310.18492525061544	4.03	9:33:27
746.0%	1865000	4834.999999896473	-2918028.4104888216	310.6499321937978	4.03	9:31:59
746.4%	1866000	4838.9999998963785	-2916837.0979888216	310.3955902571659	4.03	9:30:34
746.8%	1867000	4842.999999896284	-2915714.4104888216	310.2950861228902	4.03	9:29:10
747.2%	1868000	4846.999999896189	-2916934.2229888216	310.0204978207291	4.03	9:27:45
747.6%	1869000	4850.999999896095	-2914981.4729888216	309.8461130530031	4.03	9:26:28
748.0%	1870000	4854.999999896	-2917533.0354888216	309.843926247154	4.03	9:25:10
748.4%	1871000	4858.999999895906	-2917208.9729888216	311.0546583573181	4.03	9:23:51
748.8%	1872000	4862.999999895811	-2914017.3479888216	310.35052960331774	4.03	9:22:33
749.2%	1873000	4866.999999895716	-2913823.4729888216	310.9008923945617	4.03	9:21:09
749.6%	1874000	4870.999999895622	-2919424.6604888216	310.1784132093239	4.03	9:19:51
750.0%	1875000	4874.999999895527	-2917044.3479888216	310.1098513254106	4.03	9:18:30
