Loading parameters
/opt/homebrew/anaconda3/envs/biochemcore/lib/python3.11/site-packages/openmm/app/charmmparameterset.py:391: UserWarning: Replacing dihedral <DihedralType: k=0.2; phase=180.0; per=3> with <DihedralType: k=0.3; phase=0.0; per=3>
  warnings.warn('Replacing dihedral %r with %r' %
/opt/homebrew/anaconda3/envs/biochemcore/lib/python3.11/site-packages/openmm/app/charmmparameterset.py:391: UserWarning: Replacing dihedral <DihedralType: k=0.2; phase=0.0; per=3> with <DihedralType: k=0.195; phase=0.0; per=3>
  warnings.warn('Replacing dihedral %r with %r' %
/opt/homebrew/anaconda3/envs/biochemcore/lib/python3.11/site-packages/openmm/app/charmmparameterset.py:391: UserWarning: Replacing dihedral <DihedralType: k=0.44; phase=180.0; per=3> with <DihedralType: k=0.195; phase=0.0; per=3>
  warnings.warn('Replacing dihedral %r with %r' %
/opt/homebrew/anaconda3/envs/biochemcore/lib/python3.11/site-packages/openmm/app/charmmparameterset.py:391: UserWarning: Replacing dihedral <DihedralType: k=0.85; phase=180.0; per=3> with <DihedralType: k=0.04; phase=0.0; per=3>
  warnings.warn('Replacing dihedral %r with %r' %
/opt/homebrew/anaconda3/envs/biochemcore/lib/python3.11/site-packages/openmm/app/charmmparameterset.py:391: UserWarning: Replacing dihedral <DihedralType: k=0.3; phase=0.0; per=3> with <DihedralType: k=0.8; phase=0.0; per=3>
  warnings.warn('Replacing dihedral %r with %r' %
/opt/homebrew/anaconda3/envs/biochemcore/lib/python3.11/site-packages/openmm/app/charmmparameterset.py:391: UserWarning: Replacing dihedral <DihedralType: k=0.82; phase=0.0; per=1> with <DihedralType: k=0.14; phase=180.0; per=1>
  warnings.warn('Replacing dihedral %r with %r' %
/opt/homebrew/anaconda3/envs/biochemcore/lib/python3.11/site-packages/openmm/app/charmmparameterset.py:391: UserWarning: Replacing dihedral <DihedralType: k=0.0; phase=0.0; per=2> with <DihedralType: k=0.17; phase=0.0; per=2>
  warnings.warn('Replacing dihedral %r with %r' %
/opt/homebrew/anaconda3/envs/biochemcore/lib/python3.11/site-packages/openmm/app/charmmparameterset.py:391: UserWarning: Replacing dihedral <DihedralType: k=0.5; phase=0.0; per=3> with <DihedralType: k=0.05; phase=180.0; per=3>
  warnings.warn('Replacing dihedral %r with %r' %
/opt/homebrew/anaconda3/envs/biochemcore/lib/python3.11/site-packages/openmm/app/charmmparameterset.py:391: UserWarning: Replacing dihedral <DihedralType: k=0.33; phase=180.0; per=3> with <DihedralType: k=0.2; phase=0.0; per=3>
  warnings.warn('Replacing dihedral %r with %r' %
/opt/homebrew/anaconda3/envs/biochemcore/lib/python3.11/site-packages/openmm/app/charmmparameterset.py:391: UserWarning: Replacing dihedral <DihedralType: k=0.2; phase=180.0; per=2> with <DihedralType: k=0.4; phase=180.0; per=2>
  warnings.warn('Replacing dihedral %r with %r' %
/opt/homebrew/anaconda3/envs/biochemcore/lib/python3.11/site-packages/openmm/app/charmmparameterset.py:391: UserWarning: Replacing dihedral <DihedralType: k=0.59; phase=0.0; per=3> with <DihedralType: k=0.2; phase=0.0; per=3>
  warnings.warn('Replacing dihedral %r with %r' %
/opt/homebrew/anaconda3/envs/biochemcore/lib/python3.11/site-packages/openmm/app/charmmparameterset.py:391: UserWarning: Replacing dihedral <DihedralType: k=0.07; phase=180.0; per=6> with <DihedralType: k=0.0; phase=180.0; per=6>
  warnings.warn('Replacing dihedral %r with %r' %
/opt/homebrew/anaconda3/envs/biochemcore/lib/python3.11/site-packages/openmm/app/charmmparameterset.py:391: UserWarning: Replacing dihedral <DihedralType: k=0.0; phase=0.0; per=3> with <DihedralType: k=0.0; phase=180.0; per=3>
  warnings.warn('Replacing dihedral %r with %r' %
/opt/homebrew/anaconda3/envs/biochemcore/lib/python3.11/site-packages/openmm/app/charmmparameterset.py:391: UserWarning: Replacing dihedral <DihedralType: k=0.29; phase=0.0; per=3> with <DihedralType: k=0.6; phase=180.0; per=3>
  warnings.warn('Replacing dihedral %r with %r' %
/opt/homebrew/anaconda3/envs/biochemcore/lib/python3.11/site-packages/openmm/app/charmmparameterset.py:391: UserWarning: Replacing dihedral <DihedralType: k=1.21; phase=180.0; per=1> with <DihedralType: k=1.9; phase=180.0; per=1>
  warnings.warn('Replacing dihedral %r with %r' %
/opt/homebrew/anaconda3/envs/biochemcore/lib/python3.11/site-packages/openmm/app/charmmparameterset.py:391: UserWarning: Replacing dihedral <DihedralType: k=0.02; phase=0.0; per=2> with <DihedralType: k=0.4; phase=180.0; per=2>
  warnings.warn('Replacing dihedral %r with %r' %
/opt/homebrew/anaconda3/envs/biochemcore/lib/python3.11/site-packages/openmm/app/charmmparameterset.py:391: UserWarning: Replacing dihedral <DihedralType: k=0.82; phase=0.0; per=2> with <DihedralType: k=1.5; phase=0.0; per=2>
  warnings.warn('Replacing dihedral %r with %r' %
/opt/homebrew/anaconda3/envs/biochemcore/lib/python3.11/site-packages/openmm/app/charmmparameterset.py:391: UserWarning: Replacing dihedral <DihedralType: k=1.42; phase=180.0; per=1> with <DihedralType: k=2.5; phase=180.0; per=1>
  warnings.warn('Replacing dihedral %r with %r' %
/opt/homebrew/anaconda3/envs/biochemcore/lib/python3.11/site-packages/openmm/app/charmmparameterset.py:391: UserWarning: Replacing dihedral <DihedralType: k=1.02; phase=0.0; per=3> with <DihedralType: k=0.5; phase=0.0; per=3>
  warnings.warn('Replacing dihedral %r with %r' %
/opt/homebrew/anaconda3/envs/biochemcore/lib/python3.11/site-packages/openmm/app/charmmparameterset.py:391: UserWarning: Replacing dihedral <DihedralType: k=0.28; phase=0.0; per=3> with <DihedralType: k=0.2; phase=0.0; per=3>
  warnings.warn('Replacing dihedral %r with %r' %
/opt/homebrew/anaconda3/envs/biochemcore/lib/python3.11/site-packages/openmm/app/charmmparameterset.py:391: UserWarning: Replacing dihedral <DihedralType: k=2.0; phase=0.0; per=1> with <DihedralType: k=2.5; phase=180.0; per=1>
  warnings.warn('Replacing dihedral %r with %r' %
/opt/homebrew/anaconda3/envs/biochemcore/lib/python3.11/site-packages/openmm/app/charmmparameterset.py:391: UserWarning: Replacing dihedral <DihedralType: k=1.8; phase=0.0; per=2> with <DihedralType: k=1.5; phase=0.0; per=2>
  warnings.warn('Replacing dihedral %r with %r' %
/opt/homebrew/anaconda3/envs/biochemcore/lib/python3.11/site-packages/openmm/app/charmmparameterset.py:391: UserWarning: Replacing dihedral <DihedralType: k=1.3; phase=0.0; per=3> with <DihedralType: k=0.1; phase=0.0; per=3>
  warnings.warn('Replacing dihedral %r with %r' %
/opt/homebrew/anaconda3/envs/biochemcore/lib/python3.11/site-packages/openmm/app/charmmparameterset.py:391: UserWarning: Replacing dihedral <DihedralType: k=0.5; phase=0.0; per=3> with <DihedralType: k=0.16; phase=0.0; per=3>
  warnings.warn('Replacing dihedral %r with %r' %
/opt/homebrew/anaconda3/envs/biochemcore/lib/python3.11/site-packages/openmm/app/charmmparameterset.py:391: UserWarning: Replacing dihedral <DihedralType: k=0.2; phase=0.0; per=3> with <DihedralType: k=0.8; phase=0.0; per=3>
  warnings.warn('Replacing dihedral %r with %r' %
/opt/homebrew/anaconda3/envs/biochemcore/lib/python3.11/site-packages/openmm/app/charmmparameterset.py:391: UserWarning: Replacing dihedral <DihedralType: k=0.07; phase=0.0; per=3> with <DihedralType: k=0.065; phase=0.0; per=3>
  warnings.warn('Replacing dihedral %r with %r' %
/opt/homebrew/anaconda3/envs/biochemcore/lib/python3.11/site-packages/openmm/app/charmmparameterset.py:391: UserWarning: Replacing dihedral <DihedralType: k=0.28; phase=0.0; per=3> with <DihedralType: k=0.284; phase=0.0; per=3>
  warnings.warn('Replacing dihedral %r with %r' %
/opt/homebrew/anaconda3/envs/biochemcore/lib/python3.11/site-packages/openmm/app/charmmparameterset.py:391: UserWarning: Replacing dihedral <DihedralType: k=1.17; phase=180.0; per=2> with <DihedralType: k=1.7; phase=0.0; per=2>
  warnings.warn('Replacing dihedral %r with %r' %
/opt/homebrew/anaconda3/envs/biochemcore/lib/python3.11/site-packages/openmm/app/charmmparameterset.py:391: UserWarning: Replacing dihedral <DihedralType: k=0.03; phase=180.0; per=3> with <DihedralType: k=0.3; phase=0.0; per=3>
  warnings.warn('Replacing dihedral %r with %r' %
/opt/homebrew/anaconda3/envs/biochemcore/lib/python3.11/site-packages/openmm/app/charmmparameterset.py:391: UserWarning: Replacing dihedral <DihedralType: k=0.16; phase=180.0; per=2> with <DihedralType: k=0.55; phase=180.0; per=2>
  warnings.warn('Replacing dihedral %r with %r' %
/opt/homebrew/anaconda3/envs/biochemcore/lib/python3.11/site-packages/openmm/app/charmmparameterset.py:391: UserWarning: Replacing dihedral <DihedralType: k=0.8; phase=180.0; per=1> with <DihedralType: k=2.5; phase=180.0; per=1>
  warnings.warn('Replacing dihedral %r with %r' %
/opt/homebrew/anaconda3/envs/biochemcore/lib/python3.11/site-packages/openmm/app/charmmparameterset.py:391: UserWarning: Replacing dihedral <DihedralType: k=0.5; phase=0.0; per=2> with <DihedralType: k=1.5; phase=0.0; per=2>
  warnings.warn('Replacing dihedral %r with %r' %
/opt/homebrew/anaconda3/envs/biochemcore/lib/python3.11/site-packages/openmm/app/charmmparameterset.py:391: UserWarning: Replacing dihedral <DihedralType: k=0.7; phase=0.0; per=3> with <DihedralType: k=0.5; phase=0.0; per=3>
  warnings.warn('Replacing dihedral %r with %r' %
/opt/homebrew/anaconda3/envs/biochemcore/lib/python3.11/site-packages/openmm/app/charmmparameterset.py:391: UserWarning: Replacing dihedral <DihedralType: k=0.07; phase=180.0; per=3> with <DihedralType: k=0.065; phase=180.0; per=3>
  warnings.warn('Replacing dihedral %r with %r' %
/opt/homebrew/anaconda3/envs/biochemcore/lib/python3.11/site-packages/openmm/app/charmmparameterset.py:391: UserWarning: Replacing dihedral <DihedralType: k=1.3; phase=180.0; per=3> with <DihedralType: k=0.195; phase=0.0; per=3>
  warnings.warn('Replacing dihedral %r with %r' %
/opt/homebrew/anaconda3/envs/biochemcore/lib/python3.11/site-packages/openmm/app/charmmparameterset.py:391: UserWarning: Replacing dihedral <DihedralType: k=0.14; phase=180.0; per=3> with <DihedralType: k=0.8; phase=0.0; per=3>
  warnings.warn('Replacing dihedral %r with %r' %
/opt/homebrew/anaconda3/envs/biochemcore/lib/python3.11/site-packages/openmm/app/charmmparameterset.py:391: UserWarning: Replacing dihedral <DihedralType: k=0.3; phase=0.0; per=3> with <DihedralType: k=0.16; phase=0.0; per=3>
  warnings.warn('Replacing dihedral %r with %r' %
/opt/homebrew/anaconda3/envs/biochemcore/lib/python3.11/site-packages/openmm/app/charmmparameterset.py:391: UserWarning: Replacing dihedral <DihedralType: k=0.08; phase=180.0; per=1> with <DihedralType: k=0.0; phase=0.0; per=1>
  warnings.warn('Replacing dihedral %r with %r' %
/opt/homebrew/anaconda3/envs/biochemcore/lib/python3.11/site-packages/openmm/app/charmmparameterset.py:391: UserWarning: Replacing dihedral <DihedralType: k=0.02; phase=0.0; per=2> with <DihedralType: k=1.5; phase=0.0; per=2>
  warnings.warn('Replacing dihedral %r with %r' %
/opt/homebrew/anaconda3/envs/biochemcore/lib/python3.11/site-packages/openmm/app/charmmparameterset.py:391: UserWarning: Replacing dihedral <DihedralType: k=2.28; phase=180.0; per=3> with <DihedralType: k=0.5; phase=0.0; per=3>
  warnings.warn('Replacing dihedral %r with %r' %
/opt/homebrew/anaconda3/envs/biochemcore/lib/python3.11/site-packages/openmm/app/charmmparameterset.py:391: UserWarning: Replacing dihedral <DihedralType: k=0.24; phase=0.0; per=1> with <DihedralType: k=2.5; phase=180.0; per=1>
  warnings.warn('Replacing dihedral %r with %r' %
/opt/homebrew/anaconda3/envs/biochemcore/lib/python3.11/site-packages/openmm/app/charmmparameterset.py:391: UserWarning: Replacing dihedral <DihedralType: k=0.03; phase=0.0; per=3> with <DihedralType: k=0.1; phase=0.0; per=3>
  warnings.warn('Replacing dihedral %r with %r' %
/opt/homebrew/anaconda3/envs/biochemcore/lib/python3.11/site-packages/openmm/app/charmmparameterset.py:391: UserWarning: Replacing dihedral <DihedralType: k=4.59; phase=0.0; per=1> with <DihedralType: k=0.6; phase=0.0; per=1>
  warnings.warn('Replacing dihedral %r with %r' %
/opt/homebrew/anaconda3/envs/biochemcore/lib/python3.11/site-packages/openmm/app/charmmparameterset.py:391: UserWarning: Replacing dihedral <DihedralType: k=0.62; phase=0.0; per=3> with <DihedralType: k=0.3; phase=0.0; per=3>
  warnings.warn('Replacing dihedral %r with %r' %
/opt/homebrew/anaconda3/envs/biochemcore/lib/python3.11/site-packages/openmm/app/charmmparameterset.py:391: UserWarning: Replacing dihedral <DihedralType: k=2.23; phase=0.0; per=1> with <DihedralType: k=0.3; phase=0.0; per=1>
  warnings.warn('Replacing dihedral %r with %r' %
/opt/homebrew/anaconda3/envs/biochemcore/lib/python3.11/site-packages/openmm/app/charmmparameterset.py:391: UserWarning: Replacing dihedral <DihedralType: k=0.86; phase=0.0; per=2> with <DihedralType: k=0.55; phase=180.0; per=2>
  warnings.warn('Replacing dihedral %r with %r' %
/opt/homebrew/anaconda3/envs/biochemcore/lib/python3.11/site-packages/openmm/app/charmmparameterset.py:391: UserWarning: Replacing dihedral <DihedralType: k=0.8; phase=0.0; per=3> with <DihedralType: k=0.2; phase=0.0; per=3>
  warnings.warn('Replacing dihedral %r with %r' %
/opt/homebrew/anaconda3/envs/biochemcore/lib/python3.11/site-packages/openmm/app/charmmparameterset.py:391: UserWarning: Replacing dihedral <DihedralType: k=4.99; phase=180.0; per=1> with <DihedralType: k=0.0; phase=0.0; per=1>
  warnings.warn('Replacing dihedral %r with %r' %
/opt/homebrew/anaconda3/envs/biochemcore/lib/python3.11/site-packages/openmm/app/charmmparameterset.py:391: UserWarning: Replacing dihedral <DihedralType: k=0.3; phase=0.0; per=3> with <DihedralType: k=0.1; phase=0.0; per=3>
  warnings.warn('Replacing dihedral %r with %r' %
/opt/homebrew/anaconda3/envs/biochemcore/lib/python3.11/site-packages/openmm/app/charmmparameterset.py:391: UserWarning: Replacing dihedral <DihedralType: k=1.66; phase=180.0; per=2> with <DihedralType: k=1.025; phase=180.0; per=2>
  warnings.warn('Replacing dihedral %r with %r' %
/opt/homebrew/anaconda3/envs/biochemcore/lib/python3.11/site-packages/openmm/app/charmmparameterset.py:391: UserWarning: Replacing dihedral <DihedralType: k=0.0; phase=0.0; per=3> with <DihedralType: k=0.42; phase=0.0; per=3>
  warnings.warn('Replacing dihedral %r with %r' %
/opt/homebrew/anaconda3/envs/biochemcore/lib/python3.11/site-packages/openmm/app/charmmparameterset.py:391: UserWarning: Replacing dihedral <DihedralType: k=0.97; phase=180.0; per=1> with <DihedralType: k=0.975; phase=180.0; per=1>
  warnings.warn('Replacing dihedral %r with %r' %
/opt/homebrew/anaconda3/envs/biochemcore/lib/python3.11/site-packages/openmm/app/charmmparameterset.py:391: UserWarning: Replacing dihedral <DihedralType: k=1.0; phase=180.0; per=2> with <DihedralType: k=0.0; phase=0.0; per=2>
  warnings.warn('Replacing dihedral %r with %r' %
/opt/homebrew/anaconda3/envs/biochemcore/lib/python3.11/site-packages/openmm/app/charmmparameterset.py:391: UserWarning: Replacing dihedral <DihedralType: k=0.64; phase=180.0; per=1> with <DihedralType: k=0.4; phase=0.0; per=1>
  warnings.warn('Replacing dihedral %r with %r' %
/opt/homebrew/anaconda3/envs/biochemcore/lib/python3.11/site-packages/openmm/app/charmmparameterset.py:391: UserWarning: Replacing dihedral <DihedralType: k=0.31; phase=180.0; per=1> with <DihedralType: k=0.0; phase=0.0; per=1>
  warnings.warn('Replacing dihedral %r with %r' %
/opt/homebrew/anaconda3/envs/biochemcore/lib/python3.11/site-packages/openmm/app/charmmparameterset.py:391: UserWarning: Replacing dihedral <DihedralType: k=0.85; phase=0.0; per=3> with <DihedralType: k=2.31; phase=180.0; per=3>
  warnings.warn('Replacing dihedral %r with %r' %
/opt/homebrew/anaconda3/envs/biochemcore/lib/python3.11/site-packages/openmm/app/charmmparameterset.py:391: UserWarning: Replacing dihedral <DihedralType: k=2.21; phase=0.0; per=3> with <DihedralType: k=0.0; phase=0.0; per=3>
  warnings.warn('Replacing dihedral %r with %r' %
/opt/homebrew/anaconda3/envs/biochemcore/lib/python3.11/site-packages/openmm/app/charmmparameterset.py:391: UserWarning: Replacing dihedral <DihedralType: k=0.0; phase=180.0; per=2> with <DihedralType: k=15.0; phase=180.0; per=2>
  warnings.warn('Replacing dihedral %r with %r' %
/opt/homebrew/anaconda3/envs/biochemcore/lib/python3.11/site-packages/openmm/app/charmmparameterset.py:391: UserWarning: Replacing dihedral <DihedralType: k=1.33; phase=180.0; per=2> with <DihedralType: k=1.025; phase=180.0; per=2>
  warnings.warn('Replacing dihedral %r with %r' %
/opt/homebrew/anaconda3/envs/biochemcore/lib/python3.11/site-packages/openmm/app/charmmparameterset.py:391: UserWarning: Replacing dihedral <DihedralType: k=7.81; phase=180.0; per=1> with <DihedralType: k=0.6; phase=0.0; per=1>
  warnings.warn('Replacing dihedral %r with %r' %
/opt/homebrew/anaconda3/envs/biochemcore/lib/python3.11/site-packages/openmm/app/charmmparameterset.py:391: UserWarning: Replacing dihedral <DihedralType: k=0.33; phase=0.0; per=1> with <DihedralType: k=1.0; phase=180.0; per=1>
  warnings.warn('Replacing dihedral %r with %r' %
/opt/homebrew/anaconda3/envs/biochemcore/lib/python3.11/site-packages/openmm/app/charmmparameterset.py:391: UserWarning: Replacing dihedral <DihedralType: k=0.17; phase=0.0; per=2> with <DihedralType: k=0.1; phase=0.0; per=2>
  warnings.warn('Replacing dihedral %r with %r' %
/opt/homebrew/anaconda3/envs/biochemcore/lib/python3.11/site-packages/openmm/app/charmmparameterset.py:391: UserWarning: Replacing dihedral <DihedralType: k=1.07; phase=0.0; per=3> with <DihedralType: k=0.3; phase=180.0; per=3>
  warnings.warn('Replacing dihedral %r with %r' %
/opt/homebrew/anaconda3/envs/biochemcore/lib/python3.11/site-packages/openmm/app/charmmparameterset.py:391: UserWarning: Replacing dihedral <DihedralType: k=0.89; phase=0.0; per=4> with <DihedralType: k=0.2; phase=0.0; per=4>
  warnings.warn('Replacing dihedral %r with %r' %
/opt/homebrew/anaconda3/envs/biochemcore/lib/python3.11/site-packages/openmm/app/charmmparameterset.py:391: UserWarning: Replacing dihedral <DihedralType: k=0.59; phase=180.0; per=1> with <DihedralType: k=0.0; phase=0.0; per=1>
  warnings.warn('Replacing dihedral %r with %r' %
/opt/homebrew/anaconda3/envs/biochemcore/lib/python3.11/site-packages/openmm/app/charmmparameterset.py:391: UserWarning: Replacing dihedral <DihedralType: k=0.58; phase=180.0; per=2> with <DihedralType: k=2.5; phase=180.0; per=2>
  warnings.warn('Replacing dihedral %r with %r' %
/opt/homebrew/anaconda3/envs/biochemcore/lib/python3.11/site-packages/openmm/app/charmmparameterset.py:391: UserWarning: Replacing dihedral <DihedralType: k=1.65; phase=180.0; per=2> with <DihedralType: k=2.5; phase=180.0; per=2>
  warnings.warn('Replacing dihedral %r with %r' %
/opt/homebrew/anaconda3/envs/biochemcore/lib/python3.11/site-packages/openmm/app/charmmparameterset.py:391: UserWarning: Replacing dihedral <DihedralType: k=1.67; phase=0.0; per=1> with <DihedralType: k=0.75; phase=0.0; per=1>
  warnings.warn('Replacing dihedral %r with %r' %
/opt/homebrew/anaconda3/envs/biochemcore/lib/python3.11/site-packages/openmm/app/charmmparameterset.py:391: UserWarning: Replacing dihedral <DihedralType: k=0.97; phase=0.0; per=2> with <DihedralType: k=0.18; phase=180.0; per=2>
  warnings.warn('Replacing dihedral %r with %r' %
/opt/homebrew/anaconda3/envs/biochemcore/lib/python3.11/site-packages/openmm/app/charmmparameterset.py:391: UserWarning: Replacing dihedral <DihedralType: k=0.98; phase=180.0; per=3> with <DihedralType: k=0.065; phase=0.0; per=3>
  warnings.warn('Replacing dihedral %r with %r' %
/opt/homebrew/anaconda3/envs/biochemcore/lib/python3.11/site-packages/openmm/app/charmmparameterset.py:391: UserWarning: Replacing dihedral <DihedralType: k=0.06; phase=180.0; per=6> with <DihedralType: k=0.03; phase=0.0; per=6>
  warnings.warn('Replacing dihedral %r with %r' %
/opt/homebrew/anaconda3/envs/biochemcore/lib/python3.11/site-packages/openmm/app/charmmparameterset.py:391: UserWarning: Replacing dihedral <DihedralType: k=0.0; phase=180.0; per=1> with <DihedralType: k=0.75; phase=0.0; per=1>
  warnings.warn('Replacing dihedral %r with %r' %
/opt/homebrew/anaconda3/envs/biochemcore/lib/python3.11/site-packages/openmm/app/charmmparameterset.py:391: UserWarning: Replacing dihedral <DihedralType: k=0.1; phase=180.0; per=3> with <DihedralType: k=0.065; phase=0.0; per=3>
  warnings.warn('Replacing dihedral %r with %r' %
/opt/homebrew/anaconda3/envs/biochemcore/lib/python3.11/site-packages/openmm/app/charmmparameterset.py:391: UserWarning: Replacing dihedral <DihedralType: k=0.0; phase=180.0; per=2> with <DihedralType: k=0.18; phase=180.0; per=2>
  warnings.warn('Replacing dihedral %r with %r' %
/opt/homebrew/anaconda3/envs/biochemcore/lib/python3.11/site-packages/openmm/app/charmmparameterset.py:391: UserWarning: Replacing dihedral <DihedralType: k=0.25; phase=0.0; per=2> with <DihedralType: k=0.18; phase=180.0; per=2>
  warnings.warn('Replacing dihedral %r with %r' %
/opt/homebrew/anaconda3/envs/biochemcore/lib/python3.11/site-packages/openmm/app/charmmparameterset.py:391: UserWarning: Replacing dihedral <DihedralType: k=0.08; phase=180.0; per=1> with <DihedralType: k=0.75; phase=0.0; per=1>
  warnings.warn('Replacing dihedral %r with %r' %
/opt/homebrew/anaconda3/envs/biochemcore/lib/python3.11/site-packages/openmm/app/charmmparameterset.py:391: UserWarning: Replacing dihedral <DihedralType: k=0.43; phase=0.0; per=6> with <DihedralType: k=0.03; phase=0.0; per=6>
  warnings.warn('Replacing dihedral %r with %r' %
/opt/homebrew/anaconda3/envs/biochemcore/lib/python3.11/site-packages/openmm/app/charmmparameterset.py:391: UserWarning: Replacing dihedral <DihedralType: k=0.07; phase=0.0; per=1> with <DihedralType: k=0.75; phase=0.0; per=1>
  warnings.warn('Replacing dihedral %r with %r' %
/opt/homebrew/anaconda3/envs/biochemcore/lib/python3.11/site-packages/openmm/app/charmmparameterset.py:391: UserWarning: Replacing dihedral <DihedralType: k=0.27; phase=0.0; per=3> with <DihedralType: k=0.065; phase=0.0; per=3>
  warnings.warn('Replacing dihedral %r with %r' %
/opt/homebrew/anaconda3/envs/biochemcore/lib/python3.11/site-packages/openmm/app/charmmparameterset.py:391: UserWarning: Replacing dihedral <DihedralType: k=1.71; phase=0.0; per=2> with <DihedralType: k=0.18; phase=180.0; per=2>
  warnings.warn('Replacing dihedral %r with %r' %
/opt/homebrew/anaconda3/envs/biochemcore/lib/python3.11/site-packages/openmm/app/charmmparameterset.py:391: UserWarning: Replacing dihedral <DihedralType: k=0.2; phase=0.0; per=3> with <DihedralType: k=0.35; phase=180.0; per=3>
  warnings.warn('Replacing dihedral %r with %r' %
/opt/homebrew/anaconda3/envs/biochemcore/lib/python3.11/site-packages/openmm/app/charmmparameterset.py:391: UserWarning: Replacing dihedral <DihedralType: k=0.45; phase=0.0; per=3> with <DihedralType: k=0.2; phase=0.0; per=3>
  warnings.warn('Replacing dihedral %r with %r' %
/opt/homebrew/anaconda3/envs/biochemcore/lib/python3.11/site-packages/openmm/app/charmmparameterset.py:391: UserWarning: Replacing dihedral <DihedralType: k=0.03; phase=0.0; per=1> with <DihedralType: k=0.75; phase=0.0; per=1>
  warnings.warn('Replacing dihedral %r with %r' %
/opt/homebrew/anaconda3/envs/biochemcore/lib/python3.11/site-packages/openmm/app/charmmparameterset.py:391: UserWarning: Replacing dihedral <DihedralType: k=0.01; phase=0.0; per=6> with <DihedralType: k=0.03; phase=0.0; per=6>
  warnings.warn('Replacing dihedral %r with %r' %
/opt/homebrew/anaconda3/envs/biochemcore/lib/python3.11/site-packages/openmm/app/charmmparameterset.py:391: UserWarning: Replacing dihedral <DihedralType: k=0.34; phase=180.0; per=3> with <DihedralType: k=0.065; phase=0.0; per=3>
  warnings.warn('Replacing dihedral %r with %r' %
/opt/homebrew/anaconda3/envs/biochemcore/lib/python3.11/site-packages/openmm/app/charmmparameterset.py:391: UserWarning: Replacing dihedral <DihedralType: k=0.08; phase=180.0; per=2> with <DihedralType: k=0.18; phase=180.0; per=2>
  warnings.warn('Replacing dihedral %r with %r' %
/opt/homebrew/anaconda3/envs/biochemcore/lib/python3.11/site-packages/openmm/app/charmmparameterset.py:391: UserWarning: Replacing dihedral <DihedralType: k=0.43; phase=180.0; per=3> with <DihedralType: k=0.2; phase=0.0; per=3>
  warnings.warn('Replacing dihedral %r with %r' %
/opt/homebrew/anaconda3/envs/biochemcore/lib/python3.11/site-packages/openmm/app/charmmparameterset.py:391: UserWarning: Replacing dihedral <DihedralType: k=0.13; phase=0.0; per=6> with <DihedralType: k=0.03; phase=0.0; per=6>
  warnings.warn('Replacing dihedral %r with %r' %
/opt/homebrew/anaconda3/envs/biochemcore/lib/python3.11/site-packages/openmm/app/charmmparameterset.py:391: UserWarning: Replacing dihedral <DihedralType: k=0.11; phase=180.0; per=3> with <DihedralType: k=0.065; phase=180.0; per=3>
  warnings.warn('Replacing dihedral %r with %r' %
/opt/homebrew/anaconda3/envs/biochemcore/lib/python3.11/site-packages/openmm/app/charmmparameterset.py:391: UserWarning: Replacing dihedral <DihedralType: k=0.0; phase=0.0; per=1> with <DihedralType: k=0.75; phase=180.0; per=1>
  warnings.warn('Replacing dihedral %r with %r' %
/opt/homebrew/anaconda3/envs/biochemcore/lib/python3.11/site-packages/openmm/app/charmmparameterset.py:391: UserWarning: Replacing dihedral <DihedralType: k=0.02; phase=0.0; per=2> with <DihedralType: k=0.18; phase=180.0; per=2>
  warnings.warn('Replacing dihedral %r with %r' %
/opt/homebrew/anaconda3/envs/biochemcore/lib/python3.11/site-packages/openmm/app/charmmparameterset.py:391: UserWarning: Replacing dihedral <DihedralType: k=0.0; phase=0.0; per=2> with <DihedralType: k=0.18; phase=180.0; per=2>
  warnings.warn('Replacing dihedral %r with %r' %
/opt/homebrew/anaconda3/envs/biochemcore/lib/python3.11/site-packages/openmm/app/charmmparameterset.py:391: UserWarning: Replacing dihedral <DihedralType: k=0.05; phase=180.0; per=3> with <DihedralType: k=0.065; phase=0.0; per=3>
  warnings.warn('Replacing dihedral %r with %r' %
/opt/homebrew/anaconda3/envs/biochemcore/lib/python3.11/site-packages/openmm/app/charmmparameterset.py:391: UserWarning: Replacing dihedral <DihedralType: k=0.1; phase=0.0; per=1> with <DihedralType: k=0.75; phase=0.0; per=1>
  warnings.warn('Replacing dihedral %r with %r' %
/opt/homebrew/anaconda3/envs/biochemcore/lib/python3.11/site-packages/openmm/app/charmmparameterset.py:391: UserWarning: Replacing dihedral <DihedralType: k=0.26; phase=180.0; per=6> with <DihedralType: k=0.03; phase=0.0; per=6>
  warnings.warn('Replacing dihedral %r with %r' %
/opt/homebrew/anaconda3/envs/biochemcore/lib/python3.11/site-packages/openmm/app/charmmparameterset.py:391: UserWarning: Replacing dihedral <DihedralType: k=0.06; phase=0.0; per=2> with <DihedralType: k=0.18; phase=180.0; per=2>
  warnings.warn('Replacing dihedral %r with %r' %
/opt/homebrew/anaconda3/envs/biochemcore/lib/python3.11/site-packages/openmm/app/charmmparameterset.py:391: UserWarning: Replacing dihedral <DihedralType: k=0.67; phase=180.0; per=1> with <DihedralType: k=0.0; phase=0.0; per=1>
  warnings.warn('Replacing dihedral %r with %r' %
/opt/homebrew/anaconda3/envs/biochemcore/lib/python3.11/site-packages/openmm/app/charmmparameterset.py:391: UserWarning: Replacing dihedral <DihedralType: k=0.02; phase=0.0; per=1> with <DihedralType: k=0.75; phase=180.0; per=1>
  warnings.warn('Replacing dihedral %r with %r' %
/opt/homebrew/anaconda3/envs/biochemcore/lib/python3.11/site-packages/openmm/app/charmmparameterset.py:391: UserWarning: Replacing dihedral <DihedralType: k=0.53; phase=0.0; per=2> with <DihedralType: k=0.18; phase=180.0; per=2>
  warnings.warn('Replacing dihedral %r with %r' %
/opt/homebrew/anaconda3/envs/biochemcore/lib/python3.11/site-packages/openmm/app/charmmparameterset.py:391: UserWarning: Replacing dihedral <DihedralType: k=0.34; phase=180.0; per=6> with <DihedralType: k=0.03; phase=0.0; per=6>
  warnings.warn('Replacing dihedral %r with %r' %
/opt/homebrew/anaconda3/envs/biochemcore/lib/python3.11/site-packages/openmm/app/charmmparameterset.py:391: UserWarning: Replacing dihedral <DihedralType: k=1.27; phase=0.0; per=3> with <DihedralType: k=0.065; phase=180.0; per=3>
  warnings.warn('Replacing dihedral %r with %r' %
/opt/homebrew/anaconda3/envs/biochemcore/lib/python3.11/site-packages/openmm/app/charmmparameterset.py:391: UserWarning: Replacing dihedral <DihedralType: k=0.27; phase=0.0; per=6> with <DihedralType: k=0.03; phase=0.0; per=6>
  warnings.warn('Replacing dihedral %r with %r' %
/opt/homebrew/anaconda3/envs/biochemcore/lib/python3.11/site-packages/openmm/app/charmmparameterset.py:391: UserWarning: Replacing dihedral <DihedralType: k=0.6; phase=0.0; per=1> with <DihedralType: k=0.75; phase=0.0; per=1>
  warnings.warn('Replacing dihedral %r with %r' %
/opt/homebrew/anaconda3/envs/biochemcore/lib/python3.11/site-packages/openmm/app/charmmparameterset.py:391: UserWarning: Replacing dihedral <DihedralType: k=0.11; phase=180.0; per=3> with <DihedralType: k=0.065; phase=0.0; per=3>
  warnings.warn('Replacing dihedral %r with %r' %
/opt/homebrew/anaconda3/envs/biochemcore/lib/python3.11/site-packages/openmm/app/charmmparameterset.py:391: UserWarning: Replacing dihedral <DihedralType: k=0.24; phase=0.0; per=1> with <DihedralType: k=0.0; phase=0.0; per=1>
  warnings.warn('Replacing dihedral %r with %r' %
/opt/homebrew/anaconda3/envs/biochemcore/lib/python3.11/site-packages/openmm/app/charmmparameterset.py:391: UserWarning: Replacing dihedral <DihedralType: k=0.04; phase=0.0; per=3> with <DihedralType: k=0.19; phase=0.0; per=3>
  warnings.warn('Replacing dihedral %r with %r' %
/opt/homebrew/anaconda3/envs/biochemcore/lib/python3.11/site-packages/openmm/app/charmmparameterset.py:391: UserWarning: Replacing dihedral <DihedralType: k=0.0; phase=180.0; per=3> with <DihedralType: k=0.1; phase=0.0; per=3>
  warnings.warn('Replacing dihedral %r with %r' %
/opt/homebrew/anaconda3/envs/biochemcore/lib/python3.11/site-packages/openmm/app/charmmparameterset.py:391: UserWarning: Replacing dihedral <DihedralType: k=0.2; phase=0.0; per=2> with <DihedralType: k=0.23; phase=180.0; per=2>
  warnings.warn('Replacing dihedral %r with %r' %
/opt/homebrew/anaconda3/envs/biochemcore/lib/python3.11/site-packages/openmm/app/charmmparameterset.py:391: UserWarning: Replacing dihedral <DihedralType: k=1.23; phase=180.0; per=1> with <DihedralType: k=0.0; phase=0.0; per=1>
  warnings.warn('Replacing dihedral %r with %r' %
/opt/homebrew/anaconda3/envs/biochemcore/lib/python3.11/site-packages/openmm/app/charmmparameterset.py:391: UserWarning: Replacing dihedral <DihedralType: k=0.11; phase=180.0; per=2> with <DihedralType: k=1.4; phase=180.0; per=2>
  warnings.warn('Replacing dihedral %r with %r' %
/opt/homebrew/anaconda3/envs/biochemcore/lib/python3.11/site-packages/openmm/app/charmmparameterset.py:391: UserWarning: Replacing dihedral <DihedralType: k=0.12; phase=0.0; per=1> with <DihedralType: k=0.6; phase=0.0; per=1>
  warnings.warn('Replacing dihedral %r with %r' %
/opt/homebrew/anaconda3/envs/biochemcore/lib/python3.11/site-packages/openmm/app/charmmparameterset.py:391: UserWarning: Replacing dihedral <DihedralType: k=0.42; phase=180.0; per=3> with <DihedralType: k=0.35; phase=180.0; per=3>
  warnings.warn('Replacing dihedral %r with %r' %
/opt/homebrew/anaconda3/envs/biochemcore/lib/python3.11/site-packages/openmm/app/charmmparameterset.py:391: UserWarning: Replacing dihedral <DihedralType: k=0.37; phase=180.0; per=6> with <DihedralType: k=0.09; phase=180.0; per=6>
  warnings.warn('Replacing dihedral %r with %r' %
/opt/homebrew/anaconda3/envs/biochemcore/lib/python3.11/site-packages/openmm/app/charmmparameterset.py:391: UserWarning: Replacing dihedral <DihedralType: k=3.04; phase=180.0; per=2> with <DihedralType: k=0.39; phase=0.0; per=2>
  warnings.warn('Replacing dihedral %r with %r' %
/opt/homebrew/anaconda3/envs/biochemcore/lib/python3.11/site-packages/openmm/app/charmmparameterset.py:391: UserWarning: Replacing dihedral <DihedralType: k=1.37; phase=180.0; per=1> with <DihedralType: k=0.21; phase=180.0; per=1>
  warnings.warn('Replacing dihedral %r with %r' %
/opt/homebrew/anaconda3/envs/biochemcore/lib/python3.11/site-packages/openmm/app/charmmparameterset.py:391: UserWarning: Replacing dihedral <DihedralType: k=3.83; phase=180.0; per=3> with <DihedralType: k=0.2; phase=0.0; per=3>
  warnings.warn('Replacing dihedral %r with %r' %
/opt/homebrew/anaconda3/envs/biochemcore/lib/python3.11/site-packages/openmm/app/charmmparameterset.py:391: UserWarning: Replacing dihedral <DihedralType: k=0.22; phase=0.0; per=3> with <DihedralType: k=0.2; phase=0.0; per=3>
  warnings.warn('Replacing dihedral %r with %r' %
/opt/homebrew/anaconda3/envs/biochemcore/lib/python3.11/site-packages/openmm/app/charmmparameterset.py:391: UserWarning: Replacing dihedral <DihedralType: k=0.48; phase=180.0; per=3> with <DihedralType: k=0.2; phase=0.0; per=3>
  warnings.warn('Replacing dihedral %r with %r' %
/opt/homebrew/anaconda3/envs/biochemcore/lib/python3.11/site-packages/openmm/app/charmmparameterset.py:391: UserWarning: Replacing dihedral <DihedralType: k=0.22; phase=0.0; per=1> with <DihedralType: k=0.6; phase=0.0; per=1>
  warnings.warn('Replacing dihedral %r with %r' %
/opt/homebrew/anaconda3/envs/biochemcore/lib/python3.11/site-packages/openmm/app/charmmparameterset.py:391: UserWarning: Replacing dihedral <DihedralType: k=0.18; phase=0.0; per=3> with <DihedralType: k=0.16; phase=0.0; per=3>
  warnings.warn('Replacing dihedral %r with %r' %
/opt/homebrew/anaconda3/envs/biochemcore/lib/python3.11/site-packages/openmm/app/charmmparameterset.py:391: UserWarning: Replacing dihedral <DihedralType: k=0.2; phase=0.0; per=3> with <DihedralType: k=0.2; phase=180.0; per=3>
  warnings.warn('Replacing dihedral %r with %r' %
/opt/homebrew/anaconda3/envs/biochemcore/lib/python3.11/site-packages/openmm/app/charmmparameterset.py:391: UserWarning: Replacing dihedral <DihedralType: k=1.37; phase=180.0; per=3> with <DihedralType: k=0.19; phase=0.0; per=3>
  warnings.warn('Replacing dihedral %r with %r' %
/opt/homebrew/anaconda3/envs/biochemcore/lib/python3.11/site-packages/openmm/app/charmmparameterset.py:391: UserWarning: Replacing dihedral <DihedralType: k=0.2; phase=0.0; per=3> with <DihedralType: k=0.16; phase=0.0; per=3>
  warnings.warn('Replacing dihedral %r with %r' %
/opt/homebrew/anaconda3/envs/biochemcore/lib/python3.11/site-packages/openmm/app/charmmparameterset.py:391: UserWarning: Replacing dihedral <DihedralType: k=0.14; phase=0.0; per=3> with <DihedralType: k=0.2; phase=180.0; per=3>
  warnings.warn('Replacing dihedral %r with %r' %
/opt/homebrew/anaconda3/envs/biochemcore/lib/python3.11/site-packages/openmm/app/charmmparameterset.py:391: UserWarning: Replacing dihedral <DihedralType: k=1.71; phase=0.0; per=3> with <DihedralType: k=0.2; phase=0.0; per=3>
  warnings.warn('Replacing dihedral %r with %r' %
/opt/homebrew/anaconda3/envs/biochemcore/lib/python3.11/site-packages/openmm/app/charmmparameterset.py:391: UserWarning: Replacing dihedral <DihedralType: k=0.18; phase=0.0; per=3> with <DihedralType: k=0.185; phase=0.0; per=3>
  warnings.warn('Replacing dihedral %r with %r' %
/opt/homebrew/anaconda3/envs/biochemcore/lib/python3.11/site-packages/openmm/app/charmmparameterset.py:391: UserWarning: Replacing dihedral <DihedralType: k=0.18; phase=0.0; per=3> with <DihedralType: k=0.195; phase=0.0; per=3>
  warnings.warn('Replacing dihedral %r with %r' %
/opt/homebrew/anaconda3/envs/biochemcore/lib/python3.11/site-packages/openmm/app/charmmparameterset.py:391: UserWarning: Replacing dihedral <DihedralType: k=0.44; phase=0.0; per=3> with <DihedralType: k=0.25; phase=0.0; per=3>
  warnings.warn('Replacing dihedral %r with %r' %
/opt/homebrew/anaconda3/envs/biochemcore/lib/python3.11/site-packages/openmm/app/charmmparameterset.py:391: UserWarning: Replacing dihedral <DihedralType: k=0.4; phase=180.0; per=1> with <DihedralType: k=0.16; phase=180.0; per=1>
  warnings.warn('Replacing dihedral %r with %r' %
/opt/homebrew/anaconda3/envs/biochemcore/lib/python3.11/site-packages/openmm/app/charmmparameterset.py:391: UserWarning: Replacing dihedral <DihedralType: k=0.49; phase=180.0; per=2> with <DihedralType: k=0.39; phase=0.0; per=2>
  warnings.warn('Replacing dihedral %r with %r' %
/opt/homebrew/anaconda3/envs/biochemcore/lib/python3.11/site-packages/openmm/app/charmmparameterset.py:391: UserWarning: Replacing dihedral <DihedralType: k=0.23; phase=180.0; per=3> with <DihedralType: k=0.1; phase=0.0; per=3>
  warnings.warn('Replacing dihedral %r with %r' %
/opt/homebrew/anaconda3/envs/biochemcore/lib/python3.11/site-packages/openmm/app/charmmparameterset.py:391: UserWarning: Replacing dihedral <DihedralType: k=4.23; phase=180.0; per=3> with <DihedralType: k=0.195; phase=0.0; per=3>
  warnings.warn('Replacing dihedral %r with %r' %
/opt/homebrew/anaconda3/envs/biochemcore/lib/python3.11/site-packages/openmm/app/charmmparameterset.py:391: UserWarning: Replacing dihedral <DihedralType: k=0.09; phase=0.0; per=1> with <DihedralType: k=0.75; phase=0.0; per=1>
  warnings.warn('Replacing dihedral %r with %r' %
/opt/homebrew/anaconda3/envs/biochemcore/lib/python3.11/site-packages/openmm/app/charmmparameterset.py:391: UserWarning: Replacing dihedral <DihedralType: k=0.82; phase=180.0; per=3> with <DihedralType: k=0.065; phase=0.0; per=3>
  warnings.warn('Replacing dihedral %r with %r' %
/opt/homebrew/anaconda3/envs/biochemcore/lib/python3.11/site-packages/openmm/app/charmmparameterset.py:391: UserWarning: Replacing dihedral <DihedralType: k=0.34; phase=0.0; per=6> with <DihedralType: k=0.03; phase=0.0; per=6>
  warnings.warn('Replacing dihedral %r with %r' %
/opt/homebrew/anaconda3/envs/biochemcore/lib/python3.11/site-packages/openmm/app/charmmparameterset.py:391: UserWarning: Replacing dihedral <DihedralType: k=0.16; phase=0.0; per=1> with <DihedralType: k=0.75; phase=180.0; per=1>
  warnings.warn('Replacing dihedral %r with %r' %
/opt/homebrew/anaconda3/envs/biochemcore/lib/python3.11/site-packages/openmm/app/charmmparameterset.py:391: UserWarning: Replacing dihedral <DihedralType: k=0.01; phase=180.0; per=2> with <DihedralType: k=0.18; phase=180.0; per=2>
  warnings.warn('Replacing dihedral %r with %r' %
/opt/homebrew/anaconda3/envs/biochemcore/lib/python3.11/site-packages/openmm/app/charmmparameterset.py:391: UserWarning: Replacing dihedral <DihedralType: k=0.97; phase=180.0; per=3> with <DihedralType: k=0.065; phase=180.0; per=3>
  warnings.warn('Replacing dihedral %r with %r' %
/opt/homebrew/anaconda3/envs/biochemcore/lib/python3.11/site-packages/openmm/app/charmmparameterset.py:391: UserWarning: Replacing dihedral <DihedralType: k=0.08; phase=180.0; per=6> with <DihedralType: k=0.03; phase=0.0; per=6>
  warnings.warn('Replacing dihedral %r with %r' %
/opt/homebrew/anaconda3/envs/biochemcore/lib/python3.11/site-packages/openmm/app/charmmparameterset.py:391: UserWarning: Replacing dihedral <DihedralType: k=0.17; phase=180.0; per=3> with <DihedralType: k=0.2; phase=0.0; per=3>
  warnings.warn('Replacing dihedral %r with %r' %
/opt/homebrew/anaconda3/envs/biochemcore/lib/python3.11/site-packages/openmm/app/charmmparameterset.py:391: UserWarning: Replacing dihedral <DihedralType: k=0.02; phase=0.0; per=3> with <DihedralType: k=0.2; phase=0.0; per=3>
  warnings.warn('Replacing dihedral %r with %r' %
/opt/homebrew/anaconda3/envs/biochemcore/lib/python3.11/site-packages/openmm/app/charmmparameterset.py:391: UserWarning: Replacing dihedral <DihedralType: k=0.37; phase=180.0; per=3> with <DihedralType: k=0.2; phase=0.0; per=3>
  warnings.warn('Replacing dihedral %r with %r' %
/opt/homebrew/anaconda3/envs/biochemcore/lib/python3.11/site-packages/openmm/app/charmmparameterset.py:431: UserWarning: Repeat improper dihedral found ('CG2O2', 'CG2R51', 'OG2D1', 'OG311') and New param. k: 53.000000  ,thetaq: 0.000000 will use
  warnings.warn('Repeat improper dihedral found %r and New param. k: %f  ,thetaq: %f will use' %
/opt/homebrew/anaconda3/envs/biochemcore/lib/python3.11/site-packages/openmm/app/charmmparameterset.py:431: UserWarning: Repeat improper dihedral found ('CG2O5', 'CG311', 'CG331', 'OG2D3') and New param. k: 70.000000  ,thetaq: 0.000000 will use
  warnings.warn('Repeat improper dihedral found %r and New param. k: %f  ,thetaq: %f will use' %
/opt/homebrew/anaconda3/envs/biochemcore/lib/python3.11/site-packages/openmm/app/charmmparameterset.py:431: UserWarning: Repeat improper dihedral found ('CG2O5', 'CG2O5', 'CG321', 'OG2D3') and New param. k: 88.000000  ,thetaq: 0.000000 will use
  warnings.warn('Repeat improper dihedral found %r and New param. k: %f  ,thetaq: %f will use' %
/opt/homebrew/anaconda3/envs/biochemcore/lib/python3.11/site-packages/openmm/app/charmmparameterset.py:431: UserWarning: Repeat improper dihedral found ('CG2O5', 'CG301', 'CG321', 'OG2D3') and New param. k: 70.000000  ,thetaq: 0.000000 will use
  warnings.warn('Repeat improper dihedral found %r and New param. k: %f  ,thetaq: %f will use' %
/opt/homebrew/anaconda3/envs/biochemcore/lib/python3.11/site-packages/openmm/app/charmmparameterset.py:431: UserWarning: Repeat improper dihedral found ('CG2O5', 'CG311', 'CG321', 'OG2D3') and New param. k: 70.000000  ,thetaq: 0.000000 will use
  warnings.warn('Repeat improper dihedral found %r and New param. k: %f  ,thetaq: %f will use' %
/opt/homebrew/anaconda3/envs/biochemcore/lib/python3.11/site-packages/openmm/app/charmmparameterset.py:431: UserWarning: Repeat improper dihedral found ('CG2O2', 'CG301', 'OG2D1', 'OG311') and New param. k: 65.000000  ,thetaq: 0.000000 will use
  warnings.warn('Repeat improper dihedral found %r and New param. k: %f  ,thetaq: %f will use' %
/opt/homebrew/anaconda3/envs/biochemcore/lib/python3.11/site-packages/openmm/app/charmmparameterset.py:391: UserWarning: Replacing dihedral <DihedralType: k=0.0; phase=0.0; per=2> with <DihedralType: k=1.585; phase=180.0; per=2>
  warnings.warn('Replacing dihedral %r with %r' %
/opt/homebrew/anaconda3/envs/biochemcore/lib/python3.11/site-packages/openmm/app/charmmparameterset.py:391: UserWarning: Replacing dihedral <DihedralType: k=0.71; phase=0.0; per=2> with <DihedralType: k=3.1; phase=180.0; per=2>
  warnings.warn('Replacing dihedral %r with %r' %
/opt/homebrew/anaconda3/envs/biochemcore/lib/python3.11/site-packages/openmm/app/charmmparameterset.py:391: UserWarning: Replacing dihedral <DihedralType: k=0.58; phase=180.0; per=2> with <DihedralType: k=0.0; phase=180.0; per=2>
  warnings.warn('Replacing dihedral %r with %r' %
/opt/homebrew/anaconda3/envs/biochemcore/lib/python3.11/site-packages/openmm/app/charmmparameterset.py:391: UserWarning: Replacing dihedral <DihedralType: k=0.0; phase=0.0; per=2> with <DihedralType: k=0.0; phase=180.0; per=2>
  warnings.warn('Replacing dihedral %r with %r' %
/opt/homebrew/anaconda3/envs/biochemcore/lib/python3.11/site-packages/openmm/app/charmmparameterset.py:431: UserWarning: Repeat improper dihedral found ('CG2O5', 'CG2DC1', 'CG2R61', 'OG2D3') and New param. k: 72.000000  ,thetaq: 0.000000 will use
  warnings.warn('Repeat improper dihedral found %r and New param. k: %f  ,thetaq: %f will use' %
/opt/homebrew/anaconda3/envs/biochemcore/lib/python3.11/site-packages/openmm/app/charmmparameterset.py:391: UserWarning: Replacing dihedral <DihedralType: k=0.2; phase=0.0; per=1> with <DihedralType: k=0.195; phase=0.0; per=1>
  warnings.warn('Replacing dihedral %r with %r' %
/opt/homebrew/anaconda3/envs/biochemcore/lib/python3.11/site-packages/openmm/app/charmmparameterset.py:391: UserWarning: Replacing dihedral <DihedralType: k=0.31; phase=0.0; per=3> with <DihedralType: k=0.2; phase=0.0; per=3>
  warnings.warn('Replacing dihedral %r with %r' %
/opt/homebrew/anaconda3/envs/biochemcore/lib/python3.11/site-packages/openmm/app/charmmparameterset.py:391: UserWarning: Replacing dihedral <DihedralType: k=0.31; phase=180.0; per=3> with <DihedralType: k=0.2; phase=180.0; per=3>
  warnings.warn('Replacing dihedral %r with %r' %
/opt/homebrew/anaconda3/envs/biochemcore/lib/python3.11/site-packages/openmm/app/charmmparameterset.py:391: UserWarning: Replacing dihedral <DihedralType: k=0.02; phase=0.0; per=3> with <DihedralType: k=0.19; phase=0.0; per=3>
  warnings.warn('Replacing dihedral %r with %r' %
/opt/homebrew/anaconda3/envs/biochemcore/lib/python3.11/site-packages/openmm/app/charmmparameterset.py:391: UserWarning: Replacing dihedral <DihedralType: k=1.02; phase=180.0; per=3> with <DihedralType: k=0.0; phase=0.0; per=3>
  warnings.warn('Replacing dihedral %r with %r' %
/opt/homebrew/anaconda3/envs/biochemcore/lib/python3.11/site-packages/openmm/app/charmmparameterset.py:391: UserWarning: Replacing dihedral <DihedralType: k=1.19; phase=0.0; per=3> with <DihedralType: k=1.65; phase=180.0; per=3>
  warnings.warn('Replacing dihedral %r with %r' %
/opt/homebrew/anaconda3/envs/biochemcore/lib/python3.11/site-packages/openmm/app/charmmparameterset.py:391: UserWarning: Replacing dihedral <DihedralType: k=0.35; phase=180.0; per=3> with <DihedralType: k=1.65; phase=180.0; per=3>
  warnings.warn('Replacing dihedral %r with %r' %
/opt/homebrew/anaconda3/envs/biochemcore/lib/python3.11/site-packages/openmm/app/charmmparameterset.py:391: UserWarning: Replacing dihedral <DihedralType: k=0.0; phase=0.0; per=3> with <DihedralType: k=0.12; phase=0.0; per=3>
  warnings.warn('Replacing dihedral %r with %r' %
/opt/homebrew/anaconda3/envs/biochemcore/lib/python3.11/site-packages/openmm/app/charmmparameterset.py:391: UserWarning: Replacing dihedral <DihedralType: k=1.17; phase=180.0; per=3> with <DihedralType: k=0.04; phase=0.0; per=3>
  warnings.warn('Replacing dihedral %r with %r' %
/opt/homebrew/anaconda3/envs/biochemcore/lib/python3.11/site-packages/openmm/app/charmmparameterset.py:391: UserWarning: Replacing dihedral <DihedralType: k=3.45; phase=180.0; per=1> with <DihedralType: k=2.4; phase=180.0; per=1>
  warnings.warn('Replacing dihedral %r with %r' %
/opt/homebrew/anaconda3/envs/biochemcore/lib/python3.11/site-packages/openmm/app/charmmparameterset.py:391: UserWarning: Replacing dihedral <DihedralType: k=1.27; phase=180.0; per=2> with <DihedralType: k=3.0; phase=180.0; per=2>
  warnings.warn('Replacing dihedral %r with %r' %
/opt/homebrew/anaconda3/envs/biochemcore/lib/python3.11/site-packages/openmm/app/charmmparameterset.py:391: UserWarning: Replacing dihedral <DihedralType: k=2.22; phase=180.0; per=2> with <DihedralType: k=2.4; phase=180.0; per=2>
  warnings.warn('Replacing dihedral %r with %r' %
/opt/homebrew/anaconda3/envs/biochemcore/lib/python3.11/site-packages/openmm/app/charmmparameterset.py:391: UserWarning: Replacing dihedral <DihedralType: k=1.05; phase=0.0; per=3> with <DihedralType: k=0.3; phase=0.0; per=3>
  warnings.warn('Replacing dihedral %r with %r' %
/opt/homebrew/anaconda3/envs/biochemcore/lib/python3.11/site-packages/openmm/app/charmmparameterset.py:391: UserWarning: Replacing dihedral <DihedralType: k=1.25; phase=180.0; per=2> with <DihedralType: k=3.1; phase=180.0; per=2>
  warnings.warn('Replacing dihedral %r with %r' %
/opt/homebrew/anaconda3/envs/biochemcore/lib/python3.11/site-packages/openmm/app/charmmparameterset.py:391: UserWarning: Replacing dihedral <DihedralType: k=2.32; phase=180.0; per=2> with <DihedralType: k=2.5; phase=180.0; per=2>
  warnings.warn('Replacing dihedral %r with %r' %
/opt/homebrew/anaconda3/envs/biochemcore/lib/python3.11/site-packages/openmm/app/charmmparameterset.py:391: UserWarning: Replacing dihedral <DihedralType: k=0.32; phase=0.0; per=2> with <DihedralType: k=1.0; phase=180.0; per=2>
  warnings.warn('Replacing dihedral %r with %r' %
/opt/homebrew/anaconda3/envs/biochemcore/lib/python3.11/site-packages/openmm/app/charmmparameterset.py:391: UserWarning: Replacing dihedral <DihedralType: k=0.0; phase=0.0; per=3> with <DihedralType: k=0.16; phase=0.0; per=3>
  warnings.warn('Replacing dihedral %r with %r' %
/opt/homebrew/anaconda3/envs/biochemcore/lib/python3.11/site-packages/openmm/app/charmmparameterset.py:391: UserWarning: Replacing dihedral <DihedralType: k=1.58; phase=180.0; per=3> with <DihedralType: k=0.15; phase=0.0; per=3>
  warnings.warn('Replacing dihedral %r with %r' %
/opt/homebrew/anaconda3/envs/biochemcore/lib/python3.11/site-packages/openmm/app/charmmparameterset.py:391: UserWarning: Replacing dihedral <DihedralType: k=0.0; phase=0.0; per=3> with <DihedralType: k=0.15; phase=0.0; per=3>
  warnings.warn('Replacing dihedral %r with %r' %
/opt/homebrew/anaconda3/envs/biochemcore/lib/python3.11/site-packages/openmm/app/charmmparameterset.py:391: UserWarning: Replacing dihedral <DihedralType: k=0.9; phase=0.0; per=3> with <DihedralType: k=2.31; phase=180.0; per=3>
  warnings.warn('Replacing dihedral %r with %r' %
/opt/homebrew/anaconda3/envs/biochemcore/lib/python3.11/site-packages/openmm/app/charmmparameterset.py:391: UserWarning: Replacing dihedral <DihedralType: k=1.59; phase=180.0; per=2> with <DihedralType: k=2.5; phase=180.0; per=2>
  warnings.warn('Replacing dihedral %r with %r' %
/opt/homebrew/anaconda3/envs/biochemcore/lib/python3.11/site-packages/openmm/app/charmmparameterset.py:391: UserWarning: Replacing dihedral <DihedralType: k=0.23; phase=0.0; per=2> with <DihedralType: k=2.5; phase=180.0; per=2>
  warnings.warn('Replacing dihedral %r with %r' %
Using platform: HIP

Initial system energy
-2916490.4729888216 kJ/mol

MD run: 250000 steps
#"Progress (%)"	"Step"	"Time (ps)"	"Potential Energy (kJ/mole)"	"Temperature (K)"	"Speed (ns/day)"	"Time Remaining"
1050.4%	2626000	7878.999999824492	-2917885.7229888216	311.1027702079909	0	--
1050.8%	2627000	7882.9999998243975	-2920839.4104888216	311.17044288980605	4.32	19:11:24
1051.2%	2628000	7886.999999824303	-2919798.3479888216	310.03829769424425	4.27	18:31:14
1051.6%	2629000	7890.999999824208	-2916912.8479888216	309.9626855325593	4.26	18:19:49
1052.0%	2630000	7894.999999824114	-2914243.4729888216	310.06545423031025	4.25	18:14:45
1052.4%	2631000	7898.999999824019	-2916907.9104888216	311.538631511184	4.24	18:04:22
1052.8%	2632000	7902.999999823925	-2916852.0354888216	309.8319379742539	4.22	17:51:19
1053.2%	2633000	7906.99999982383	-2916108.0354888216	311.2221433168006	4.21	17:38:56
1053.6%	2634000	7910.999999823735	-2915498.9729888216	310.2282028396741	4.2	17:28:15
1054.0%	2635000	7914.999999823641	-2913971.3479888216	309.58114021481316	4.19	17:19:16
1054.4%	2636000	7918.999999823546	-2916462.8479888216	310.27716795126184	4.18	17:08:37
1054.8%	2637000	7922.999999823452	-2918689.9729888216	310.49666150770855	4.17	17:00:02
1055.2%	2638000	7926.999999823357	-2921118.2229888216	310.6562552312074	4.16	16:53:44
1055.6%	2639000	7930.999999823262	-2916909.7854888216	310.3812102343892	4.15	16:46:20
1056.0%	2640000	7934.999999823168	-2915484.4729888216	309.2232844268736	4.14	16:36:06
1056.4%	2641000	7938.999999823073	-2917801.4729888216	310.5638176749551	4.14	16:34:34
1056.8%	2642000	7942.999999822979	-2916409.2854888216	310.24343862711333	4.13	16:22:24
1057.2%	2643000	7946.999999822884	-2917012.4104888216	310.9978857735743	4.12	16:17:32
1057.6%	2644000	7950.9999998227895	-2919287.7229888216	310.91163571016295	4.12	16:12:27
1058.0%	2645000	7954.999999822695	-2917106.5354888216	309.7335048876505	4.11	16:05:42
1058.4%	2646000	7958.9999998226	-2918941.0354888216	311.31074242580144	4.11	16:00:59
1058.8%	2647000	7962.999999822506	-2917284.1604888216	310.13847767606	4.1	15:52:16
1059.2%	2648000	7966.999999822411	-2917038.7229888216	310.3296748299533	4.09	15:46:57
1059.6%	2649000	7970.999999822317	-2917874.0979888216	310.5718703537066	4.09	15:38:31
1060.0%	2650000	7974.999999822222	-2917834.8479888216	310.2457617337839	4.08	15:31:15
1060.4%	2651000	7978.999999822127	-2916388.4729888216	310.1274987442402	4.07	15:23:12
1060.8%	2652000	7982.999999822033	-2919052.3479888216	310.5355151513881	4.08	15:30:04
1061.2%	2653000	7986.999999821938	-2918415.3479888216	310.7705054051814	4.09	15:34:14
1061.6%	2654000	7990.999999821844	-2920155.0979888216	309.7249843746466	4.06	15:12:32
1062.0%	2655000	7994.999999821749	-2918079.7229888216	309.9167033416369	4.06	15:04:58
1062.4%	2656000	7998.9999998216545	-2916835.5979888216	310.8433201896419	4.06	15:03:21
1062.8%	2657000	8002.99999982156	-2918118.5979888216	310.0852490566114	4.05	14:56:10
1063.2%	2658000	8006.999999821465	-2915070.4729888216	310.15778239065423	4.03	14:39:10
1063.6%	2659000	8010.999999821371	-2918164.8479888216	310.88261570138405	4.01	14:21:41
1064.0%	2660000	8014.999999821276	-2917988.9104888216	309.512396096758	4	14:05:23
1064.4%	2661000	8018.9999998211815	-2915495.2854888216	310.9285826741822	3.98	13:47:28
1064.8%	2662000	8022.999999821087	-2918832.0979888216	310.0963667434036	3.95	13:26:38
1065.2%	2663000	8026.999999820992	-2915984.5354888216	309.2271899267419	3.92	12:51:10
1065.6%	2664000	8030.999999820898	-2915591.4729888216	309.7715337661404	3.89	12:24:39
1066.0%	2665000	8034.999999820803	-2918788.7854888216	310.4503651929571	3.86	11:54:44
1066.4%	2666000	8038.999999820709	-2915219.4729888216	309.92141779011604	3.83	11:29:19
1066.8%	2667000	8042.999999820614	-2916107.5354888216	309.2693355115841	3.81	11:09:36
1067.2%	2668000	8046.999999820519	-2915839.0979888216	310.2761596111314	3.8	10:57:02
1067.6%	2669000	8050.999999820425	-2919266.5354888216	310.63867813619765	3.78	10:34:59
1068.0%	2670000	8054.99999982033	-2914113.5354888216	310.2329737791306	3.75	9:59:57
1068.4%	2671000	8058.999999820236	-2915577.7854888216	310.83097292443443	3.72	9:27:48
1068.8%	2672000	8062.999999820141	-2914126.0354888216	310.51243265559896	3.69	8:59:59
1069.2%	2673000	8066.9999998200465	-2914187.5354888216	310.8642035987581	3.68	8:46:22
1069.6%	2674000	8070.999999819952	-2913865.7854888216	309.7227308025654	3.67	8:33:51
1070.0%	2675000	8074.999999819857	-2914057.4729888216	310.5494827108569	3.66	8:23:39
1070.4%	2676000	8078.999999819763	-2915921.6604888216	311.49122934939044	3.66	8:18:08
1070.8%	2677000	8082.999999819668	-2913714.5979888216	310.7004017802065	3.65	8:12:46
1071.2%	2678000	8086.9999998195735	-2915658.5354888216	309.781520214663	3.65	8:06:21
1071.6%	2679000	8090.999999819479	-2915484.4729888216	310.33640919397476	3.64	8:01:31
1072.0%	2680000	8094.999999819384	-2917657.0979888216	309.4389157407706	3.64	7:56:28
1072.4%	2681000	8098.99999981929	-2916665.4729888216	310.63302786995865	3.64	7:51:35
1072.8%	2682000	8102.999999819195	-2915786.8479888216	310.08363981497365	3.64	7:47:36
1073.2%	2683000	8106.999999819101	-2913916.0354888216	310.09228660913425	3.63	7:42:20
1073.6%	2684000	8110.999999819006	-2915812.7229888216	309.81836108206386	3.63	7:41:35
1074.0%	2685000	8114.999999818911	-2918134.7854888216	310.79555023849343	3.64	7:47:11
1074.4%	2686000	8118.999999818817	-2915028.4104888216	311.6939178290213	3.65	7:51:20
1074.8%	2687000	8122.999999818722	-2917484.9104888216	309.89917403545644	3.65	7:56:05
1075.2%	2688000	8126.999999818628	-2919451.2229888216	310.9560648519279	3.65	7:52:33
1075.6%	2689000	8130.999999818533	-2917557.1604888216	311.1993221940556	3.64	7:43:20
1076.0%	2690000	8134.9999998184385	-2920567.0354888216	310.4341416538188	3.63	7:28:49
1076.4%	2691000	8138.999999818344	-2919672.3479888216	311.1635473640047	3.62	7:21:05
1076.8%	2692000	8142.999999818249	-2916067.0979888216	310.7103689534776	3.61	7:08:40
1077.2%	2693000	8146.999999818155	-2918223.1604888216	310.22479106493205	3.6	6:52:25
1077.6%	2694000	8150.99999981806	-2916611.0354888216	309.41494844761394	3.59	6:36:08
1078.0%	2695000	8154.9999998179655	-2918532.0979888216	310.4253477306067	3.57	6:16:07
1078.4%	2696000	8158.999999817871	-2920631.7229888216	309.27301386977393	3.56	6:03:07
1078.8%	2697000	8162.999999817776	-2920364.4729888216	310.4964457767694	3.55	5:51:23
1079.2%	2698000	8166.999999817682	-2920768.9104888216	311.17255331302664	3.54	5:41:07
1079.6%	2699000	8170.999999817587	-2919343.2229888216	310.1415442800066	3.54	5:33:17
1080.0%	2700000	8174.999999817493	-2918629.2854888216	310.2432301930327	3.53	5:23:48
1080.4%	2701000	8178.999999817398	-2918455.0979888216	310.50339943517343	3.52	5:14:52
1080.8%	2702000	8182.999999817303	-2921858.5354888216	310.44414368789757	3.52	5:03:20
1081.2%	2703000	8186.999999817209	-2918525.5354888216	311.63956196872766	3.51	4:53:58
1081.6%	2704000	8190.999999817114	-2918687.5354888216	311.3946530122846	3.5	4:42:15
1082.0%	2705000	8194.9999998177	-2915904.8479888216	310.35702524339706	3.49	4:30:51
1082.4%	2706000	8198.999999818516	-2915975.9729888216	310.47437171778734	3.49	4:24:31
1082.8%	2707000	8202.99999981933	-2916990.3479888216	309.4729479918627	3.48	4:17:44
1083.2%	2708000	8206.999999820146	-2917059.0354888216	310.39399835212987	3.48	4:09:13
1083.6%	2709000	8210.99999982096	-2915032.2229888216	311.1809936053804	3.47	3:55:47
1084.0%	2710000	8214.999999821775	-2916504.3479888216	310.47410272728337	3.46	3:45:51
1084.4%	2711000	8218.99999982259	-2919204.7229888216	311.2613631271124	3.46	3:37:33
1084.8%	2712000	8222.999999823405	-2918029.7854888216	310.9969621112311	3.45	3:31:39
1085.2%	2713000	8226.99999982422	-2915428.0354888216	309.9381977292048	3.45	3:24:14
1085.6%	2714000	8230.999999825035	-2915160.7229888216	310.2656819703118	3.44	3:17:07
1086.0%	2715000	8234.99999982585	-2914708.1604888216	310.9763290431492	3.44	3:09:26
1086.4%	2716000	8238.999999826665	-2913238.5354888216	310.5863238683553	3.43	3:02:50
1086.8%	2717000	8242.99999982748	-2916994.2854888216	310.9636550356916	3.43	2:56:17
1087.2%	2718000	8246.999999828295	-2914140.4729888216	310.26232772439204	3.43	2:49:40
1087.6%	2719000	8250.99999982911	-2914829.3479888216	310.2753350185717	3.42	2:43:36
1088.0%	2720000	8254.999999829924	-2915327.2854888216	310.78554446062907	3.42	2:37:08
1088.4%	2721000	8258.99999983074	-2914372.5979888216	310.6384274667122	3.41	2:28:19
1088.8%	2722000	8262.999999831554	-2914596.7854888216	310.9668354294346	3.41	2:24:06
1089.2%	2723000	8266.99999983237	-2916883.7854888216	310.9753351200284	3.4	2:14:45
1089.6%	2724000	8270.999999833184	-2914425.6604888216	310.6502787944811	3.4	2:03:52
1090.0%	2725000	8274.999999833999	-2915764.9729888216	310.6286854702023	3.39	1:52:29
1090.4%	2726000	8278.999999834814	-2911732.5979888216	311.0625582907939	3.38	1:45:09
1090.8%	2727000	8282.999999835629	-2916837.4729888216	310.68924728275243	3.38	1:36:32
1091.2%	2728000	8286.999999836444	-2915583.4104888216	309.62051426290833	3.37	1:26:36
1091.6%	2729000	8290.999999837259	-2914476.0979888216	311.204390837462	3.37	1:19:07
1092.0%	2730000	8294.999999838074	-2915333.8479888216	311.2288627242289	3.36	1:10:18
1092.4%	2731000	8298.999999838888	-2918749.2229888216	310.6199056926888	3.36	1:03:31
1092.8%	2732000	8302.999999839703	-2917062.7229888216	309.14451265719697	3.35	57:13
1093.2%	2733000	8306.999999840518	-2916919.5979888216	311.13542676407883	3.35	48:41
1093.6%	2734000	8310.999999841333	-2918846.9729888216	310.6566542852426	3.34	40:32
1094.0%	2735000	8314.999999842148	-2919043.6604888216	309.9104552709681	3.34	39:19
1094.4%	2736000	8318.999999842963	-2913533.5354888216	310.69046794189285	3.34	38:31
1094.8%	2737000	8322.999999843778	-2915258.0354888216	310.881557225714	3.34	36:05
1095.2%	2738000	8326.999999844593	-2919801.4729888216	311.3425078150413	3.34	35:31
1095.6%	2739000	8330.999999845408	-2914227.9729888216	311.3669469984887	3.35	36:01
1096.0%	2740000	8334.999999846223	-2919489.9729888216	309.7332450333494	3.35	34:11
1096.4%	2741000	8338.999999847038	-2918439.0979888216	309.7924568993898	3.34	28:10
1096.8%	2742000	8342.999999847852	-2915302.9104888216	310.11435758440535	3.34	19:38
1097.2%	2743000	8346.999999848667	-2919450.9104888216	310.2868295773832	3.33	14:05
1097.6%	2744000	8350.999999849482	-2919563.2229888216	309.7884207686594	3.33	8:33
1098.0%	2745000	8354.999999850297	-2917974.6604888216	309.6902546655578	3.33	3:09
1098.4%	2746000	8358.999999851112	-2914070.7229888216	310.59962044568425	3.33	23:56:55
1098.8%	2747000	8362.999999851927	-2916975.3479888216	309.9711539474804	3.32	23:50:47
1099.2%	2748000	8366.999999852742	-2914134.9104888216	310.05708585383314	3.32	23:43:22
1099.6%	2749000	8370.999999853557	-2917204.4729888216	310.64709831862467	3.32	23:38:25
1100.0%	2750000	8374.999999854372	-2918902.5354888216	310.87157241484795	3.31	23:32:23
1100.4%	2751000	8378.999999855187	-2918975.8479888216	310.14109286250255	3.31	23:25:58
1100.8%	2752000	8382.999999856002	-2917100.9729888216	310.1844243736147	3.31	23:20:31
1101.2%	2753000	8386.999999856816	-2918031.8479888216	309.73428109537167	3.3	23:10:39
1101.6%	2754000	8390.999999857631	-2916951.4729888216	310.40661834622784	3.3	23:05:22
1102.0%	2755000	8394.999999858446	-2914641.8479888216	310.02267811459694	3.29	22:58:54
1102.4%	2756000	8398.999999859261	-2916269.0979888216	311.3258218553242	3.29	22:53:51
1102.8%	2757000	8402.999999860076	-2918048.3479888216	309.9729615157961	3.29	22:51:17
1103.2%	2758000	8406.999999860891	-2919959.0354888216	310.60108860623126	3.28	22:41:36
1103.6%	2759000	8410.999999861706	-2916799.0354888216	309.7621292900755	3.28	22:32:32
1104.0%	2760000	8414.99999986252	-2916921.9729888216	309.95827698590415	3.28	22:25:33
1104.4%	2761000	8418.999999863336	-2916196.5979888216	310.89120158969695	3.27	22:16:49
1104.8%	2762000	8422.99999986415	-2918295.5354888216	310.98863110674915	3.26	22:08:06
1105.2%	2763000	8426.999999864966	-2916863.2854888216	310.4519827261321	3.26	22:00:43
1105.6%	2764000	8430.99999986578	-2913011.2854888216	310.58778173432546	3.25	21:50:34
1106.0%	2765000	8434.999999866595	-2917332.7854888216	309.94074900721813	3.25	21:38:58
1106.4%	2766000	8438.99999986741	-2913422.7854888216	309.7442089773477	3.24	21:26:47
1106.8%	2767000	8442.999999868225	-2918881.5354888216	309.8608011145716	3.23	21:15:54
1107.2%	2768000	8446.99999986904	-2915727.0354888216	309.0713024312409	3.23	21:04:56
1107.6%	2769000	8450.999999869855	-2917820.3479888216	310.9275147695936	3.22	20:57:26
1108.0%	2770000	8454.99999987067	-2916691.2229888216	309.3252088860336	3.22	20:50:18
1108.4%	2771000	8458.999999871485	-2913792.0354888216	311.7033542694296	3.22	20:44:57
1108.8%	2772000	8462.9999998723	-2918879.2854888216	309.6846812248865	3.21	20:38:28
1109.2%	2773000	8466.999999873115	-2917109.5979888216	310.92502386948576	3.21	20:31:05
1109.6%	2774000	8470.99999987393	-2919490.0354888216	310.6514064086897	3.2	20:21:39
1110.0%	2775000	8474.999999874744	-2915982.3479888216	310.7389108661848	3.2	20:12:40
1110.4%	2776000	8478.99999987556	-2918433.9729888216	309.7019367158716	3.2	20:10:33
1110.8%	2777000	8482.999999876374	-2917585.1604888216	310.0682345503005	3.2	20:06:46
1111.2%	2778000	8486.99999987719	-2915926.4104888216	311.15285553697953	3.2	20:06:56
1111.6%	2779000	8490.999999878004	-2916111.4729888216	310.65379036146624	3.2	20:07:15
1112.0%	2780000	8494.999999878819	-2917201.9729888216	310.4894582745509	3.2	20:06:31
1112.4%	2781000	8498.999999879634	-2915789.1604888216	310.7586885793606	3.2	20:04:36
1112.8%	2782000	8502.999999880449	-2916828.9104888216	310.4920816632122	3.21	20:09:42
1113.2%	2783000	8506.999999881264	-2913484.9729888216	310.25995227238406	3.21	20:15:08
1113.6%	2784000	8510.999999882079	-2916763.1604888216	310.0703586742835	3.22	20:23:56
1114.0%	2785000	8514.999999882893	-2915010.6604888216	310.7857033716436	3.23	20:33:56
1114.4%	2786000	8518.999999883708	-2915197.9729888216	310.83062246291917	3.23	20:43:40
1114.8%	2787000	8522.999999884523	-2913374.5979888216	309.96801040148995	3.24	20:52:49
1115.2%	2788000	8526.999999885338	-2914462.2229888216	310.0128581432527	3.25	21:01:32
1115.6%	2789000	8530.999999886153	-2913670.4104888216	311.0952559499365	3.26	21:10:04
1116.0%	2790000	8534.999999886968	-2916552.7854888216	310.5042787002717	3.26	21:18:16
1116.4%	2791000	8538.999999887783	-2914273.6604888216	310.1529110465951	3.27	21:26:06
1116.8%	2792000	8542.999999888598	-2915324.9729888216	310.8187009355132	3.28	21:33:41
1117.2%	2793000	8546.999999889413	-2915886.7854888216	310.0518913088698	3.28	21:40:51
1117.6%	2794000	8550.999999890228	-2920154.5979888216	310.9233021098076	3.29	21:47:37
1118.0%	2795000	8554.999999891043	-2922114.7229888216	309.4426839937092	3.3	21:54:21
1118.4%	2796000	8558.999999891857	-2919057.7229888216	310.33750246344596	3.3	22:00:54
1118.8%	2797000	8562.999999892672	-2918392.6604888216	309.3137883847573	3.31	22:07:10
1119.2%	2798000	8566.999999893487	-2920109.7854888216	310.19255045923904	3.32	22:13:09
1119.6%	2799000	8570.999999894302	-2919771.1604888216	310.88712230971595	3.32	22:18:51
1120.0%	2800000	8574.999999895117	-2920930.2854888216	309.9821786128135	3.33	22:24:07
1120.4%	2801000	8578.999999895932	-2920567.7229888216	309.75644654400116	3.33	22:29:20
1120.8%	2802000	8582.999999896747	-2919255.8479888216	310.3811668473961	3.34	22:34:26
1121.2%	2803000	8586.999999897562	-2917942.0979888216	310.86667636139305	3.34	22:39:29
1121.6%	2804000	8590.999999898377	-2917836.7229888216	311.21518464489014	3.35	22:44:17
1122.0%	2805000	8594.999999899192	-2918946.4729888216	309.86425406886747	3.35	22:48:53
1122.4%	2806000	8598.999999900007	-2918871.1604888216	310.2059418115553	3.36	22:53:28
1122.8%	2807000	8602.999999900821	-2917295.0979888216	310.0537033368527	3.36	22:57:44
1123.2%	2808000	8606.999999901636	-2919154.1604888216	310.1011060050019	3.37	23:01:56
1123.6%	2809000	8610.999999902451	-2916732.7854888216	310.7467191558383	3.37	23:05:57
1124.0%	2810000	8614.999999903266	-2915675.4729888216	309.6872369286939	3.37	23:09:51
1124.4%	2811000	8618.999999904081	-2918859.2229888216	310.1074163194835	3.38	23:13:40
1124.8%	2812000	8622.999999904896	-2917624.7854888216	311.46636418051804	3.38	23:17:20
1125.2%	2813000	8626.99999990571	-2917405.6604888216	310.8249530962492	3.39	23:20:57
1125.6%	2814000	8630.999999906526	-2915025.8479888216	309.2241423723323	3.39	23:24:29
1126.0%	2815000	8634.99999990734	-2918677.1604888216	310.4938386231659	3.39	23:27:53
1126.4%	2816000	8638.999999908156	-2917606.5354888216	309.94041991788566	3.4	23:31:10
1126.8%	2817000	8642.99999990897	-2917845.8479888216	310.98452674624167	3.4	23:34:24
1127.2%	2818000	8646.999999909785	-2918981.9104888216	311.0167231882861	3.41	23:37:21
1127.6%	2819000	8650.9999999106	-2920127.0354888216	310.24283123468683	3.41	23:40:14
1128.0%	2820000	8654.999999911415	-2921039.3479888216	311.3435465480467	3.41	23:43:00
1128.4%	2821000	8658.99999991223	-2919012.9729888216	310.0920303039117	3.42	23:45:41
1128.8%	2822000	8662.999999913045	-2920000.5979888216	311.18589470091695	3.42	23:48:17
1129.2%	2823000	8666.99999991386	-2921115.0354888216	310.754570820494	3.42	23:50:42
1129.6%	2824000	8670.999999914675	-2919448.5979888216	311.08372668836876	3.43	23:53:01
1130.0%	2825000	8674.99999991549	-2915069.7229888216	310.903152067824	3.43	23:55:09
1130.4%	2826000	8678.999999916305	-2915922.9729888216	311.25357569607434	3.43	23:57:15
1130.8%	2827000	8682.99999991712	-2917834.4104888216	311.2459527070336	3.44	23:59:22
1131.2%	2828000	8686.999999917934	-2921021.8479888216	309.39347520575996	3.44	1:30
1131.6%	2829000	8690.99999991875	-2914303.4729888216	311.0968815613852	3.44	3:29
1132.0%	2830000	8694.999999919564	-2915400.7854888216	309.6411163848106	3.44	5:33
1132.4%	2831000	8698.99999992038	-2913360.2229888216	310.9783671852943	3.45	7:23
1132.8%	2832000	8702.999999921194	-2916456.0354888216	311.12971844063173	3.45	9:16
1133.2%	2833000	8706.999999922009	-2917917.1604888216	309.89438379330807	3.45	11:00
1133.6%	2834000	8710.999999922824	-2918647.0979888216	310.06219804256193	3.46	12:43
1134.0%	2835000	8714.999999923639	-2914951.7229888216	310.5158313253303	3.46	14:21
1134.4%	2836000	8718.999999924454	-2918147.9104888216	310.86483318854476	3.46	15:58
1134.8%	2837000	8722.999999925269	-2916583.3479888216	311.3537500963499	3.46	17:34
1135.2%	2838000	8726.999999926084	-2919329.1604888216	311.0665743156278	3.47	19:04
1135.6%	2839000	8730.999999926898	-2920536.9104888216	310.3144477962456	3.47	20:21
1136.0%	2840000	8734.999999927713	-2916966.0979888216	309.86436645854064	3.47	21:41
1136.4%	2841000	8738.999999928528	-2914979.8479888216	311.46028057197253	3.47	22:58
1136.8%	2842000	8742.999999929343	-2917253.4104888216	310.7953732380055	3.48	24:13
1137.2%	2843000	8746.999999930158	-2914468.5979888216	310.35653024289314	3.48	25:32
1137.6%	2844000	8750.999999930973	-2915182.9104888216	310.1454417494578	3.48	26:36
1138.0%	2845000	8754.999999931788	-2915121.4104888216	310.3344049989228	3.48	27:46
1138.4%	2846000	8758.999999932603	-2917594.8479888216	310.3798443250822	3.48	28:54
1138.8%	2847000	8762.999999933418	-2915587.8479888216	310.88424839530944	3.49	30:06
1139.2%	2848000	8766.999999934233	-2918048.9729888216	310.48212433517125	3.49	31:11
1139.6%	2849000	8770.999999935048	-2915539.9729888216	311.1067291041801	3.49	32:12
1140.0%	2850000	8774.999999935862	-2916894.8479888216	309.60963936117446	3.49	33:03
1140.4%	2851000	8778.999999936677	-2917852.9729888216	311.0829512756316	3.5	33:55
1140.8%	2852000	8782.999999937492	-2917938.7854888216	309.99504351188733	3.5	34:45
1141.2%	2853000	8786.999999938307	-2917788.2854888216	310.0638186067433	3.5	35:37
1141.6%	2854000	8790.999999939122	-2916330.0979888216	310.0666912953828	3.5	36:22
1142.0%	2855000	8794.999999939937	-2918877.5979888216	311.3988473527118	3.5	37:05
1142.4%	2856000	8798.999999940752	-2915946.5979888216	309.85445526792586	3.51	37:46
1142.8%	2857000	8802.999999941567	-2920385.0979888216	310.18550732120065	3.51	38:25
1143.2%	2858000	8806.999999942382	-2919019.9729888216	311.11989925175794	3.51	39:08
1143.6%	2859000	8810.999999943197	-2918481.2229888216	310.2559847786054	3.51	39:43
1144.0%	2860000	8814.999999944012	-2920031.6604888216	311.01998864843114	3.51	40:22
1144.4%	2861000	8818.999999944826	-2917514.9104888216	310.98804918397434	3.51	41:00
1144.8%	2862000	8822.999999945641	-2919214.5979888216	310.4891018769995	3.52	41:28
1145.2%	2863000	8826.999999946456	-2919062.0979888216	309.93362769204145	3.52	42:03
1145.6%	2864000	8830.999999947271	-2916880.5354888216	309.88110824963155	3.52	42:31
1146.0%	2865000	8834.999999948086	-2917922.8479888216	309.88358285187735	3.52	42:59
1146.4%	2866000	8838.999999948901	-2916236.4729888216	310.7689432790119	3.52	43:33
1146.8%	2867000	8842.999999949716	-2915871.1604888216	312.65397016438277	3.53	44:05
1147.2%	2868000	8846.99999995053	-2919066.3479888216	310.55816233889595	3.53	44:29
1147.6%	2869000	8850.999999951346	-2915440.7229888216	310.1613675690746	3.53	44:56
1148.0%	2870000	8854.99999995216	-2918258.7854888216	309.8329854471622	3.53	45:29
1148.4%	2871000	8858.999999952975	-2917454.2854888216	310.89381469657434	3.53	45:55
1148.8%	2872000	8862.99999995379	-2917893.0979888216	311.06809299820947	3.53	46:15
1149.2%	2873000	8866.999999954605	-2912563.6604888216	310.68063836581604	3.54	46:41
1149.6%	2874000	8870.99999995542	-2915223.1604888216	311.31753102747103	3.54	47:01
1150.0%	2875000	8874.999999956235	-2913536.0354888216	310.2824031382644	3.54	47:23
