/home/charmm-gui/www/../data/www/8190629385/ppm_6a35ffee39ac0.pdb               
heteroatoms excluded
atom not in library: CAY  A LEU     1
atom not in library: CY   A LEU     1
atom not in library: OY   A LEU     1
atom not in library: NT   A ASN   109
atom not in library: CAY  B SER   110
atom not in library: CY   B SER   110
atom not in library: OY   B SER   110
atom not in library: NT   B LYS   185
atom not in library: CAY  C GLN   186
atom not in library: CY   C GLN   186
atom not in library: OY   C GLN   186
atom not in library: NT   C ARG   266
atom not in library: CAY  D MET     1
atom not in library: CY   D MET     1
atom not in library: OY   D MET     1
atom not in library: NT   D LYS    29
atom not in library: CAY  E ALA    30
atom not in library: CY   E ALA    30
atom not in library: OY   E ALA    30
atom not in library: NT   E ASP   111
atom not in library: CAY  F SER   112
atom not in library: CY   F SER   112
atom not in library: OY   F SER   112
atom not in library: NT   F VAL   246
atom not in library: CAY  G GLU     1
atom not in library: CY   G GLU     1
atom not in library: OY   G GLU     1
atom not in library: NT   G ASP   289
atom not in library: CAY  H PHE   290
atom not in library: CY   H PHE   290
atom not in library: OY   H PHE   290
atom not in library: NT   H ASN   338
atom not in library: CAY  I MET     1
atom not in library: CY   I MET     1
atom not in library: OY   I MET     1
atom not in library: NT   I ASP    36
atom not in library: CAY  J LEU    37
atom not in library: CY   J LEU    37
atom not in library: OY   J LEU    37
atom not in library: NT   J LEU    71
Initial optimiz. in hydrocarbon slab with approximate energy functions:
emin=   -98.3 slab thickn.=    35.0
    8 possible transmembrane secondary structure segments
   1 A    3   27  25
   2 A   28   59  32
   3 A   68  104  37
   4 B  112  141  30
   5 B  155  183  29
   6 C  188  222  35
   7 C  227  260  34
   8 J   65   69   5
Possible transmembrane protein, checking... 
N interact. lipids:  35
#/hom;A; 25;1-19,33-55,57-58,61,69-95
#/hom;B; 20;114-135,151,155-178,180
#/hom;C; 15;196-218,221,233-256,264
#/hom;D; 72;1
#/hom;J; 25;65-71
A   3  19    33.  -15.1
A  33  58    25.  -11.8
A  71  93    29.   -4.4
B 114 134     1.  -16.6
B 155 178    23.  -14.9
C 197 218    13.  -11.7
C 233 255    15.   -9.8
J  65  69    20.   -1.1
TMH contribution:   -85.3
Subunit A    21.
Subunit B    11.
Subunit C    10.
Subunit J    20.
Tilt angle:    4.0
/home/char emin=   -66.7 thickn= 31.0+- 0.8 tilt=     4.+-    1.
